\BOOKMARK [0][-]{chapter.1}{\376\377\0001\000\040\000s\000v\000Z\000e\000r\000o\000D\000S\000o\000l\000v\000e\000r}{}% 1
\BOOKMARK [1][-]{section.1.1}{\376\377\0001\000.\0001\000\040\000B\000a\000c\000k\000g\000r\000o\000u\000n\000d}{chapter.1}% 2
\BOOKMARK [1][-]{section.1.2}{\376\377\0001\000.\0002\000\040\000A\000r\000c\000h\000i\000t\000e\000c\000t\000u\000r\000e}{chapter.1}% 3
\BOOKMARK [2][-]{subsection.1.2.1}{\376\377\0001\000.\0002\000.\0001\000\040\000M\000o\000d\000e\000l}{section.1.2}% 4
\BOOKMARK [2][-]{subsection.1.2.2}{\376\377\0001\000.\0002\000.\0002\000\040\000A\000l\000g\000e\000b\000r\000a}{section.1.2}% 5
\BOOKMARK [2][-]{subsection.1.2.3}{\376\377\0001\000.\0002\000.\0003\000\040\000I\000n\000p\000u\000t\000/\000o\000u\000t\000p\000u\000t}{section.1.2}% 6
\BOOKMARK [1][-]{section.1.3}{\376\377\0001\000.\0003\000\040\000B\000u\000i\000l\000d\000\040\000s\000v\000Z\000e\000r\000o\000D\000S\000o\000l\000v\000e\000r}{chapter.1}% 7
\BOOKMARK [2][-]{subsection.1.3.1}{\376\377\0001\000.\0003\000.\0001\000\040\000I\000n\000s\000t\000a\000l\000l\000\040\000d\000e\000p\000e\000n\000d\000e\000n\000c\000i\000e\000s\000\040\000o\000n\000\040\000m\000a\000c\000O\000S}{section.1.3}% 8
\BOOKMARK [2][-]{subsection.1.3.2}{\376\377\0001\000.\0003\000.\0002\000\040\000I\000n\000s\000t\000a\000l\000l\000\040\000d\000e\000p\000e\000n\000d\000e\000n\000c\000i\000e\000s\000\040\000o\000n\000\040\000L\000i\000n\000u\000x}{section.1.3}% 9
\BOOKMARK [2][-]{subsection.1.3.3}{\376\377\0001\000.\0003\000.\0003\000\040\000B\000u\000i\000l\000d\000\040\000i\000n\000\040\000d\000e\000b\000u\000g\000\040\000m\000o\000d\000e}{section.1.3}% 10
\BOOKMARK [2][-]{subsection.1.3.4}{\376\377\0001\000.\0003\000.\0004\000\040\000B\000u\000i\000l\000d\000\040\000i\000n\000\040\000r\000e\000l\000e\000a\000s\000e\000\040\000m\000o\000d\000e}{section.1.3}% 11
\BOOKMARK [1][-]{section.1.4}{\376\377\0001\000.\0004\000\040\000R\000u\000n\000\040\000s\000v\000Z\000e\000r\000o\000D\000S\000o\000l\000v\000e\000r}{chapter.1}% 12
\BOOKMARK [2][-]{subsection.1.4.1}{\376\377\0001\000.\0004\000.\0001\000\040\000S\000i\000m\000u\000l\000a\000t\000i\000o\000n\000\040\000p\000a\000r\000a\000m\000e\000t\000e\000r\000s}{section.1.4}% 13
\BOOKMARK [0][-]{chapter.2}{\376\377\0002\000\040\000L\000I\000C\000E\000N\000S\000E}{}% 14
\BOOKMARK [0][-]{chapter.3}{\376\377\0003\000\040\000A\000b\000o\000u\000t\000\040\000s\000v\000Z\000e\000r\000o\000D\000S\000o\000l\000v\000e\000r}{}% 15
\BOOKMARK [1][-]{subsubsection.3.0.0.1}{\376\377\0003\000.\0000\000.\0000\000.\0001\000\040\000V\000a\000s\000c\000u\000l\000a\000r\000\040\0000\000D\000\040\000e\000l\000e\000m\000e\000n\000t\000s\000:}{chapter.3}% 16
\BOOKMARK [2][-]{subsubsection.3.0.0.2}{\376\377\0003\000.\0000\000.\0000\000.\0002\000\040\000B\000o\000u\000n\000d\000a\000r\000y\000\040\000c\000o\000n\000d\000i\000t\000i\000o\000n\000s\000:}{subsubsection.3.0.0.1}% 17
\BOOKMARK [2][-]{subsection.3.0.1}{\376\377\0003\000.\0000\000.\0001\000\040\000I\000n\000s\000t\000a\000l\000l\000a\000t\000i\000o\000n}{subsubsection.3.0.0.1}% 18
\BOOKMARK [3][-]{subsubsection.3.0.1.1}{\376\377\0003\000.\0000\000.\0001\000.\0001\000\040\000F\000o\000r\000\040\000C\000o\000n\000t\000r\000i\000b\000u\000t\000e\000r\000s}{subsection.3.0.1}% 19
\BOOKMARK [2][-]{subsection.3.0.2}{\376\377\0003\000.\0000\000.\0002\000\040\000U\000s\000a\000g\000e}{subsubsection.3.0.0.1}% 20
\BOOKMARK [3][-]{subsubsection.3.0.2.1}{\376\377\0003\000.\0000\000.\0002\000.\0001\000\040\000C\000o\000m\000m\000a\000n\000d\000\040\000l\000i\000n\000e}{subsection.3.0.2}% 21
\BOOKMARK [3][-]{subsubsection.3.0.2.2}{\376\377\0003\000.\0000\000.\0002\000.\0002\000\040\000A\000s\000\040\000a\000\040\000p\000y\000t\000h\000o\000n\000\040\000m\000o\000d\000u\000l\000e}{subsection.3.0.2}% 22
\BOOKMARK [0][-]{chapter.4}{\376\377\0004\000\040\000N\000a\000m\000e\000s\000p\000a\000c\000e\000\040\000I\000n\000d\000e\000x}{}% 23
\BOOKMARK [1][-]{section.4.1}{\376\377\0004\000.\0001\000\040\000N\000a\000m\000e\000s\000p\000a\000c\000e\000\040\000L\000i\000s\000t}{chapter.4}% 24
\BOOKMARK [0][-]{chapter.5}{\376\377\0005\000\040\000H\000i\000e\000r\000a\000r\000c\000h\000i\000c\000a\000l\000\040\000I\000n\000d\000e\000x}{}% 25
\BOOKMARK [1][-]{section.5.1}{\376\377\0005\000.\0001\000\040\000C\000l\000a\000s\000s\000\040\000H\000i\000e\000r\000a\000r\000c\000h\000y}{chapter.5}% 26
\BOOKMARK [0][-]{chapter.6}{\376\377\0006\000\040\000C\000l\000a\000s\000s\000\040\000I\000n\000d\000e\000x}{}% 27
\BOOKMARK [1][-]{section.6.1}{\376\377\0006\000.\0001\000\040\000C\000l\000a\000s\000s\000\040\000L\000i\000s\000t}{chapter.6}% 28
\BOOKMARK [0][-]{chapter.7}{\376\377\0007\000\040\000F\000i\000l\000e\000\040\000I\000n\000d\000e\000x}{}% 29
\BOOKMARK [1][-]{section.7.1}{\376\377\0007\000.\0001\000\040\000F\000i\000l\000e\000\040\000L\000i\000s\000t}{chapter.7}% 30
\BOOKMARK [0][-]{chapter.8}{\376\377\0008\000\040\000N\000a\000m\000e\000s\000p\000a\000c\000e\000\040\000D\000o\000c\000u\000m\000e\000n\000t\000a\000t\000i\000o\000n}{}% 31
\BOOKMARK [1][-]{section.8.1}{\376\377\0008\000.\0001\000\040\000A\000L\000G\000E\000B\000R\000A\000\040\000N\000a\000m\000e\000s\000p\000a\000c\000e\000\040\000R\000e\000f\000e\000r\000e\000n\000c\000e}{chapter.8}% 32
\BOOKMARK [2][-]{subsection.8.1.1}{\376\377\0008\000.\0001\000.\0001\000\040\000D\000e\000t\000a\000i\000l\000e\000d\000\040\000D\000e\000s\000c\000r\000i\000p\000t\000i\000o\000n}{section.8.1}% 33
\BOOKMARK [1][-]{section.8.2}{\376\377\0008\000.\0002\000\040\000H\000E\000L\000P\000E\000R\000S\000\040\000N\000a\000m\000e\000s\000p\000a\000c\000e\000\040\000R\000e\000f\000e\000r\000e\000n\000c\000e}{chapter.8}% 34
\BOOKMARK [2][-]{subsection.8.2.1}{\376\377\0008\000.\0002\000.\0001\000\040\000D\000e\000t\000a\000i\000l\000e\000d\000\040\000D\000e\000s\000c\000r\000i\000p\000t\000i\000o\000n}{section.8.2}% 35
\BOOKMARK [2][-]{subsection.8.2.2}{\376\377\0008\000.\0002\000.\0002\000\040\000F\000u\000n\000c\000t\000i\000o\000n\000\040\000D\000o\000c\000u\000m\000e\000n\000t\000a\000t\000i\000o\000n}{section.8.2}% 36
\BOOKMARK [3][-]{subsubsection.8.2.2.1}{\376\377\0008\000.\0002\000.\0002\000.\0001\000\040\000e\000n\000d\000s\000w\000i\000t\000h\000\050\000\051}{subsection.8.2.2}% 37
\BOOKMARK [3][-]{subsubsection.8.2.2.2}{\376\377\0008\000.\0002\000.\0002\000.\0002\000\040\000s\000t\000a\000r\000t\000s\000w\000i\000t\000h\000\050\000\051}{subsection.8.2.2}% 38
\BOOKMARK [1][-]{section.8.3}{\376\377\0008\000.\0003\000\040\000I\000O\000\040\000N\000a\000m\000e\000s\000p\000a\000c\000e\000\040\000R\000e\000f\000e\000r\000e\000n\000c\000e}{chapter.8}% 39
\BOOKMARK [2][-]{subsection.8.3.1}{\376\377\0008\000.\0003\000.\0001\000\040\000D\000e\000t\000a\000i\000l\000e\000d\000\040\000D\000e\000s\000c\000r\000i\000p\000t\000i\000o\000n}{section.8.3}% 40
\BOOKMARK [2][-]{subsection.8.3.2}{\376\377\0008\000.\0003\000.\0002\000\040\000F\000u\000n\000c\000t\000i\000o\000n\000\040\000D\000o\000c\000u\000m\000e\000n\000t\000a\000t\000i\000o\000n}{section.8.3}% 41
\BOOKMARK [3][-]{subsubsection.8.3.2.1}{\376\377\0008\000.\0003\000.\0002\000.\0001\000\040\000w\000r\000i\000t\000e\000\137\000c\000s\000v\000\050\000\051}{subsection.8.3.2}% 42
\BOOKMARK [3][-]{subsubsection.8.3.2.2}{\376\377\0008\000.\0003\000.\0002\000.\0002\000\040\000w\000r\000i\000t\000e\000\137\000j\000s\000o\000n\000\050\000\051}{subsection.8.3.2}% 43
\BOOKMARK [1][-]{section.8.4}{\376\377\0008\000.\0004\000\040\000M\000O\000D\000E\000L\000\040\000N\000a\000m\000e\000s\000p\000a\000c\000e\000\040\000R\000e\000f\000e\000r\000e\000n\000c\000e}{chapter.8}% 44
\BOOKMARK [2][-]{subsection.8.4.1}{\376\377\0008\000.\0004\000.\0001\000\040\000D\000e\000t\000a\000i\000l\000e\000d\000\040\000D\000e\000s\000c\000r\000i\000p\000t\000i\000o\000n}{section.8.4}% 45
\BOOKMARK [0][-]{chapter.9}{\376\377\0009\000\040\000C\000l\000a\000s\000s\000\040\000D\000o\000c\000u\000m\000e\000n\000t\000a\000t\000i\000o\000n}{}% 46
\BOOKMARK [1][-]{section.9.1}{\376\377\0009\000.\0001\000\040\000M\000O\000D\000E\000L\000:\000:\000B\000l\000o\000c\000k\000<\000\040\000T\000\040\000>\000\040\000C\000l\000a\000s\000s\000\040\000T\000e\000m\000p\000l\000a\000t\000e\000\040\000R\000e\000f\000e\000r\000e\000n\000c\000e}{chapter.9}% 47
\BOOKMARK [2][-]{subsection.9.1.1}{\376\377\0009\000.\0001\000.\0001\000\040\000D\000e\000t\000a\000i\000l\000e\000d\000\040\000D\000e\000s\000c\000r\000i\000p\000t\000i\000o\000n}{section.9.1}% 48
\BOOKMARK [2][-]{subsection.9.1.2}{\376\377\0009\000.\0001\000.\0002\000\040\000C\000o\000n\000s\000t\000r\000u\000c\000t\000o\000r\000\040\000\046\000\040\000D\000e\000s\000t\000r\000u\000c\000t\000o\000r\000\040\000D\000o\000c\000u\000m\000e\000n\000t\000a\000t\000i\000o\000n}{section.9.1}% 49
\BOOKMARK [3][-]{subsubsection.9.1.2.1}{\376\377\0009\000.\0001\000.\0002\000.\0001\000\040\000B\000l\000o\000c\000k\000\050\000\051\000\040\000[\0001\000/\0002\000]}{subsection.9.1.2}% 50
\BOOKMARK [3][-]{subsubsection.9.1.2.2}{\376\377\0009\000.\0001\000.\0002\000.\0002\000\040\000B\000l\000o\000c\000k\000\050\000\051\000\040\000[\0002\000/\0002\000]}{subsection.9.1.2}% 51
\BOOKMARK [3][-]{subsubsection.9.1.2.3}{\376\377\0009\000.\0001\000.\0002\000.\0003\000\040\000\040\000B\000l\000o\000c\000k\000\050\000\051}{subsection.9.1.2}% 52
\BOOKMARK [2][-]{subsection.9.1.3}{\376\377\0009\000.\0001\000.\0003\000\040\000M\000e\000m\000b\000e\000r\000\040\000F\000u\000n\000c\000t\000i\000o\000n\000\040\000D\000o\000c\000u\000m\000e\000n\000t\000a\000t\000i\000o\000n}{section.9.1}% 53
\BOOKMARK [3][-]{subsubsection.9.1.3.1}{\376\377\0009\000.\0001\000.\0003\000.\0001\000\040\000s\000e\000t\000u\000p\000\137\000d\000o\000f\000s\000\050\000\051}{subsection.9.1.3}% 54
\BOOKMARK [3][-]{subsubsection.9.1.3.2}{\376\377\0009\000.\0001\000.\0003\000.\0002\000\040\000s\000e\000t\000u\000p\000\137\000d\000o\000f\000s\000\137\000\050\000\051}{subsection.9.1.3}% 55
\BOOKMARK [3][-]{subsubsection.9.1.3.3}{\376\377\0009\000.\0001\000.\0003\000.\0003\000\040\000t\000o\000\137\000s\000t\000e\000a\000d\000y\000\050\000\051}{subsection.9.1.3}% 56
\BOOKMARK [3][-]{subsubsection.9.1.3.4}{\376\377\0009\000.\0001\000.\0003\000.\0004\000\040\000u\000p\000d\000a\000t\000e\000\137\000c\000o\000n\000s\000t\000a\000n\000t\000\050\000\051\000\040\000[\0001\000/\0002\000]}{subsection.9.1.3}% 57
\BOOKMARK [3][-]{subsubsection.9.1.3.5}{\376\377\0009\000.\0001\000.\0003\000.\0005\000\040\000u\000p\000d\000a\000t\000e\000\137\000c\000o\000n\000s\000t\000a\000n\000t\000\050\000\051\000\040\000[\0002\000/\0002\000]}{subsection.9.1.3}% 58
\BOOKMARK [3][-]{subsubsection.9.1.3.6}{\376\377\0009\000.\0001\000.\0003\000.\0006\000\040\000u\000p\000d\000a\000t\000e\000\137\000s\000o\000l\000u\000t\000i\000o\000n\000\050\000\051\000\040\000[\0001\000/\0002\000]}{subsection.9.1.3}% 59
\BOOKMARK [3][-]{subsubsection.9.1.3.7}{\376\377\0009\000.\0001\000.\0003\000.\0007\000\040\000u\000p\000d\000a\000t\000e\000\137\000s\000o\000l\000u\000t\000i\000o\000n\000\050\000\051\000\040\000[\0002\000/\0002\000]}{subsection.9.1.3}% 60
\BOOKMARK [3][-]{subsubsection.9.1.3.8}{\376\377\0009\000.\0001\000.\0003\000.\0008\000\040\000u\000p\000d\000a\000t\000e\000\137\000t\000i\000m\000e\000\050\000\051\000\040\000[\0001\000/\0002\000]}{subsection.9.1.3}% 61
\BOOKMARK [3][-]{subsubsection.9.1.3.9}{\376\377\0009\000.\0001\000.\0003\000.\0009\000\040\000u\000p\000d\000a\000t\000e\000\137\000t\000i\000m\000e\000\050\000\051\000\040\000[\0002\000/\0002\000]}{subsection.9.1.3}% 62
\BOOKMARK [2][-]{subsection.9.1.4}{\376\377\0009\000.\0001\000.\0004\000\040\000M\000e\000m\000b\000e\000r\000\040\000D\000a\000t\000a\000\040\000D\000o\000c\000u\000m\000e\000n\000t\000a\000t\000i\000o\000n}{section.9.1}% 63
\BOOKMARK [3][-]{subsubsection.9.1.4.1}{\376\377\0009\000.\0001\000.\0004\000.\0001\000\040\000g\000l\000o\000b\000a\000l\000\137\000e\000q\000n\000\137\000i\000d\000s}{subsection.9.1.4}% 64
\BOOKMARK [3][-]{subsubsection.9.1.4.2}{\376\377\0009\000.\0001\000.\0004\000.\0002\000\040\000g\000l\000o\000b\000a\000l\000\137\000v\000a\000r\000\137\000i\000d\000s}{subsection.9.1.4}% 65
\BOOKMARK [3][-]{subsubsection.9.1.4.3}{\376\377\0009\000.\0001\000.\0004\000.\0003\000\040\000i\000n\000l\000e\000t\000\137\000n\000o\000d\000e\000s}{subsection.9.1.4}% 66
\BOOKMARK [3][-]{subsubsection.9.1.4.4}{\376\377\0009\000.\0001\000.\0004\000.\0004\000\040\000n\000a\000m\000e}{subsection.9.1.4}% 67
\BOOKMARK [3][-]{subsubsection.9.1.4.5}{\376\377\0009\000.\0001\000.\0004\000.\0005\000\040\000n\000u\000m\000\137\000t\000r\000i\000p\000l\000e\000t\000s}{subsection.9.1.4}% 68
\BOOKMARK [3][-]{subsubsection.9.1.4.6}{\376\377\0009\000.\0001\000.\0004\000.\0006\000\040\000o\000u\000t\000l\000e\000t\000\137\000n\000o\000d\000e\000s}{subsection.9.1.4}% 69
\BOOKMARK [1][-]{section.9.2}{\376\377\0009\000.\0002\000\040\000M\000O\000D\000E\000L\000:\000:\000B\000l\000o\000o\000d\000V\000e\000s\000s\000e\000l\000<\000\040\000T\000\040\000>\000\040\000C\000l\000a\000s\000s\000\040\000T\000e\000m\000p\000l\000a\000t\000e\000\040\000R\000e\000f\000e\000r\000e\000n\000c\000e}{chapter.9}% 70
\BOOKMARK [2][-]{subsection.9.2.1}{\376\377\0009\000.\0002\000.\0001\000\040\000D\000e\000t\000a\000i\000l\000e\000d\000\040\000D\000e\000s\000c\000r\000i\000p\000t\000i\000o\000n}{section.9.2}% 71
\BOOKMARK [2][-]{subsection.9.2.2}{\376\377\0009\000.\0002\000.\0002\000\040\000C\000o\000n\000s\000t\000r\000u\000c\000t\000o\000r\000\040\000\046\000\040\000D\000e\000s\000t\000r\000u\000c\000t\000o\000r\000\040\000D\000o\000c\000u\000m\000e\000n\000t\000a\000t\000i\000o\000n}{section.9.2}% 72
\BOOKMARK [3][-]{subsubsection.9.2.2.1}{\376\377\0009\000.\0002\000.\0002\000.\0001\000\040\000B\000l\000o\000o\000d\000V\000e\000s\000s\000e\000l\000\050\000\051}{subsection.9.2.2}% 73
\BOOKMARK [3][-]{subsubsection.9.2.2.2}{\376\377\0009\000.\0002\000.\0002\000.\0002\000\040\000\040\000B\000l\000o\000o\000d\000V\000e\000s\000s\000e\000l\000\050\000\051}{subsection.9.2.2}% 74
\BOOKMARK [2][-]{subsection.9.2.3}{\376\377\0009\000.\0002\000.\0003\000\040\000M\000e\000m\000b\000e\000r\000\040\000F\000u\000n\000c\000t\000i\000o\000n\000\040\000D\000o\000c\000u\000m\000e\000n\000t\000a\000t\000i\000o\000n}{section.9.2}% 75
\BOOKMARK [3][-]{subsubsection.9.2.3.1}{\376\377\0009\000.\0002\000.\0003\000.\0001\000\040\000s\000e\000t\000u\000p\000\137\000d\000o\000f\000s\000\050\000\051}{subsection.9.2.3}% 76
\BOOKMARK [3][-]{subsubsection.9.2.3.2}{\376\377\0009\000.\0002\000.\0003\000.\0002\000\040\000u\000p\000d\000a\000t\000e\000\137\000c\000o\000n\000s\000t\000a\000n\000t\000\050\000\051\000\040\000[\0001\000/\0002\000]}{subsection.9.2.3}% 77
\BOOKMARK [3][-]{subsubsection.9.2.3.3}{\376\377\0009\000.\0002\000.\0003\000.\0003\000\040\000u\000p\000d\000a\000t\000e\000\137\000c\000o\000n\000s\000t\000a\000n\000t\000\050\000\051\000\040\000[\0002\000/\0002\000]}{subsection.9.2.3}% 78
\BOOKMARK [3][-]{subsubsection.9.2.3.4}{\376\377\0009\000.\0002\000.\0003\000.\0004\000\040\000u\000p\000d\000a\000t\000e\000\137\000s\000o\000l\000u\000t\000i\000o\000n\000\050\000\051\000\040\000[\0001\000/\0002\000]}{subsection.9.2.3}% 79
\BOOKMARK [3][-]{subsubsection.9.2.3.5}{\376\377\0009\000.\0002\000.\0003\000.\0005\000\040\000u\000p\000d\000a\000t\000e\000\137\000s\000o\000l\000u\000t\000i\000o\000n\000\050\000\051\000\040\000[\0002\000/\0002\000]}{subsection.9.2.3}% 80
\BOOKMARK [2][-]{subsection.9.2.4}{\376\377\0009\000.\0002\000.\0004\000\040\000M\000e\000m\000b\000e\000r\000\040\000D\000a\000t\000a\000\040\000D\000o\000c\000u\000m\000e\000n\000t\000a\000t\000i\000o\000n}{section.9.2}% 81
\BOOKMARK [3][-]{subsubsection.9.2.4.1}{\376\377\0009\000.\0002\000.\0004\000.\0001\000\040\000n\000u\000m\000\137\000t\000r\000i\000p\000l\000e\000t\000s}{subsection.9.2.4}% 82
\BOOKMARK [1][-]{section.9.3}{\376\377\0009\000.\0003\000\040\000M\000O\000D\000E\000L\000:\000:\000C\000l\000o\000s\000e\000d\000L\000o\000o\000p\000H\000e\000a\000r\000t\000P\000u\000l\000m\000o\000n\000a\000r\000y\000<\000\040\000T\000\040\000>\000\040\000C\000l\000a\000s\000s\000\040\000T\000e\000m\000p\000l\000a\000t\000e\000\040\000R\000e\000f\000e\000r\000e\000n\000c\000e}{chapter.9}% 83
\BOOKMARK [2][-]{subsection.9.3.1}{\376\377\0009\000.\0003\000.\0001\000\040\000D\000e\000t\000a\000i\000l\000e\000d\000\040\000D\000e\000s\000c\000r\000i\000p\000t\000i\000o\000n}{section.9.3}% 84
\BOOKMARK [2][-]{subsection.9.3.2}{\376\377\0009\000.\0003\000.\0002\000\040\000C\000o\000n\000s\000t\000r\000u\000c\000t\000o\000r\000\040\000\046\000\040\000D\000e\000s\000t\000r\000u\000c\000t\000o\000r\000\040\000D\000o\000c\000u\000m\000e\000n\000t\000a\000t\000i\000o\000n}{section.9.3}% 85
\BOOKMARK [3][-]{subsubsection.9.3.2.1}{\376\377\0009\000.\0003\000.\0002\000.\0001\000\040\000C\000l\000o\000s\000e\000d\000L\000o\000o\000p\000H\000e\000a\000r\000t\000P\000u\000l\000m\000o\000n\000a\000r\000y\000\050\000\051}{subsection.9.3.2}% 86
\BOOKMARK [3][-]{subsubsection.9.3.2.2}{\376\377\0009\000.\0003\000.\0002\000.\0002\000\040\000\040\000C\000l\000o\000s\000e\000d\000L\000o\000o\000p\000H\000e\000a\000r\000t\000P\000u\000l\000m\000o\000n\000a\000r\000y\000\050\000\051}{subsection.9.3.2}% 87
\BOOKMARK [2][-]{subsection.9.3.3}{\376\377\0009\000.\0003\000.\0003\000\040\000M\000e\000m\000b\000e\000r\000\040\000F\000u\000n\000c\000t\000i\000o\000n\000\040\000D\000o\000c\000u\000m\000e\000n\000t\000a\000t\000i\000o\000n}{section.9.3}% 88
\BOOKMARK [3][-]{subsubsection.9.3.3.1}{\376\377\0009\000.\0003\000.\0003\000.\0001\000\040\000g\000e\000t\000\137\000a\000c\000t\000i\000v\000a\000t\000i\000o\000n\000\137\000a\000n\000d\000\137\000e\000l\000a\000s\000t\000a\000n\000c\000e\000\137\000f\000u\000n\000c\000t\000i\000o\000n\000s\000\050\000\051}{subsection.9.3.3}% 89
\BOOKMARK [3][-]{subsubsection.9.3.3.2}{\376\377\0009\000.\0003\000.\0003\000.\0002\000\040\000s\000e\000t\000u\000p\000\137\000d\000o\000f\000s\000\050\000\051}{subsection.9.3.3}% 90
\BOOKMARK [3][-]{subsubsection.9.3.3.3}{\376\377\0009\000.\0003\000.\0003\000.\0003\000\040\000u\000p\000d\000a\000t\000e\000\137\000c\000o\000n\000s\000t\000a\000n\000t\000\050\000\051\000\040\000[\0001\000/\0002\000]}{subsection.9.3.3}% 91
\BOOKMARK [3][-]{subsubsection.9.3.3.4}{\376\377\0009\000.\0003\000.\0003\000.\0004\000\040\000u\000p\000d\000a\000t\000e\000\137\000c\000o\000n\000s\000t\000a\000n\000t\000\050\000\051\000\040\000[\0002\000/\0002\000]}{subsection.9.3.3}% 92
\BOOKMARK [3][-]{subsubsection.9.3.3.5}{\376\377\0009\000.\0003\000.\0003\000.\0005\000\040\000u\000p\000d\000a\000t\000e\000\137\000s\000o\000l\000u\000t\000i\000o\000n\000\050\000\051\000\040\000[\0001\000/\0002\000]}{subsection.9.3.3}% 93
\BOOKMARK [3][-]{subsubsection.9.3.3.6}{\376\377\0009\000.\0003\000.\0003\000.\0006\000\040\000u\000p\000d\000a\000t\000e\000\137\000s\000o\000l\000u\000t\000i\000o\000n\000\050\000\051\000\040\000[\0002\000/\0002\000]}{subsection.9.3.3}% 94
\BOOKMARK [3][-]{subsubsection.9.3.3.7}{\376\377\0009\000.\0003\000.\0003\000.\0007\000\040\000u\000p\000d\000a\000t\000e\000\137\000t\000i\000m\000e\000\050\000\051\000\040\000[\0001\000/\0002\000]}{subsection.9.3.3}% 95
\BOOKMARK [3][-]{subsubsection.9.3.3.8}{\376\377\0009\000.\0003\000.\0003\000.\0008\000\040\000u\000p\000d\000a\000t\000e\000\137\000t\000i\000m\000e\000\050\000\051\000\040\000[\0002\000/\0002\000]}{subsection.9.3.3}% 96
\BOOKMARK [2][-]{subsection.9.3.4}{\376\377\0009\000.\0003\000.\0004\000\040\000M\000e\000m\000b\000e\000r\000\040\000D\000a\000t\000a\000\040\000D\000o\000c\000u\000m\000e\000n\000t\000a\000t\000i\000o\000n}{section.9.3}% 97
\BOOKMARK [3][-]{subsubsection.9.3.4.1}{\376\377\0009\000.\0003\000.\0004\000.\0001\000\040\000A\000A}{subsection.9.3.4}% 98
\BOOKMARK [3][-]{subsubsection.9.3.4.2}{\376\377\0009\000.\0003\000.\0004\000.\0002\000\040\000n\000u\000m\000\137\000t\000r\000i\000p\000l\000e\000t\000s}{subsection.9.3.4}% 99
\BOOKMARK [1][-]{section.9.4}{\376\377\0009\000.\0004\000\040\000I\000O\000:\000:\000C\000o\000n\000f\000i\000g\000R\000e\000a\000d\000e\000r\000<\000\040\000T\000\040\000>\000\040\000C\000l\000a\000s\000s\000\040\000T\000e\000m\000p\000l\000a\000t\000e\000\040\000R\000e\000f\000e\000r\000e\000n\000c\000e}{chapter.9}% 100
\BOOKMARK [2][-]{subsection.9.4.1}{\376\377\0009\000.\0004\000.\0001\000\040\000D\000e\000t\000a\000i\000l\000e\000d\000\040\000D\000e\000s\000c\000r\000i\000p\000t\000i\000o\000n}{section.9.4}% 101
\BOOKMARK [2][-]{subsection.9.4.2}{\376\377\0009\000.\0004\000.\0002\000\040\000C\000o\000n\000s\000t\000r\000u\000c\000t\000o\000r\000\040\000\046\000\040\000D\000e\000s\000t\000r\000u\000c\000t\000o\000r\000\040\000D\000o\000c\000u\000m\000e\000n\000t\000a\000t\000i\000o\000n}{section.9.4}% 102
\BOOKMARK [3][-]{subsubsection.9.4.2.1}{\376\377\0009\000.\0004\000.\0002\000.\0001\000\040\000C\000o\000n\000f\000i\000g\000R\000e\000a\000d\000e\000r\000\050\000\051\000\040\000[\0001\000/\0002\000]}{subsection.9.4.2}% 103
\BOOKMARK [3][-]{subsubsection.9.4.2.2}{\376\377\0009\000.\0004\000.\0002\000.\0002\000\040\000C\000o\000n\000f\000i\000g\000R\000e\000a\000d\000e\000r\000\050\000\051\000\040\000[\0002\000/\0002\000]}{subsection.9.4.2}% 104
\BOOKMARK [3][-]{subsubsection.9.4.2.3}{\376\377\0009\000.\0004\000.\0002\000.\0003\000\040\000\040\000C\000o\000n\000f\000i\000g\000R\000e\000a\000d\000e\000r\000\050\000\051}{subsection.9.4.2}% 105
\BOOKMARK [2][-]{subsection.9.4.3}{\376\377\0009\000.\0004\000.\0003\000\040\000M\000e\000m\000b\000e\000r\000\040\000F\000u\000n\000c\000t\000i\000o\000n\000\040\000D\000o\000c\000u\000m\000e\000n\000t\000a\000t\000i\000o\000n}{section.9.4}% 106
\BOOKMARK [3][-]{subsubsection.9.4.3.1}{\376\377\0009\000.\0004\000.\0003\000.\0001\000\040\000g\000e\000t\000\137\000b\000o\000o\000l\000\137\000s\000i\000m\000u\000l\000a\000t\000i\000o\000n\000\137\000p\000a\000r\000a\000m\000e\000t\000e\000r\000\050\000\051\000\040\000[\0001\000/\0002\000]}{subsection.9.4.3}% 107
\BOOKMARK [3][-]{subsubsection.9.4.3.2}{\376\377\0009\000.\0004\000.\0003\000.\0002\000\040\000g\000e\000t\000\137\000b\000o\000o\000l\000\137\000s\000i\000m\000u\000l\000a\000t\000i\000o\000n\000\137\000p\000a\000r\000a\000m\000e\000t\000e\000r\000\050\000\051\000\040\000[\0002\000/\0002\000]}{subsection.9.4.3}% 108
\BOOKMARK [3][-]{subsubsection.9.4.3.3}{\376\377\0009\000.\0004\000.\0003\000.\0003\000\040\000g\000e\000t\000\137\000i\000n\000t\000\137\000s\000i\000m\000u\000l\000a\000t\000i\000o\000n\000\137\000p\000a\000r\000a\000m\000e\000t\000e\000r\000\050\000\051\000\040\000[\0001\000/\0002\000]}{subsection.9.4.3}% 109
\BOOKMARK [3][-]{subsubsection.9.4.3.4}{\376\377\0009\000.\0004\000.\0003\000.\0004\000\040\000g\000e\000t\000\137\000i\000n\000t\000\137\000s\000i\000m\000u\000l\000a\000t\000i\000o\000n\000\137\000p\000a\000r\000a\000m\000e\000t\000e\000r\000\050\000\051\000\040\000[\0002\000/\0002\000]}{subsection.9.4.3}% 110
\BOOKMARK [3][-]{subsubsection.9.4.3.5}{\376\377\0009\000.\0004\000.\0003\000.\0005\000\040\000g\000e\000t\000\137\000m\000o\000d\000e\000l\000\050\000\051}{subsection.9.4.3}% 111
\BOOKMARK [3][-]{subsubsection.9.4.3.6}{\376\377\0009\000.\0004\000.\0003\000.\0006\000\040\000g\000e\000t\000\137\000n\000u\000m\000\137\000t\000i\000m\000e\000\137\000s\000t\000e\000p\000s\000\050\000\051}{subsection.9.4.3}% 112
\BOOKMARK [3][-]{subsubsection.9.4.3.7}{\376\377\0009\000.\0004\000.\0003\000.\0007\000\040\000g\000e\000t\000\137\000s\000c\000a\000l\000a\000r\000\137\000s\000i\000m\000u\000l\000a\000t\000i\000o\000n\000\137\000p\000a\000r\000a\000m\000e\000t\000e\000r\000\050\000\051\000\040\000[\0001\000/\0002\000]}{subsection.9.4.3}% 113
\BOOKMARK [3][-]{subsubsection.9.4.3.8}{\376\377\0009\000.\0004\000.\0003\000.\0008\000\040\000g\000e\000t\000\137\000s\000c\000a\000l\000a\000r\000\137\000s\000i\000m\000u\000l\000a\000t\000i\000o\000n\000\137\000p\000a\000r\000a\000m\000e\000t\000e\000r\000\050\000\051\000\040\000[\0002\000/\0002\000]}{subsection.9.4.3}% 114
\BOOKMARK [3][-]{subsubsection.9.4.3.9}{\376\377\0009\000.\0004\000.\0003\000.\0009\000\040\000g\000e\000t\000\137\000t\000i\000m\000e\000\137\000s\000t\000e\000p\000\137\000s\000i\000z\000e\000\050\000\051}{subsection.9.4.3}% 115
\BOOKMARK [2][-]{subsection.9.4.4}{\376\377\0009\000.\0004\000.\0004\000\040\000M\000e\000m\000b\000e\000r\000\040\000D\000a\000t\000a\000\040\000D\000o\000c\000u\000m\000e\000n\000t\000a\000t\000i\000o\000n}{section.9.4}% 116
\BOOKMARK [3][-]{subsubsection.9.4.4.1}{\376\377\0009\000.\0004\000.\0004\000.\0001\000\040\000c\000a\000r\000d\000i\000a\000c\000\137\000c\000y\000c\000l\000e\000\137\000p\000e\000r\000i\000o\000d}{subsection.9.4.4}% 117
\BOOKMARK [1][-]{section.9.5}{\376\377\0009\000.\0005\000\040\000A\000L\000G\000E\000B\000R\000A\000:\000:\000D\000e\000n\000s\000e\000S\000y\000s\000t\000e\000m\000<\000\040\000T\000\040\000>\000\040\000C\000l\000a\000s\000s\000\040\000T\000e\000m\000p\000l\000a\000t\000e\000\040\000R\000e\000f\000e\000r\000e\000n\000c\000e}{chapter.9}% 118
\BOOKMARK [2][-]{subsection.9.5.1}{\376\377\0009\000.\0005\000.\0001\000\040\000D\000e\000t\000a\000i\000l\000e\000d\000\040\000D\000e\000s\000c\000r\000i\000p\000t\000i\000o\000n}{section.9.5}% 119
\BOOKMARK [2][-]{subsection.9.5.2}{\376\377\0009\000.\0005\000.\0002\000\040\000C\000o\000n\000s\000t\000r\000u\000c\000t\000o\000r\000\040\000\046\000\040\000D\000e\000s\000t\000r\000u\000c\000t\000o\000r\000\040\000D\000o\000c\000u\000m\000e\000n\000t\000a\000t\000i\000o\000n}{section.9.5}% 120
\BOOKMARK [3][-]{subsubsection.9.5.2.1}{\376\377\0009\000.\0005\000.\0002\000.\0001\000\040\000D\000e\000n\000s\000e\000S\000y\000s\000t\000e\000m\000\050\000\051\000\040\000[\0001\000/\0002\000]}{subsection.9.5.2}% 121
\BOOKMARK [3][-]{subsubsection.9.5.2.2}{\376\377\0009\000.\0005\000.\0002\000.\0002\000\040\000D\000e\000n\000s\000e\000S\000y\000s\000t\000e\000m\000\050\000\051\000\040\000[\0002\000/\0002\000]}{subsection.9.5.2}% 122
\BOOKMARK [3][-]{subsubsection.9.5.2.3}{\376\377\0009\000.\0005\000.\0002\000.\0003\000\040\000\040\000D\000e\000n\000s\000e\000S\000y\000s\000t\000e\000m\000\050\000\051}{subsection.9.5.2}% 123
\BOOKMARK [2][-]{subsection.9.5.3}{\376\377\0009\000.\0005\000.\0003\000\040\000M\000e\000m\000b\000e\000r\000\040\000F\000u\000n\000c\000t\000i\000o\000n\000\040\000D\000o\000c\000u\000m\000e\000n\000t\000a\000t\000i\000o\000n}{section.9.5}% 124
\BOOKMARK [3][-]{subsubsection.9.5.3.1}{\376\377\0009\000.\0005\000.\0003\000.\0001\000\040\000r\000e\000s\000e\000r\000v\000e\000\050\000\051}{subsection.9.5.3}% 125
\BOOKMARK [3][-]{subsubsection.9.5.3.2}{\376\377\0009\000.\0005\000.\0003\000.\0002\000\040\000s\000o\000l\000v\000e\000\050\000\051}{subsection.9.5.3}% 126
\BOOKMARK [3][-]{subsubsection.9.5.3.3}{\376\377\0009\000.\0005\000.\0003\000.\0003\000\040\000u\000p\000d\000a\000t\000e\000\137\000j\000a\000c\000o\000b\000i\000a\000n\000\050\000\051}{subsection.9.5.3}% 127
\BOOKMARK [3][-]{subsubsection.9.5.3.4}{\376\377\0009\000.\0005\000.\0003\000.\0004\000\040\000u\000p\000d\000a\000t\000e\000\137\000r\000e\000s\000i\000d\000u\000a\000l\000\050\000\051}{subsection.9.5.3}% 128
\BOOKMARK [2][-]{subsection.9.5.4}{\376\377\0009\000.\0005\000.\0004\000\040\000M\000e\000m\000b\000e\000r\000\040\000D\000a\000t\000a\000\040\000D\000o\000c\000u\000m\000e\000n\000t\000a\000t\000i\000o\000n}{section.9.5}% 129
\BOOKMARK [3][-]{subsubsection.9.5.4.1}{\376\377\0009\000.\0005\000.\0004\000.\0001\000\040\000C}{subsection.9.5.4}% 130
\BOOKMARK [3][-]{subsubsection.9.5.4.2}{\376\377\0009\000.\0005\000.\0004\000.\0002\000\040\000D}{subsection.9.5.4}% 131
\BOOKMARK [3][-]{subsubsection.9.5.4.3}{\376\377\0009\000.\0005\000.\0004\000.\0003\000\040\000d\000y}{subsection.9.5.4}% 132
\BOOKMARK [3][-]{subsubsection.9.5.4.4}{\376\377\0009\000.\0005\000.\0004\000.\0004\000\040\000E}{subsection.9.5.4}% 133
\BOOKMARK [3][-]{subsubsection.9.5.4.5}{\376\377\0009\000.\0005\000.\0004\000.\0005\000\040\000F}{subsection.9.5.4}% 134
\BOOKMARK [3][-]{subsubsection.9.5.4.6}{\376\377\0009\000.\0005\000.\0004\000.\0006\000\040\000j\000a\000c\000o\000b\000i\000a\000n}{subsection.9.5.4}% 135
\BOOKMARK [3][-]{subsubsection.9.5.4.7}{\376\377\0009\000.\0005\000.\0004\000.\0007\000\040\000r\000e\000s\000i\000d\000u\000a\000l}{subsection.9.5.4}% 136
\BOOKMARK [1][-]{section.9.6}{\376\377\0009\000.\0006\000\040\000M\000O\000D\000E\000L\000:\000:\000D\000O\000F\000H\000a\000n\000d\000l\000e\000r\000\040\000C\000l\000a\000s\000s\000\040\000R\000e\000f\000e\000r\000e\000n\000c\000e}{chapter.9}% 137
\BOOKMARK [2][-]{subsection.9.6.1}{\376\377\0009\000.\0006\000.\0001\000\040\000D\000e\000t\000a\000i\000l\000e\000d\000\040\000D\000e\000s\000c\000r\000i\000p\000t\000i\000o\000n}{section.9.6}% 138
\BOOKMARK [2][-]{subsection.9.6.2}{\376\377\0009\000.\0006\000.\0002\000\040\000C\000o\000n\000s\000t\000r\000u\000c\000t\000o\000r\000\040\000\046\000\040\000D\000e\000s\000t\000r\000u\000c\000t\000o\000r\000\040\000D\000o\000c\000u\000m\000e\000n\000t\000a\000t\000i\000o\000n}{section.9.6}% 139
\BOOKMARK [3][-]{subsubsection.9.6.2.1}{\376\377\0009\000.\0006\000.\0002\000.\0001\000\040\000D\000O\000F\000H\000a\000n\000d\000l\000e\000r\000\050\000\051}{subsection.9.6.2}% 140
\BOOKMARK [3][-]{subsubsection.9.6.2.2}{\376\377\0009\000.\0006\000.\0002\000.\0002\000\040\000\040\000D\000O\000F\000H\000a\000n\000d\000l\000e\000r\000\050\000\051}{subsection.9.6.2}% 141
\BOOKMARK [2][-]{subsection.9.6.3}{\376\377\0009\000.\0006\000.\0003\000\040\000M\000e\000m\000b\000e\000r\000\040\000F\000u\000n\000c\000t\000i\000o\000n\000\040\000D\000o\000c\000u\000m\000e\000n\000t\000a\000t\000i\000o\000n}{section.9.6}% 142
\BOOKMARK [3][-]{subsubsection.9.6.3.1}{\376\377\0009\000.\0006\000.\0003\000.\0001\000\040\000r\000e\000g\000i\000s\000t\000e\000r\000\137\000e\000q\000u\000a\000t\000i\000o\000n\000\050\000\051}{subsection.9.6.3}% 143
\BOOKMARK [3][-]{subsubsection.9.6.3.2}{\376\377\0009\000.\0006\000.\0003\000.\0002\000\040\000r\000e\000g\000i\000s\000t\000e\000r\000\137\000v\000a\000r\000i\000a\000b\000l\000e\000\050\000\051}{subsection.9.6.3}% 144
\BOOKMARK [3][-]{subsubsection.9.6.3.3}{\376\377\0009\000.\0006\000.\0003\000.\0003\000\040\000s\000i\000z\000e\000\050\000\051}{subsection.9.6.3}% 145
\BOOKMARK [2][-]{subsection.9.6.4}{\376\377\0009\000.\0006\000.\0004\000\040\000M\000e\000m\000b\000e\000r\000\040\000D\000a\000t\000a\000\040\000D\000o\000c\000u\000m\000e\000n\000t\000a\000t\000i\000o\000n}{section.9.6}% 146
\BOOKMARK [3][-]{subsubsection.9.6.4.1}{\376\377\0009\000.\0006\000.\0004\000.\0001\000\040\000v\000a\000r\000i\000a\000b\000l\000e\000s}{subsection.9.6.4}% 147
\BOOKMARK [1][-]{section.9.7}{\376\377\0009\000.\0007\000\040\000M\000O\000D\000E\000L\000:\000:\000F\000l\000o\000w\000R\000e\000f\000e\000r\000e\000n\000c\000e\000B\000C\000<\000\040\000T\000\040\000>\000\040\000C\000l\000a\000s\000s\000\040\000T\000e\000m\000p\000l\000a\000t\000e\000\040\000R\000e\000f\000e\000r\000e\000n\000c\000e}{chapter.9}% 148
\BOOKMARK [2][-]{subsection.9.7.1}{\376\377\0009\000.\0007\000.\0001\000\040\000D\000e\000t\000a\000i\000l\000e\000d\000\040\000D\000e\000s\000c\000r\000i\000p\000t\000i\000o\000n}{section.9.7}% 149
\BOOKMARK [2][-]{subsection.9.7.2}{\376\377\0009\000.\0007\000.\0002\000\040\000C\000o\000n\000s\000t\000r\000u\000c\000t\000o\000r\000\040\000\046\000\040\000D\000e\000s\000t\000r\000u\000c\000t\000o\000r\000\040\000D\000o\000c\000u\000m\000e\000n\000t\000a\000t\000i\000o\000n}{section.9.7}% 150
\BOOKMARK [3][-]{subsubsection.9.7.2.1}{\376\377\0009\000.\0007\000.\0002\000.\0001\000\040\000F\000l\000o\000w\000R\000e\000f\000e\000r\000e\000n\000c\000e\000B\000C\000\050\000\051}{subsection.9.7.2}% 151
\BOOKMARK [3][-]{subsubsection.9.7.2.2}{\376\377\0009\000.\0007\000.\0002\000.\0002\000\040\000\040\000F\000l\000o\000w\000R\000e\000f\000e\000r\000e\000n\000c\000e\000B\000C\000\050\000\051}{subsection.9.7.2}% 152
\BOOKMARK [2][-]{subsection.9.7.3}{\376\377\0009\000.\0007\000.\0003\000\040\000M\000e\000m\000b\000e\000r\000\040\000F\000u\000n\000c\000t\000i\000o\000n\000\040\000D\000o\000c\000u\000m\000e\000n\000t\000a\000t\000i\000o\000n}{section.9.7}% 153
\BOOKMARK [3][-]{subsubsection.9.7.3.1}{\376\377\0009\000.\0007\000.\0003\000.\0001\000\040\000s\000e\000t\000u\000p\000\137\000d\000o\000f\000s\000\050\000\051}{subsection.9.7.3}% 154
\BOOKMARK [3][-]{subsubsection.9.7.3.2}{\376\377\0009\000.\0007\000.\0003\000.\0002\000\040\000t\000o\000\137\000s\000t\000e\000a\000d\000y\000\050\000\051}{subsection.9.7.3}% 155
\BOOKMARK [3][-]{subsubsection.9.7.3.3}{\376\377\0009\000.\0007\000.\0003\000.\0003\000\040\000u\000p\000d\000a\000t\000e\000\137\000c\000o\000n\000s\000t\000a\000n\000t\000\050\000\051\000\040\000[\0001\000/\0002\000]}{subsection.9.7.3}% 156
\BOOKMARK [3][-]{subsubsection.9.7.3.4}{\376\377\0009\000.\0007\000.\0003\000.\0004\000\040\000u\000p\000d\000a\000t\000e\000\137\000c\000o\000n\000s\000t\000a\000n\000t\000\050\000\051\000\040\000[\0002\000/\0002\000]}{subsection.9.7.3}% 157
\BOOKMARK [3][-]{subsubsection.9.7.3.5}{\376\377\0009\000.\0007\000.\0003\000.\0005\000\040\000u\000p\000d\000a\000t\000e\000\137\000t\000i\000m\000e\000\050\000\051\000\040\000[\0001\000/\0002\000]}{subsection.9.7.3}% 158
\BOOKMARK [3][-]{subsubsection.9.7.3.6}{\376\377\0009\000.\0007\000.\0003\000.\0006\000\040\000u\000p\000d\000a\000t\000e\000\137\000t\000i\000m\000e\000\050\000\051\000\040\000[\0002\000/\0002\000]}{subsection.9.7.3}% 159
\BOOKMARK [2][-]{subsection.9.7.4}{\376\377\0009\000.\0007\000.\0004\000\040\000M\000e\000m\000b\000e\000r\000\040\000D\000a\000t\000a\000\040\000D\000o\000c\000u\000m\000e\000n\000t\000a\000t\000i\000o\000n}{section.9.7}% 160
\BOOKMARK [3][-]{subsubsection.9.7.4.1}{\376\377\0009\000.\0007\000.\0004\000.\0001\000\040\000n\000u\000m\000\137\000t\000r\000i\000p\000l\000e\000t\000s}{subsection.9.7.4}% 161
\BOOKMARK [1][-]{section.9.8}{\376\377\0009\000.\0008\000\040\000A\000L\000G\000E\000B\000R\000A\000:\000:\000I\000n\000t\000e\000g\000r\000a\000t\000o\000r\000<\000\040\000T\000,\000\040\000S\000\040\000>\000\040\000C\000l\000a\000s\000s\000\040\000T\000e\000m\000p\000l\000a\000t\000e\000\040\000R\000e\000f\000e\000r\000e\000n\000c\000e}{chapter.9}% 162
\BOOKMARK [2][-]{subsection.9.8.1}{\376\377\0009\000.\0008\000.\0001\000\040\000D\000e\000t\000a\000i\000l\000e\000d\000\040\000D\000e\000s\000c\000r\000i\000p\000t\000i\000o\000n}{section.9.8}% 163
\BOOKMARK [2][-]{subsection.9.8.2}{\376\377\0009\000.\0008\000.\0002\000\040\000C\000o\000n\000s\000t\000r\000u\000c\000t\000o\000r\000\040\000\046\000\040\000D\000e\000s\000t\000r\000u\000c\000t\000o\000r\000\040\000D\000o\000c\000u\000m\000e\000n\000t\000a\000t\000i\000o\000n}{section.9.8}% 164
\BOOKMARK [3][-]{subsubsection.9.8.2.1}{\376\377\0009\000.\0008\000.\0002\000.\0001\000\040\000I\000n\000t\000e\000g\000r\000a\000t\000o\000r\000\050\000\051}{subsection.9.8.2}% 165
\BOOKMARK [3][-]{subsubsection.9.8.2.2}{\376\377\0009\000.\0008\000.\0002\000.\0002\000\040\000\040\000I\000n\000t\000e\000g\000r\000a\000t\000o\000r\000\050\000\051}{subsection.9.8.2}% 166
\BOOKMARK [2][-]{subsection.9.8.3}{\376\377\0009\000.\0008\000.\0003\000\040\000M\000e\000m\000b\000e\000r\000\040\000F\000u\000n\000c\000t\000i\000o\000n\000\040\000D\000o\000c\000u\000m\000e\000n\000t\000a\000t\000i\000o\000n}{section.9.8}% 167
\BOOKMARK [3][-]{subsubsection.9.8.3.1}{\376\377\0009\000.\0008\000.\0003\000.\0001\000\040\000s\000t\000e\000p\000\050\000\051}{subsection.9.8.3}% 168
\BOOKMARK [1][-]{section.9.9}{\376\377\0009\000.\0009\000\040\000M\000O\000D\000E\000L\000:\000:\000J\000u\000n\000c\000t\000i\000o\000n\000<\000\040\000T\000\040\000>\000\040\000C\000l\000a\000s\000s\000\040\000T\000e\000m\000p\000l\000a\000t\000e\000\040\000R\000e\000f\000e\000r\000e\000n\000c\000e}{chapter.9}% 169
\BOOKMARK [2][-]{subsection.9.9.1}{\376\377\0009\000.\0009\000.\0001\000\040\000D\000e\000t\000a\000i\000l\000e\000d\000\040\000D\000e\000s\000c\000r\000i\000p\000t\000i\000o\000n}{section.9.9}% 170
\BOOKMARK [2][-]{subsection.9.9.2}{\376\377\0009\000.\0009\000.\0002\000\040\000C\000o\000n\000s\000t\000r\000u\000c\000t\000o\000r\000\040\000\046\000\040\000D\000e\000s\000t\000r\000u\000c\000t\000o\000r\000\040\000D\000o\000c\000u\000m\000e\000n\000t\000a\000t\000i\000o\000n}{section.9.9}% 171
\BOOKMARK [3][-]{subsubsection.9.9.2.1}{\376\377\0009\000.\0009\000.\0002\000.\0001\000\040\000J\000u\000n\000c\000t\000i\000o\000n\000\050\000\051}{subsection.9.9.2}% 172
\BOOKMARK [3][-]{subsubsection.9.9.2.2}{\376\377\0009\000.\0009\000.\0002\000.\0002\000\040\000\040\000J\000u\000n\000c\000t\000i\000o\000n\000\050\000\051}{subsection.9.9.2}% 173
\BOOKMARK [2][-]{subsection.9.9.3}{\376\377\0009\000.\0009\000.\0003\000\040\000M\000e\000m\000b\000e\000r\000\040\000F\000u\000n\000c\000t\000i\000o\000n\000\040\000D\000o\000c\000u\000m\000e\000n\000t\000a\000t\000i\000o\000n}{section.9.9}% 174
\BOOKMARK [3][-]{subsubsection.9.9.3.1}{\376\377\0009\000.\0009\000.\0003\000.\0001\000\040\000s\000e\000t\000u\000p\000\137\000d\000o\000f\000s\000\050\000\051}{subsection.9.9.3}% 175
\BOOKMARK [3][-]{subsubsection.9.9.3.2}{\376\377\0009\000.\0009\000.\0003\000.\0002\000\040\000u\000p\000d\000a\000t\000e\000\137\000c\000o\000n\000s\000t\000a\000n\000t\000\050\000\051\000\040\000[\0001\000/\0002\000]}{subsection.9.9.3}% 176
\BOOKMARK [3][-]{subsubsection.9.9.3.3}{\376\377\0009\000.\0009\000.\0003\000.\0003\000\040\000u\000p\000d\000a\000t\000e\000\137\000c\000o\000n\000s\000t\000a\000n\000t\000\050\000\051\000\040\000[\0002\000/\0002\000]}{subsection.9.9.3}% 177
\BOOKMARK [2][-]{subsection.9.9.4}{\376\377\0009\000.\0009\000.\0004\000\040\000M\000e\000m\000b\000e\000r\000\040\000D\000a\000t\000a\000\040\000D\000o\000c\000u\000m\000e\000n\000t\000a\000t\000i\000o\000n}{section.9.9}% 178
\BOOKMARK [3][-]{subsubsection.9.9.4.1}{\376\377\0009\000.\0009\000.\0004\000.\0001\000\040\000n\000u\000m\000\137\000t\000r\000i\000p\000l\000e\000t\000s}{subsection.9.9.4}% 179
\BOOKMARK [1][-]{section.9.10}{\376\377\0009\000.\0001\0000\000\040\000M\000O\000D\000E\000L\000:\000:\000M\000o\000d\000e\000l\000<\000\040\000T\000\040\000>\000\040\000C\000l\000a\000s\000s\000\040\000T\000e\000m\000p\000l\000a\000t\000e\000\040\000R\000e\000f\000e\000r\000e\000n\000c\000e}{chapter.9}% 180
\BOOKMARK [2][-]{subsection.9.10.1}{\376\377\0009\000.\0001\0000\000.\0001\000\040\000D\000e\000t\000a\000i\000l\000e\000d\000\040\000D\000e\000s\000c\000r\000i\000p\000t\000i\000o\000n}{section.9.10}% 181
\BOOKMARK [2][-]{subsection.9.10.2}{\376\377\0009\000.\0001\0000\000.\0002\000\040\000C\000o\000n\000s\000t\000r\000u\000c\000t\000o\000r\000\040\000\046\000\040\000D\000e\000s\000t\000r\000u\000c\000t\000o\000r\000\040\000D\000o\000c\000u\000m\000e\000n\000t\000a\000t\000i\000o\000n}{section.9.10}% 182
\BOOKMARK [3][-]{subsubsection.9.10.2.1}{\376\377\0009\000.\0001\0000\000.\0002\000.\0001\000\040\000M\000o\000d\000e\000l\000\050\000\051}{subsection.9.10.2}% 183
\BOOKMARK [3][-]{subsubsection.9.10.2.2}{\376\377\0009\000.\0001\0000\000.\0002\000.\0002\000\040\000\040\000M\000o\000d\000e\000l\000\050\000\051}{subsection.9.10.2}% 184
\BOOKMARK [2][-]{subsection.9.10.3}{\376\377\0009\000.\0001\0000\000.\0003\000\040\000M\000e\000m\000b\000e\000r\000\040\000F\000u\000n\000c\000t\000i\000o\000n\000\040\000D\000o\000c\000u\000m\000e\000n\000t\000a\000t\000i\000o\000n}{section.9.10}% 185
\BOOKMARK [3][-]{subsubsection.9.10.3.1}{\376\377\0009\000.\0001\0000\000.\0003\000.\0001\000\040\000g\000e\000t\000\137\000n\000u\000m\000\137\000t\000r\000i\000p\000l\000e\000t\000s\000\050\000\051}{subsection.9.10.3}% 186
\BOOKMARK [3][-]{subsubsection.9.10.3.2}{\376\377\0009\000.\0001\0000\000.\0003\000.\0002\000\040\000t\000o\000\137\000s\000t\000e\000a\000d\000y\000\050\000\051}{subsection.9.10.3}% 187
\BOOKMARK [3][-]{subsubsection.9.10.3.3}{\376\377\0009\000.\0001\0000\000.\0003\000.\0003\000\040\000u\000p\000d\000a\000t\000e\000\137\000c\000o\000n\000s\000t\000a\000n\000t\000\050\000\051\000\040\000[\0001\000/\0002\000]}{subsection.9.10.3}% 188
\BOOKMARK [3][-]{subsubsection.9.10.3.4}{\376\377\0009\000.\0001\0000\000.\0003\000.\0004\000\040\000u\000p\000d\000a\000t\000e\000\137\000c\000o\000n\000s\000t\000a\000n\000t\000\050\000\051\000\040\000[\0002\000/\0002\000]}{subsection.9.10.3}% 189
\BOOKMARK [3][-]{subsubsection.9.10.3.5}{\376\377\0009\000.\0001\0000\000.\0003\000.\0005\000\040\000u\000p\000d\000a\000t\000e\000\137\000s\000o\000l\000u\000t\000i\000o\000n\000\050\000\051\000\040\000[\0001\000/\0002\000]}{subsection.9.10.3}% 190
\BOOKMARK [3][-]{subsubsection.9.10.3.6}{\376\377\0009\000.\0001\0000\000.\0003\000.\0006\000\040\000u\000p\000d\000a\000t\000e\000\137\000s\000o\000l\000u\000t\000i\000o\000n\000\050\000\051\000\040\000[\0002\000/\0002\000]}{subsection.9.10.3}% 191
\BOOKMARK [3][-]{subsubsection.9.10.3.7}{\376\377\0009\000.\0001\0000\000.\0003\000.\0007\000\040\000u\000p\000d\000a\000t\000e\000\137\000t\000i\000m\000e\000\050\000\051\000\040\000[\0001\000/\0002\000]}{subsection.9.10.3}% 192
\BOOKMARK [3][-]{subsubsection.9.10.3.8}{\376\377\0009\000.\0001\0000\000.\0003\000.\0008\000\040\000u\000p\000d\000a\000t\000e\000\137\000t\000i\000m\000e\000\050\000\051\000\040\000[\0002\000/\0002\000]}{subsection.9.10.3}% 193
\BOOKMARK [2][-]{subsection.9.10.4}{\376\377\0009\000.\0001\0000\000.\0004\000\040\000M\000e\000m\000b\000e\000r\000\040\000D\000a\000t\000a\000\040\000D\000o\000c\000u\000m\000e\000n\000t\000a\000t\000i\000o\000n}{section.9.10}% 194
\BOOKMARK [3][-]{subsubsection.9.10.4.1}{\376\377\0009\000.\0001\0000\000.\0004\000.\0001\000\040\000b\000l\000o\000c\000k\000s}{subsection.9.10.4}% 195
\BOOKMARK [3][-]{subsubsection.9.10.4.2}{\376\377\0009\000.\0001\0000\000.\0004\000.\0002\000\040\000d\000o\000f\000h\000a\000n\000d\000l\000e\000r}{subsection.9.10.4}% 196
\BOOKMARK [3][-]{subsubsection.9.10.4.3}{\376\377\0009\000.\0001\0000\000.\0004\000.\0003\000\040\000n\000o\000d\000e\000s}{subsection.9.10.4}% 197
\BOOKMARK [1][-]{section.9.11}{\376\377\0009\000.\0001\0001\000\040\000M\000O\000D\000E\000L\000:\000:\000N\000o\000d\000e\000\040\000C\000l\000a\000s\000s\000\040\000R\000e\000f\000e\000r\000e\000n\000c\000e}{chapter.9}% 198
\BOOKMARK [2][-]{subsection.9.11.1}{\376\377\0009\000.\0001\0001\000.\0001\000\040\000D\000e\000t\000a\000i\000l\000e\000d\000\040\000D\000e\000s\000c\000r\000i\000p\000t\000i\000o\000n}{section.9.11}% 199
\BOOKMARK [2][-]{subsection.9.11.2}{\376\377\0009\000.\0001\0001\000.\0002\000\040\000C\000o\000n\000s\000t\000r\000u\000c\000t\000o\000r\000\040\000\046\000\040\000D\000e\000s\000t\000r\000u\000c\000t\000o\000r\000\040\000D\000o\000c\000u\000m\000e\000n\000t\000a\000t\000i\000o\000n}{section.9.11}% 200
\BOOKMARK [3][-]{subsubsection.9.11.2.1}{\376\377\0009\000.\0001\0001\000.\0002\000.\0001\000\040\000N\000o\000d\000e\000\050\000\051}{subsection.9.11.2}% 201
\BOOKMARK [3][-]{subsubsection.9.11.2.2}{\376\377\0009\000.\0001\0001\000.\0002\000.\0002\000\040\000\040\000N\000o\000d\000e\000\050\000\051}{subsection.9.11.2}% 202
\BOOKMARK [2][-]{subsection.9.11.3}{\376\377\0009\000.\0001\0001\000.\0003\000\040\000M\000e\000m\000b\000e\000r\000\040\000F\000u\000n\000c\000t\000i\000o\000n\000\040\000D\000o\000c\000u\000m\000e\000n\000t\000a\000t\000i\000o\000n}{section.9.11}% 203
\BOOKMARK [3][-]{subsubsection.9.11.3.1}{\376\377\0009\000.\0001\0001\000.\0003\000.\0001\000\040\000s\000e\000t\000u\000p\000\137\000d\000o\000f\000s\000\050\000\051}{subsection.9.11.3}% 204
\BOOKMARK [2][-]{subsection.9.11.4}{\376\377\0009\000.\0001\0001\000.\0004\000\040\000M\000e\000m\000b\000e\000r\000\040\000D\000a\000t\000a\000\040\000D\000o\000c\000u\000m\000e\000n\000t\000a\000t\000i\000o\000n}{section.9.11}% 205
\BOOKMARK [3][-]{subsubsection.9.11.4.1}{\376\377\0009\000.\0001\0001\000.\0004\000.\0001\000\040\000f\000l\000o\000w\000\137\000d\000o\000f}{subsection.9.11.4}% 206
\BOOKMARK [3][-]{subsubsection.9.11.4.2}{\376\377\0009\000.\0001\0001\000.\0004\000.\0002\000\040\000n\000a\000m\000e}{subsection.9.11.4}% 207
\BOOKMARK [3][-]{subsubsection.9.11.4.3}{\376\377\0009\000.\0001\0001\000.\0004\000.\0003\000\040\000p\000r\000e\000s\000\137\000d\000o\000f}{subsection.9.11.4}% 208
\BOOKMARK [1][-]{section.9.12}{\376\377\0009\000.\0001\0002\000\040\000M\000O\000D\000E\000L\000:\000:\000O\000p\000e\000n\000L\000o\000o\000p\000C\000o\000r\000o\000n\000a\000r\000y\000B\000C\000<\000\040\000T\000\040\000>\000\040\000C\000l\000a\000s\000s\000\040\000T\000e\000m\000p\000l\000a\000t\000e\000\040\000R\000e\000f\000e\000r\000e\000n\000c\000e}{chapter.9}% 209
\BOOKMARK [2][-]{subsection.9.12.1}{\376\377\0009\000.\0001\0002\000.\0001\000\040\000D\000e\000t\000a\000i\000l\000e\000d\000\040\000D\000e\000s\000c\000r\000i\000p\000t\000i\000o\000n}{section.9.12}% 210
\BOOKMARK [2][-]{subsection.9.12.2}{\376\377\0009\000.\0001\0002\000.\0002\000\040\000C\000o\000n\000s\000t\000r\000u\000c\000t\000o\000r\000\040\000\046\000\040\000D\000e\000s\000t\000r\000u\000c\000t\000o\000r\000\040\000D\000o\000c\000u\000m\000e\000n\000t\000a\000t\000i\000o\000n}{section.9.12}% 211
\BOOKMARK [3][-]{subsubsection.9.12.2.1}{\376\377\0009\000.\0001\0002\000.\0002\000.\0001\000\040\000O\000p\000e\000n\000L\000o\000o\000p\000C\000o\000r\000o\000n\000a\000r\000y\000B\000C\000\050\000\051}{subsection.9.12.2}% 212
\BOOKMARK [3][-]{subsubsection.9.12.2.2}{\376\377\0009\000.\0001\0002\000.\0002\000.\0002\000\040\000\040\000O\000p\000e\000n\000L\000o\000o\000p\000C\000o\000r\000o\000n\000a\000r\000y\000B\000C\000\050\000\051}{subsection.9.12.2}% 213
\BOOKMARK [2][-]{subsection.9.12.3}{\376\377\0009\000.\0001\0002\000.\0003\000\040\000M\000e\000m\000b\000e\000r\000\040\000F\000u\000n\000c\000t\000i\000o\000n\000\040\000D\000o\000c\000u\000m\000e\000n\000t\000a\000t\000i\000o\000n}{section.9.12}% 214
\BOOKMARK [3][-]{subsubsection.9.12.3.1}{\376\377\0009\000.\0001\0002\000.\0003\000.\0001\000\040\000s\000e\000t\000u\000p\000\137\000d\000o\000f\000s\000\050\000\051}{subsection.9.12.3}% 215
\BOOKMARK [3][-]{subsubsection.9.12.3.2}{\376\377\0009\000.\0001\0002\000.\0003\000.\0002\000\040\000t\000o\000\137\000s\000t\000e\000a\000d\000y\000\050\000\051}{subsection.9.12.3}% 216
\BOOKMARK [3][-]{subsubsection.9.12.3.3}{\376\377\0009\000.\0001\0002\000.\0003\000.\0003\000\040\000u\000p\000d\000a\000t\000e\000\137\000c\000o\000n\000s\000t\000a\000n\000t\000\050\000\051\000\040\000[\0001\000/\0002\000]}{subsection.9.12.3}% 217
\BOOKMARK [3][-]{subsubsection.9.12.3.4}{\376\377\0009\000.\0001\0002\000.\0003\000.\0004\000\040\000u\000p\000d\000a\000t\000e\000\137\000c\000o\000n\000s\000t\000a\000n\000t\000\050\000\051\000\040\000[\0002\000/\0002\000]}{subsection.9.12.3}% 218
\BOOKMARK [3][-]{subsubsection.9.12.3.5}{\376\377\0009\000.\0001\0002\000.\0003\000.\0005\000\040\000u\000p\000d\000a\000t\000e\000\137\000t\000i\000m\000e\000\050\000\051\000\040\000[\0001\000/\0002\000]}{subsection.9.12.3}% 219
\BOOKMARK [3][-]{subsubsection.9.12.3.6}{\376\377\0009\000.\0001\0002\000.\0003\000.\0006\000\040\000u\000p\000d\000a\000t\000e\000\137\000t\000i\000m\000e\000\050\000\051\000\040\000[\0002\000/\0002\000]}{subsection.9.12.3}% 220
\BOOKMARK [2][-]{subsection.9.12.4}{\376\377\0009\000.\0001\0002\000.\0004\000\040\000M\000e\000m\000b\000e\000r\000\040\000D\000a\000t\000a\000\040\000D\000o\000c\000u\000m\000e\000n\000t\000a\000t\000i\000o\000n}{section.9.12}% 221
\BOOKMARK [3][-]{subsubsection.9.12.4.1}{\376\377\0009\000.\0001\0002\000.\0004\000.\0001\000\040\000n\000u\000m\000\137\000t\000r\000i\000p\000l\000e\000t\000s}{subsection.9.12.4}% 222
\BOOKMARK [1][-]{section.9.13}{\376\377\0009\000.\0001\0003\000\040\000M\000O\000D\000E\000L\000:\000:\000B\000l\000o\000c\000k\000<\000\040\000T\000\040\000>\000:\000:\000P\000a\000r\000a\000m\000e\000t\000e\000r\000s\000\040\000S\000t\000r\000u\000c\000t\000\040\000R\000e\000f\000e\000r\000e\000n\000c\000e}{chapter.9}% 223
\BOOKMARK [2][-]{subsection.9.13.1}{\376\377\0009\000.\0001\0003\000.\0001\000\040\000D\000e\000t\000a\000i\000l\000e\000d\000\040\000D\000e\000s\000c\000r\000i\000p\000t\000i\000o\000n}{section.9.13}% 224
\BOOKMARK [1][-]{section.9.14}{\376\377\0009\000.\0001\0004\000\040\000M\000O\000D\000E\000L\000:\000:\000B\000l\000o\000o\000d\000V\000e\000s\000s\000e\000l\000<\000\040\000T\000\040\000>\000:\000:\000P\000a\000r\000a\000m\000e\000t\000e\000r\000s\000\040\000S\000t\000r\000u\000c\000t\000\040\000R\000e\000f\000e\000r\000e\000n\000c\000e}{chapter.9}% 225
\BOOKMARK [2][-]{subsection.9.14.1}{\376\377\0009\000.\0001\0004\000.\0001\000\040\000D\000e\000t\000a\000i\000l\000e\000d\000\040\000D\000e\000s\000c\000r\000i\000p\000t\000i\000o\000n}{section.9.14}% 226
\BOOKMARK [2][-]{subsection.9.14.2}{\376\377\0009\000.\0001\0004\000.\0002\000\040\000M\000e\000m\000b\000e\000r\000\040\000D\000a\000t\000a\000\040\000D\000o\000c\000u\000m\000e\000n\000t\000a\000t\000i\000o\000n}{section.9.14}% 227
\BOOKMARK [3][-]{subsubsection.9.14.2.1}{\376\377\0009\000.\0001\0004\000.\0002\000.\0001\000\040\000C}{subsection.9.14.2}% 228
\BOOKMARK [3][-]{subsubsection.9.14.2.2}{\376\377\0009\000.\0001\0004\000.\0002\000.\0002\000\040\000L}{subsection.9.14.2}% 229
\BOOKMARK [3][-]{subsubsection.9.14.2.3}{\376\377\0009\000.\0001\0004\000.\0002\000.\0003\000\040\000R}{subsection.9.14.2}% 230
\BOOKMARK [3][-]{subsubsection.9.14.2.4}{\376\377\0009\000.\0001\0004\000.\0002\000.\0004\000\040\000s\000t\000e\000n\000o\000s\000i\000s\000\137\000c\000o\000e\000f\000f\000i\000c\000i\000e\000n\000t}{subsection.9.14.2}% 231
\BOOKMARK [1][-]{section.9.15}{\376\377\0009\000.\0001\0005\000\040\000M\000O\000D\000E\000L\000:\000:\000C\000l\000o\000s\000e\000d\000L\000o\000o\000p\000H\000e\000a\000r\000t\000P\000u\000l\000m\000o\000n\000a\000r\000y\000<\000\040\000T\000\040\000>\000:\000:\000P\000a\000r\000a\000m\000e\000t\000e\000r\000s\000\040\000S\000t\000r\000u\000c\000t\000\040\000R\000e\000f\000e\000r\000e\000n\000c\000e}{chapter.9}% 232
\BOOKMARK [2][-]{subsection.9.15.1}{\376\377\0009\000.\0001\0005\000.\0001\000\040\000D\000e\000t\000a\000i\000l\000e\000d\000\040\000D\000e\000s\000c\000r\000i\000p\000t\000i\000o\000n}{section.9.15}% 233
\BOOKMARK [1][-]{section.9.16}{\376\377\0009\000.\0001\0006\000\040\000M\000O\000D\000E\000L\000:\000:\000F\000l\000o\000w\000R\000e\000f\000e\000r\000e\000n\000c\000e\000B\000C\000<\000\040\000T\000\040\000>\000:\000:\000P\000a\000r\000a\000m\000e\000t\000e\000r\000s\000\040\000S\000t\000r\000u\000c\000t\000\040\000R\000e\000f\000e\000r\000e\000n\000c\000e}{chapter.9}% 234
\BOOKMARK [2][-]{subsection.9.16.1}{\376\377\0009\000.\0001\0006\000.\0001\000\040\000D\000e\000t\000a\000i\000l\000e\000d\000\040\000D\000e\000s\000c\000r\000i\000p\000t\000i\000o\000n}{section.9.16}% 235
\BOOKMARK [2][-]{subsection.9.16.2}{\376\377\0009\000.\0001\0006\000.\0002\000\040\000M\000e\000m\000b\000e\000r\000\040\000D\000a\000t\000a\000\040\000D\000o\000c\000u\000m\000e\000n\000t\000a\000t\000i\000o\000n}{section.9.16}% 236
\BOOKMARK [3][-]{subsubsection.9.16.2.1}{\376\377\0009\000.\0001\0006\000.\0002\000.\0001\000\040\000Q}{subsection.9.16.2}% 237
\BOOKMARK [1][-]{section.9.17}{\376\377\0009\000.\0001\0007\000\040\000M\000O\000D\000E\000L\000:\000:\000J\000u\000n\000c\000t\000i\000o\000n\000<\000\040\000T\000\040\000>\000:\000:\000P\000a\000r\000a\000m\000e\000t\000e\000r\000s\000\040\000S\000t\000r\000u\000c\000t\000\040\000R\000e\000f\000e\000r\000e\000n\000c\000e}{chapter.9}% 238
\BOOKMARK [2][-]{subsection.9.17.1}{\376\377\0009\000.\0001\0007\000.\0001\000\040\000D\000e\000t\000a\000i\000l\000e\000d\000\040\000D\000e\000s\000c\000r\000i\000p\000t\000i\000o\000n}{section.9.17}% 239
\BOOKMARK [1][-]{section.9.18}{\376\377\0009\000.\0001\0008\000\040\000M\000O\000D\000E\000L\000:\000:\000O\000p\000e\000n\000L\000o\000o\000p\000C\000o\000r\000o\000n\000a\000r\000y\000B\000C\000<\000\040\000T\000\040\000>\000:\000:\000P\000a\000r\000a\000m\000e\000t\000e\000r\000s\000\040\000S\000t\000r\000u\000c\000t\000\040\000R\000e\000f\000e\000r\000e\000n\000c\000e}{chapter.9}% 240
\BOOKMARK [2][-]{subsection.9.18.1}{\376\377\0009\000.\0001\0008\000.\0001\000\040\000D\000e\000t\000a\000i\000l\000e\000d\000\040\000D\000e\000s\000c\000r\000i\000p\000t\000i\000o\000n}{section.9.18}% 241
\BOOKMARK [1][-]{section.9.19}{\376\377\0009\000.\0001\0009\000\040\000M\000O\000D\000E\000L\000:\000:\000P\000r\000e\000s\000s\000u\000r\000e\000R\000e\000f\000e\000r\000e\000n\000c\000e\000B\000C\000<\000\040\000T\000\040\000>\000:\000:\000P\000a\000r\000a\000m\000e\000t\000e\000r\000s\000\040\000S\000t\000r\000u\000c\000t\000\040\000R\000e\000f\000e\000r\000e\000n\000c\000e}{chapter.9}% 242
\BOOKMARK [2][-]{subsection.9.19.1}{\376\377\0009\000.\0001\0009\000.\0001\000\040\000D\000e\000t\000a\000i\000l\000e\000d\000\040\000D\000e\000s\000c\000r\000i\000p\000t\000i\000o\000n}{section.9.19}% 243
\BOOKMARK [2][-]{subsection.9.19.2}{\376\377\0009\000.\0001\0009\000.\0002\000\040\000M\000e\000m\000b\000e\000r\000\040\000D\000a\000t\000a\000\040\000D\000o\000c\000u\000m\000e\000n\000t\000a\000t\000i\000o\000n}{section.9.19}% 244
\BOOKMARK [3][-]{subsubsection.9.19.2.1}{\376\377\0009\000.\0001\0009\000.\0002\000.\0001\000\040\000P}{subsection.9.19.2}% 245
\BOOKMARK [1][-]{section.9.20}{\376\377\0009\000.\0002\0000\000\040\000M\000O\000D\000E\000L\000:\000:\000R\000e\000s\000i\000s\000t\000a\000n\000c\000e\000B\000C\000<\000\040\000T\000\040\000>\000:\000:\000P\000a\000r\000a\000m\000e\000t\000e\000r\000s\000\040\000S\000t\000r\000u\000c\000t\000\040\000R\000e\000f\000e\000r\000e\000n\000c\000e}{chapter.9}% 246
\BOOKMARK [2][-]{subsection.9.20.1}{\376\377\0009\000.\0002\0000\000.\0001\000\040\000D\000e\000t\000a\000i\000l\000e\000d\000\040\000D\000e\000s\000c\000r\000i\000p\000t\000i\000o\000n}{section.9.20}% 247
\BOOKMARK [2][-]{subsection.9.20.2}{\376\377\0009\000.\0002\0000\000.\0002\000\040\000M\000e\000m\000b\000e\000r\000\040\000D\000a\000t\000a\000\040\000D\000o\000c\000u\000m\000e\000n\000t\000a\000t\000i\000o\000n}{section.9.20}% 248
\BOOKMARK [3][-]{subsubsection.9.20.2.1}{\376\377\0009\000.\0002\0000\000.\0002\000.\0001\000\040\000P\000d}{subsection.9.20.2}% 249
\BOOKMARK [3][-]{subsubsection.9.20.2.2}{\376\377\0009\000.\0002\0000\000.\0002\000.\0002\000\040\000R}{subsection.9.20.2}% 250
\BOOKMARK [1][-]{section.9.21}{\376\377\0009\000.\0002\0001\000\040\000M\000O\000D\000E\000L\000:\000:\000W\000i\000n\000d\000k\000e\000s\000s\000e\000l\000B\000C\000<\000\040\000T\000\040\000>\000:\000:\000P\000a\000r\000a\000m\000e\000t\000e\000r\000s\000\040\000S\000t\000r\000u\000c\000t\000\040\000R\000e\000f\000e\000r\000e\000n\000c\000e}{chapter.9}% 251
\BOOKMARK [2][-]{subsection.9.21.1}{\376\377\0009\000.\0002\0001\000.\0001\000\040\000D\000e\000t\000a\000i\000l\000e\000d\000\040\000D\000e\000s\000c\000r\000i\000p\000t\000i\000o\000n}{section.9.21}% 252
\BOOKMARK [2][-]{subsection.9.21.2}{\376\377\0009\000.\0002\0001\000.\0002\000\040\000M\000e\000m\000b\000e\000r\000\040\000D\000a\000t\000a\000\040\000D\000o\000c\000u\000m\000e\000n\000t\000a\000t\000i\000o\000n}{section.9.21}% 253
\BOOKMARK [3][-]{subsubsection.9.21.2.1}{\376\377\0009\000.\0002\0001\000.\0002\000.\0001\000\040\000C}{subsection.9.21.2}% 254
\BOOKMARK [3][-]{subsubsection.9.21.2.2}{\376\377\0009\000.\0002\0001\000.\0002\000.\0002\000\040\000P\000d}{subsection.9.21.2}% 255
\BOOKMARK [3][-]{subsubsection.9.21.2.3}{\376\377\0009\000.\0002\0001\000.\0002\000.\0003\000\040\000R\000d}{subsection.9.21.2}% 256
\BOOKMARK [3][-]{subsubsection.9.21.2.4}{\376\377\0009\000.\0002\0001\000.\0002\000.\0004\000\040\000R\000p}{subsection.9.21.2}% 257
\BOOKMARK [1][-]{section.9.22}{\376\377\0009\000.\0002\0002\000\040\000M\000O\000D\000E\000L\000:\000:\000P\000r\000e\000s\000s\000u\000r\000e\000R\000e\000f\000e\000r\000e\000n\000c\000e\000B\000C\000<\000\040\000T\000\040\000>\000\040\000C\000l\000a\000s\000s\000\040\000T\000e\000m\000p\000l\000a\000t\000e\000\040\000R\000e\000f\000e\000r\000e\000n\000c\000e}{chapter.9}% 258
\BOOKMARK [2][-]{subsection.9.22.1}{\376\377\0009\000.\0002\0002\000.\0001\000\040\000D\000e\000t\000a\000i\000l\000e\000d\000\040\000D\000e\000s\000c\000r\000i\000p\000t\000i\000o\000n}{section.9.22}% 259
\BOOKMARK [2][-]{subsection.9.22.2}{\376\377\0009\000.\0002\0002\000.\0002\000\040\000C\000o\000n\000s\000t\000r\000u\000c\000t\000o\000r\000\040\000\046\000\040\000D\000e\000s\000t\000r\000u\000c\000t\000o\000r\000\040\000D\000o\000c\000u\000m\000e\000n\000t\000a\000t\000i\000o\000n}{section.9.22}% 260
\BOOKMARK [3][-]{subsubsection.9.22.2.1}{\376\377\0009\000.\0002\0002\000.\0002\000.\0001\000\040\000P\000r\000e\000s\000s\000u\000r\000e\000R\000e\000f\000e\000r\000e\000n\000c\000e\000B\000C\000\050\000\051}{subsection.9.22.2}% 261
\BOOKMARK [3][-]{subsubsection.9.22.2.2}{\376\377\0009\000.\0002\0002\000.\0002\000.\0002\000\040\000\040\000P\000r\000e\000s\000s\000u\000r\000e\000R\000e\000f\000e\000r\000e\000n\000c\000e\000B\000C\000\050\000\051}{subsection.9.22.2}% 262
\BOOKMARK [2][-]{subsection.9.22.3}{\376\377\0009\000.\0002\0002\000.\0003\000\040\000M\000e\000m\000b\000e\000r\000\040\000F\000u\000n\000c\000t\000i\000o\000n\000\040\000D\000o\000c\000u\000m\000e\000n\000t\000a\000t\000i\000o\000n}{section.9.22}% 263
\BOOKMARK [3][-]{subsubsection.9.22.3.1}{\376\377\0009\000.\0002\0002\000.\0003\000.\0001\000\040\000s\000e\000t\000u\000p\000\137\000d\000o\000f\000s\000\050\000\051}{subsection.9.22.3}% 264
\BOOKMARK [3][-]{subsubsection.9.22.3.2}{\376\377\0009\000.\0002\0002\000.\0003\000.\0002\000\040\000t\000o\000\137\000s\000t\000e\000a\000d\000y\000\050\000\051}{subsection.9.22.3}% 265
\BOOKMARK [3][-]{subsubsection.9.22.3.3}{\376\377\0009\000.\0002\0002\000.\0003\000.\0003\000\040\000u\000p\000d\000a\000t\000e\000\137\000c\000o\000n\000s\000t\000a\000n\000t\000\050\000\051\000\040\000[\0001\000/\0002\000]}{subsection.9.22.3}% 266
\BOOKMARK [3][-]{subsubsection.9.22.3.4}{\376\377\0009\000.\0002\0002\000.\0003\000.\0004\000\040\000u\000p\000d\000a\000t\000e\000\137\000c\000o\000n\000s\000t\000a\000n\000t\000\050\000\051\000\040\000[\0002\000/\0002\000]}{subsection.9.22.3}% 267
\BOOKMARK [3][-]{subsubsection.9.22.3.5}{\376\377\0009\000.\0002\0002\000.\0003\000.\0005\000\040\000u\000p\000d\000a\000t\000e\000\137\000t\000i\000m\000e\000\050\000\051\000\040\000[\0001\000/\0002\000]}{subsection.9.22.3}% 268
\BOOKMARK [3][-]{subsubsection.9.22.3.6}{\376\377\0009\000.\0002\0002\000.\0003\000.\0006\000\040\000u\000p\000d\000a\000t\000e\000\137\000t\000i\000m\000e\000\050\000\051\000\040\000[\0002\000/\0002\000]}{subsection.9.22.3}% 269
\BOOKMARK [2][-]{subsection.9.22.4}{\376\377\0009\000.\0002\0002\000.\0004\000\040\000M\000e\000m\000b\000e\000r\000\040\000D\000a\000t\000a\000\040\000D\000o\000c\000u\000m\000e\000n\000t\000a\000t\000i\000o\000n}{section.9.22}% 270
\BOOKMARK [3][-]{subsubsection.9.22.4.1}{\376\377\0009\000.\0002\0002\000.\0004\000.\0001\000\040\000n\000u\000m\000\137\000t\000r\000i\000p\000l\000e\000t\000s}{subsection.9.22.4}% 271
\BOOKMARK [1][-]{section.9.23}{\376\377\0009\000.\0002\0003\000\040\000M\000O\000D\000E\000L\000:\000:\000R\000e\000s\000i\000s\000t\000a\000n\000c\000e\000B\000C\000<\000\040\000T\000\040\000>\000\040\000C\000l\000a\000s\000s\000\040\000T\000e\000m\000p\000l\000a\000t\000e\000\040\000R\000e\000f\000e\000r\000e\000n\000c\000e}{chapter.9}% 272
\BOOKMARK [2][-]{subsection.9.23.1}{\376\377\0009\000.\0002\0003\000.\0001\000\040\000D\000e\000t\000a\000i\000l\000e\000d\000\040\000D\000e\000s\000c\000r\000i\000p\000t\000i\000o\000n}{section.9.23}% 273
\BOOKMARK [2][-]{subsection.9.23.2}{\376\377\0009\000.\0002\0003\000.\0002\000\040\000C\000o\000n\000s\000t\000r\000u\000c\000t\000o\000r\000\040\000\046\000\040\000D\000e\000s\000t\000r\000u\000c\000t\000o\000r\000\040\000D\000o\000c\000u\000m\000e\000n\000t\000a\000t\000i\000o\000n}{section.9.23}% 274
\BOOKMARK [3][-]{subsubsection.9.23.2.1}{\376\377\0009\000.\0002\0003\000.\0002\000.\0001\000\040\000R\000e\000s\000i\000s\000t\000a\000n\000c\000e\000B\000C\000\050\000\051}{subsection.9.23.2}% 275
\BOOKMARK [3][-]{subsubsection.9.23.2.2}{\376\377\0009\000.\0002\0003\000.\0002\000.\0002\000\040\000\040\000R\000e\000s\000i\000s\000t\000a\000n\000c\000e\000B\000C\000\050\000\051}{subsection.9.23.2}% 276
\BOOKMARK [2][-]{subsection.9.23.3}{\376\377\0009\000.\0002\0003\000.\0003\000\040\000M\000e\000m\000b\000e\000r\000\040\000F\000u\000n\000c\000t\000i\000o\000n\000\040\000D\000o\000c\000u\000m\000e\000n\000t\000a\000t\000i\000o\000n}{section.9.23}% 277
\BOOKMARK [3][-]{subsubsection.9.23.3.1}{\376\377\0009\000.\0002\0003\000.\0003\000.\0001\000\040\000s\000e\000t\000u\000p\000\137\000d\000o\000f\000s\000\050\000\051}{subsection.9.23.3}% 278
\BOOKMARK [3][-]{subsubsection.9.23.3.2}{\376\377\0009\000.\0002\0003\000.\0003\000.\0002\000\040\000t\000o\000\137\000s\000t\000e\000a\000d\000y\000\050\000\051}{subsection.9.23.3}% 279
\BOOKMARK [3][-]{subsubsection.9.23.3.3}{\376\377\0009\000.\0002\0003\000.\0003\000.\0003\000\040\000u\000p\000d\000a\000t\000e\000\137\000c\000o\000n\000s\000t\000a\000n\000t\000\050\000\051\000\040\000[\0001\000/\0002\000]}{subsection.9.23.3}% 280
\BOOKMARK [3][-]{subsubsection.9.23.3.4}{\376\377\0009\000.\0002\0003\000.\0003\000.\0004\000\040\000u\000p\000d\000a\000t\000e\000\137\000c\000o\000n\000s\000t\000a\000n\000t\000\050\000\051\000\040\000[\0002\000/\0002\000]}{subsection.9.23.3}% 281
\BOOKMARK [3][-]{subsubsection.9.23.3.5}{\376\377\0009\000.\0002\0003\000.\0003\000.\0005\000\040\000u\000p\000d\000a\000t\000e\000\137\000t\000i\000m\000e\000\050\000\051\000\040\000[\0001\000/\0002\000]}{subsection.9.23.3}% 282
\BOOKMARK [3][-]{subsubsection.9.23.3.6}{\376\377\0009\000.\0002\0003\000.\0003\000.\0006\000\040\000u\000p\000d\000a\000t\000e\000\137\000t\000i\000m\000e\000\050\000\051\000\040\000[\0002\000/\0002\000]}{subsection.9.23.3}% 283
\BOOKMARK [2][-]{subsection.9.23.4}{\376\377\0009\000.\0002\0003\000.\0004\000\040\000M\000e\000m\000b\000e\000r\000\040\000D\000a\000t\000a\000\040\000D\000o\000c\000u\000m\000e\000n\000t\000a\000t\000i\000o\000n}{section.9.23}% 284
\BOOKMARK [3][-]{subsubsection.9.23.4.1}{\376\377\0009\000.\0002\0003\000.\0004\000.\0001\000\040\000n\000u\000m\000\137\000t\000r\000i\000p\000l\000e\000t\000s}{subsection.9.23.4}% 285
\BOOKMARK [1][-]{section.9.24}{\376\377\0009\000.\0002\0004\000\040\000A\000L\000G\000E\000B\000R\000A\000:\000:\000S\000p\000a\000r\000s\000e\000S\000y\000s\000t\000e\000m\000<\000\040\000T\000\040\000>\000\040\000C\000l\000a\000s\000s\000\040\000T\000e\000m\000p\000l\000a\000t\000e\000\040\000R\000e\000f\000e\000r\000e\000n\000c\000e}{chapter.9}% 286
\BOOKMARK [2][-]{subsection.9.24.1}{\376\377\0009\000.\0002\0004\000.\0001\000\040\000D\000e\000t\000a\000i\000l\000e\000d\000\040\000D\000e\000s\000c\000r\000i\000p\000t\000i\000o\000n}{section.9.24}% 287
\BOOKMARK [2][-]{subsection.9.24.2}{\376\377\0009\000.\0002\0004\000.\0002\000\040\000C\000o\000n\000s\000t\000r\000u\000c\000t\000o\000r\000\040\000\046\000\040\000D\000e\000s\000t\000r\000u\000c\000t\000o\000r\000\040\000D\000o\000c\000u\000m\000e\000n\000t\000a\000t\000i\000o\000n}{section.9.24}% 288
\BOOKMARK [3][-]{subsubsection.9.24.2.1}{\376\377\0009\000.\0002\0004\000.\0002\000.\0001\000\040\000S\000p\000a\000r\000s\000e\000S\000y\000s\000t\000e\000m\000\050\000\051\000\040\000[\0001\000/\0002\000]}{subsection.9.24.2}% 289
\BOOKMARK [3][-]{subsubsection.9.24.2.2}{\376\377\0009\000.\0002\0004\000.\0002\000.\0002\000\040\000S\000p\000a\000r\000s\000e\000S\000y\000s\000t\000e\000m\000\050\000\051\000\040\000[\0002\000/\0002\000]}{subsection.9.24.2}% 290
\BOOKMARK [3][-]{subsubsection.9.24.2.3}{\376\377\0009\000.\0002\0004\000.\0002\000.\0003\000\040\000\040\000S\000p\000a\000r\000s\000e\000S\000y\000s\000t\000e\000m\000\050\000\051}{subsection.9.24.2}% 291
\BOOKMARK [2][-]{subsection.9.24.3}{\376\377\0009\000.\0002\0004\000.\0003\000\040\000M\000e\000m\000b\000e\000r\000\040\000F\000u\000n\000c\000t\000i\000o\000n\000\040\000D\000o\000c\000u\000m\000e\000n\000t\000a\000t\000i\000o\000n}{section.9.24}% 292
\BOOKMARK [3][-]{subsubsection.9.24.3.1}{\376\377\0009\000.\0002\0004\000.\0003\000.\0001\000\040\000r\000e\000s\000e\000r\000v\000e\000\050\000\051}{subsection.9.24.3}% 293
\BOOKMARK [3][-]{subsubsection.9.24.3.2}{\376\377\0009\000.\0002\0004\000.\0003\000.\0002\000\040\000s\000o\000l\000v\000e\000\050\000\051}{subsection.9.24.3}% 294
\BOOKMARK [3][-]{subsubsection.9.24.3.3}{\376\377\0009\000.\0002\0004\000.\0003\000.\0003\000\040\000u\000p\000d\000a\000t\000e\000\137\000j\000a\000c\000o\000b\000i\000a\000n\000\050\000\051}{subsection.9.24.3}% 295
\BOOKMARK [3][-]{subsubsection.9.24.3.4}{\376\377\0009\000.\0002\0004\000.\0003\000.\0004\000\040\000u\000p\000d\000a\000t\000e\000\137\000r\000e\000s\000i\000d\000u\000a\000l\000\050\000\051}{subsection.9.24.3}% 296
\BOOKMARK [2][-]{subsection.9.24.4}{\376\377\0009\000.\0002\0004\000.\0004\000\040\000M\000e\000m\000b\000e\000r\000\040\000D\000a\000t\000a\000\040\000D\000o\000c\000u\000m\000e\000n\000t\000a\000t\000i\000o\000n}{section.9.24}% 297
\BOOKMARK [3][-]{subsubsection.9.24.4.1}{\376\377\0009\000.\0002\0004\000.\0004\000.\0001\000\040\000C}{subsection.9.24.4}% 298
\BOOKMARK [3][-]{subsubsection.9.24.4.2}{\376\377\0009\000.\0002\0004\000.\0004\000.\0002\000\040\000D}{subsection.9.24.4}% 299
\BOOKMARK [3][-]{subsubsection.9.24.4.3}{\376\377\0009\000.\0002\0004\000.\0004\000.\0003\000\040\000d\000y}{subsection.9.24.4}% 300
\BOOKMARK [3][-]{subsubsection.9.24.4.4}{\376\377\0009\000.\0002\0004\000.\0004\000.\0004\000\040\000E}{subsection.9.24.4}% 301
\BOOKMARK [3][-]{subsubsection.9.24.4.5}{\376\377\0009\000.\0002\0004\000.\0004\000.\0005\000\040\000F}{subsection.9.24.4}% 302
\BOOKMARK [3][-]{subsubsection.9.24.4.6}{\376\377\0009\000.\0002\0004\000.\0004\000.\0006\000\040\000j\000a\000c\000o\000b\000i\000a\000n}{subsection.9.24.4}% 303
\BOOKMARK [3][-]{subsubsection.9.24.4.7}{\376\377\0009\000.\0002\0004\000.\0004\000.\0007\000\040\000r\000e\000s\000i\000d\000u\000a\000l}{subsection.9.24.4}% 304
\BOOKMARK [3][-]{subsubsection.9.24.4.8}{\376\377\0009\000.\0002\0004\000.\0004\000.\0008\000\040\000s\000o\000l\000v\000e\000r}{subsection.9.24.4}% 305
\BOOKMARK [1][-]{section.9.25}{\376\377\0009\000.\0002\0005\000\040\000A\000L\000G\000E\000B\000R\000A\000:\000:\000S\000t\000a\000t\000e\000<\000\040\000T\000\040\000>\000\040\000C\000l\000a\000s\000s\000\040\000T\000e\000m\000p\000l\000a\000t\000e\000\040\000R\000e\000f\000e\000r\000e\000n\000c\000e}{chapter.9}% 306
\BOOKMARK [2][-]{subsection.9.25.1}{\376\377\0009\000.\0002\0005\000.\0001\000\040\000D\000e\000t\000a\000i\000l\000e\000d\000\040\000D\000e\000s\000c\000r\000i\000p\000t\000i\000o\000n}{section.9.25}% 307
\BOOKMARK [2][-]{subsection.9.25.2}{\376\377\0009\000.\0002\0005\000.\0002\000\040\000C\000o\000n\000s\000t\000r\000u\000c\000t\000o\000r\000\040\000\046\000\040\000D\000e\000s\000t\000r\000u\000c\000t\000o\000r\000\040\000D\000o\000c\000u\000m\000e\000n\000t\000a\000t\000i\000o\000n}{section.9.25}% 308
\BOOKMARK [3][-]{subsubsection.9.25.2.1}{\376\377\0009\000.\0002\0005\000.\0002\000.\0001\000\040\000S\000t\000a\000t\000e\000\050\000\051\000\040\000[\0001\000/\0003\000]}{subsection.9.25.2}% 309
\BOOKMARK [3][-]{subsubsection.9.25.2.2}{\376\377\0009\000.\0002\0005\000.\0002\000.\0002\000\040\000S\000t\000a\000t\000e\000\050\000\051\000\040\000[\0002\000/\0003\000]}{subsection.9.25.2}% 310
\BOOKMARK [3][-]{subsubsection.9.25.2.3}{\376\377\0009\000.\0002\0005\000.\0002\000.\0003\000\040\000\040\000S\000t\000a\000t\000e\000\050\000\051}{subsection.9.25.2}% 311
\BOOKMARK [3][-]{subsubsection.9.25.2.4}{\376\377\0009\000.\0002\0005\000.\0002\000.\0004\000\040\000S\000t\000a\000t\000e\000\050\000\051\000\040\000[\0003\000/\0003\000]}{subsection.9.25.2}% 312
\BOOKMARK [2][-]{subsection.9.25.3}{\376\377\0009\000.\0002\0005\000.\0003\000\040\000M\000e\000m\000b\000e\000r\000\040\000F\000u\000n\000c\000t\000i\000o\000n\000\040\000D\000o\000c\000u\000m\000e\000n\000t\000a\000t\000i\000o\000n}{section.9.25}% 313
\BOOKMARK [3][-]{subsubsection.9.25.3.1}{\376\377\0009\000.\0002\0005\000.\0003\000.\0001\000\040\000Z\000e\000r\000o\000\050\000\051}{subsection.9.25.3}% 314
\BOOKMARK [2][-]{subsection.9.25.4}{\376\377\0009\000.\0002\0005\000.\0004\000\040\000M\000e\000m\000b\000e\000r\000\040\000D\000a\000t\000a\000\040\000D\000o\000c\000u\000m\000e\000n\000t\000a\000t\000i\000o\000n}{section.9.25}% 315
\BOOKMARK [3][-]{subsubsection.9.25.4.1}{\376\377\0009\000.\0002\0005\000.\0004\000.\0001\000\040\000y}{subsection.9.25.4}% 316
\BOOKMARK [3][-]{subsubsection.9.25.4.2}{\376\377\0009\000.\0002\0005\000.\0004\000.\0002\000\040\000y\000d\000o\000t}{subsection.9.25.4}% 317
\BOOKMARK [1][-]{section.9.26}{\376\377\0009\000.\0002\0006\000\040\000M\000O\000D\000E\000L\000:\000:\000T\000i\000m\000e\000D\000e\000p\000e\000n\000d\000e\000n\000t\000P\000a\000r\000a\000m\000e\000t\000e\000r\000<\000\040\000T\000\040\000>\000\040\000C\000l\000a\000s\000s\000\040\000T\000e\000m\000p\000l\000a\000t\000e\000\040\000R\000e\000f\000e\000r\000e\000n\000c\000e}{chapter.9}% 318
\BOOKMARK [2][-]{subsection.9.26.1}{\376\377\0009\000.\0002\0006\000.\0001\000\040\000D\000e\000t\000a\000i\000l\000e\000d\000\040\000D\000e\000s\000c\000r\000i\000p\000t\000i\000o\000n}{section.9.26}% 319
\BOOKMARK [2][-]{subsection.9.26.2}{\376\377\0009\000.\0002\0006\000.\0002\000\040\000C\000o\000n\000s\000t\000r\000u\000c\000t\000o\000r\000\040\000\046\000\040\000D\000e\000s\000t\000r\000u\000c\000t\000o\000r\000\040\000D\000o\000c\000u\000m\000e\000n\000t\000a\000t\000i\000o\000n}{section.9.26}% 320
\BOOKMARK [3][-]{subsubsection.9.26.2.1}{\376\377\0009\000.\0002\0006\000.\0002\000.\0001\000\040\000T\000i\000m\000e\000D\000e\000p\000e\000n\000d\000e\000n\000t\000P\000a\000r\000a\000m\000e\000t\000e\000r\000\050\000\051\000\040\000[\0001\000/\0002\000]}{subsection.9.26.2}% 321
\BOOKMARK [3][-]{subsubsection.9.26.2.2}{\376\377\0009\000.\0002\0006\000.\0002\000.\0002\000\040\000T\000i\000m\000e\000D\000e\000p\000e\000n\000d\000e\000n\000t\000P\000a\000r\000a\000m\000e\000t\000e\000r\000\050\000\051\000\040\000[\0002\000/\0002\000]}{subsection.9.26.2}% 322
\BOOKMARK [3][-]{subsubsection.9.26.2.3}{\376\377\0009\000.\0002\0006\000.\0002\000.\0003\000\040\000\040\000T\000i\000m\000e\000D\000e\000p\000e\000n\000d\000e\000n\000t\000P\000a\000r\000a\000m\000e\000t\000e\000r\000\050\000\051}{subsection.9.26.2}% 323
\BOOKMARK [2][-]{subsection.9.26.3}{\376\377\0009\000.\0002\0006\000.\0003\000\040\000M\000e\000m\000b\000e\000r\000\040\000F\000u\000n\000c\000t\000i\000o\000n\000\040\000D\000o\000c\000u\000m\000e\000n\000t\000a\000t\000i\000o\000n}{section.9.26}% 324
\BOOKMARK [3][-]{subsubsection.9.26.3.1}{\376\377\0009\000.\0002\0006\000.\0003\000.\0001\000\040\000g\000e\000t\000\050\000\051}{subsection.9.26.3}% 325
\BOOKMARK [3][-]{subsubsection.9.26.3.2}{\376\377\0009\000.\0002\0006\000.\0003\000.\0002\000\040\000t\000o\000\137\000s\000t\000e\000a\000d\000y\000\050\000\051}{subsection.9.26.3}% 326
\BOOKMARK [2][-]{subsection.9.26.4}{\376\377\0009\000.\0002\0006\000.\0004\000\040\000M\000e\000m\000b\000e\000r\000\040\000D\000a\000t\000a\000\040\000D\000o\000c\000u\000m\000e\000n\000t\000a\000t\000i\000o\000n}{section.9.26}% 327
\BOOKMARK [3][-]{subsubsection.9.26.4.1}{\376\377\0009\000.\0002\0006\000.\0004\000.\0001\000\040\000c\000y\000c\000l\000e\000\137\000p\000e\000r\000i\000o\000d}{subsection.9.26.4}% 328
\BOOKMARK [3][-]{subsubsection.9.26.4.2}{\376\377\0009\000.\0002\0006\000.\0004\000.\0002\000\040\000t\000i\000m\000e\000s}{subsection.9.26.4}% 329
\BOOKMARK [3][-]{subsubsection.9.26.4.3}{\376\377\0009\000.\0002\0006\000.\0004\000.\0003\000\040\000v\000a\000l\000u\000e\000s}{subsection.9.26.4}% 330
\BOOKMARK [1][-]{section.9.27}{\376\377\0009\000.\0002\0007\000\040\000M\000O\000D\000E\000L\000:\000:\000W\000i\000n\000d\000k\000e\000s\000s\000e\000l\000B\000C\000<\000\040\000T\000\040\000>\000\040\000C\000l\000a\000s\000s\000\040\000T\000e\000m\000p\000l\000a\000t\000e\000\040\000R\000e\000f\000e\000r\000e\000n\000c\000e}{chapter.9}% 331
\BOOKMARK [2][-]{subsection.9.27.1}{\376\377\0009\000.\0002\0007\000.\0001\000\040\000D\000e\000t\000a\000i\000l\000e\000d\000\040\000D\000e\000s\000c\000r\000i\000p\000t\000i\000o\000n}{section.9.27}% 332
\BOOKMARK [2][-]{subsection.9.27.2}{\376\377\0009\000.\0002\0007\000.\0002\000\040\000C\000o\000n\000s\000t\000r\000u\000c\000t\000o\000r\000\040\000\046\000\040\000D\000e\000s\000t\000r\000u\000c\000t\000o\000r\000\040\000D\000o\000c\000u\000m\000e\000n\000t\000a\000t\000i\000o\000n}{section.9.27}% 333
\BOOKMARK [3][-]{subsubsection.9.27.2.1}{\376\377\0009\000.\0002\0007\000.\0002\000.\0001\000\040\000W\000i\000n\000d\000k\000e\000s\000s\000e\000l\000B\000C\000\050\000\051}{subsection.9.27.2}% 334
\BOOKMARK [3][-]{subsubsection.9.27.2.2}{\376\377\0009\000.\0002\0007\000.\0002\000.\0002\000\040\000\040\000W\000i\000n\000d\000k\000e\000s\000s\000e\000l\000B\000C\000\050\000\051}{subsection.9.27.2}% 335
\BOOKMARK [2][-]{subsection.9.27.3}{\376\377\0009\000.\0002\0007\000.\0003\000\040\000M\000e\000m\000b\000e\000r\000\040\000F\000u\000n\000c\000t\000i\000o\000n\000\040\000D\000o\000c\000u\000m\000e\000n\000t\000a\000t\000i\000o\000n}{section.9.27}% 336
\BOOKMARK [3][-]{subsubsection.9.27.3.1}{\376\377\0009\000.\0002\0007\000.\0003\000.\0001\000\040\000s\000e\000t\000u\000p\000\137\000d\000o\000f\000s\000\050\000\051}{subsection.9.27.3}% 337
\BOOKMARK [3][-]{subsubsection.9.27.3.2}{\376\377\0009\000.\0002\0007\000.\0003\000.\0002\000\040\000t\000o\000\137\000s\000t\000e\000a\000d\000y\000\050\000\051}{subsection.9.27.3}% 338
\BOOKMARK [3][-]{subsubsection.9.27.3.3}{\376\377\0009\000.\0002\0007\000.\0003\000.\0003\000\040\000u\000p\000d\000a\000t\000e\000\137\000c\000o\000n\000s\000t\000a\000n\000t\000\050\000\051\000\040\000[\0001\000/\0002\000]}{subsection.9.27.3}% 339
\BOOKMARK [3][-]{subsubsection.9.27.3.4}{\376\377\0009\000.\0002\0007\000.\0003\000.\0004\000\040\000u\000p\000d\000a\000t\000e\000\137\000c\000o\000n\000s\000t\000a\000n\000t\000\050\000\051\000\040\000[\0002\000/\0002\000]}{subsection.9.27.3}% 340
\BOOKMARK [3][-]{subsubsection.9.27.3.5}{\376\377\0009\000.\0002\0007\000.\0003\000.\0005\000\040\000u\000p\000d\000a\000t\000e\000\137\000t\000i\000m\000e\000\050\000\051\000\040\000[\0001\000/\0002\000]}{subsection.9.27.3}% 341
\BOOKMARK [3][-]{subsubsection.9.27.3.6}{\376\377\0009\000.\0002\0007\000.\0003\000.\0006\000\040\000u\000p\000d\000a\000t\000e\000\137\000t\000i\000m\000e\000\050\000\051\000\040\000[\0002\000/\0002\000]}{subsection.9.27.3}% 342
\BOOKMARK [2][-]{subsection.9.27.4}{\376\377\0009\000.\0002\0007\000.\0004\000\040\000M\000e\000m\000b\000e\000r\000\040\000D\000a\000t\000a\000\040\000D\000o\000c\000u\000m\000e\000n\000t\000a\000t\000i\000o\000n}{section.9.27}% 343
\BOOKMARK [3][-]{subsubsection.9.27.4.1}{\376\377\0009\000.\0002\0007\000.\0004\000.\0001\000\040\000n\000u\000m\000\137\000t\000r\000i\000p\000l\000e\000t\000s}{subsection.9.27.4}% 344
\BOOKMARK [0][-]{chapter.10}{\376\377\0001\0000\000\040\000F\000i\000l\000e\000\040\000D\000o\000c\000u\000m\000e\000n\000t\000a\000t\000i\000o\000n}{}% 345
\BOOKMARK [1][-]{section.10.1}{\376\377\0001\0000\000.\0001\000\040\000a\000l\000g\000e\000b\000r\000a\000/\000d\000e\000n\000s\000e\000s\000y\000s\000t\000e\000m\000.\000h\000p\000p\000\040\000F\000i\000l\000e\000\040\000R\000e\000f\000e\000r\000e\000n\000c\000e}{chapter.10}% 346
\BOOKMARK [2][-]{subsection.10.1.1}{\376\377\0001\0000\000.\0001\000.\0001\000\040\000D\000e\000t\000a\000i\000l\000e\000d\000\040\000D\000e\000s\000c\000r\000i\000p\000t\000i\000o\000n}{section.10.1}% 347
\BOOKMARK [1][-]{section.10.2}{\376\377\0001\0000\000.\0002\000\040\000d\000e\000n\000s\000e\000s\000y\000s\000t\000e\000m\000.\000h\000p\000p}{chapter.10}% 348
\BOOKMARK [1][-]{section.10.3}{\376\377\0001\0000\000.\0003\000\040\000a\000l\000g\000e\000b\000r\000a\000/\000i\000n\000t\000e\000g\000r\000a\000t\000o\000r\000.\000h\000p\000p\000\040\000F\000i\000l\000e\000\040\000R\000e\000f\000e\000r\000e\000n\000c\000e}{chapter.10}% 349
\BOOKMARK [2][-]{subsection.10.3.1}{\376\377\0001\0000\000.\0003\000.\0001\000\040\000D\000e\000t\000a\000i\000l\000e\000d\000\040\000D\000e\000s\000c\000r\000i\000p\000t\000i\000o\000n}{section.10.3}% 350
\BOOKMARK [1][-]{section.10.4}{\376\377\0001\0000\000.\0004\000\040\000i\000n\000t\000e\000g\000r\000a\000t\000o\000r\000.\000h\000p\000p}{chapter.10}% 351
\BOOKMARK [1][-]{section.10.5}{\376\377\0001\0000\000.\0005\000\040\000a\000l\000g\000e\000b\000r\000a\000/\000s\000p\000a\000r\000s\000e\000s\000y\000s\000t\000e\000m\000.\000h\000p\000p\000\040\000F\000i\000l\000e\000\040\000R\000e\000f\000e\000r\000e\000n\000c\000e}{chapter.10}% 352
\BOOKMARK [2][-]{subsection.10.5.1}{\376\377\0001\0000\000.\0005\000.\0001\000\040\000D\000e\000t\000a\000i\000l\000e\000d\000\040\000D\000e\000s\000c\000r\000i\000p\000t\000i\000o\000n}{section.10.5}% 353
\BOOKMARK [1][-]{section.10.6}{\376\377\0001\0000\000.\0006\000\040\000s\000p\000a\000r\000s\000e\000s\000y\000s\000t\000e\000m\000.\000h\000p\000p}{chapter.10}% 354
\BOOKMARK [1][-]{section.10.7}{\376\377\0001\0000\000.\0007\000\040\000a\000l\000g\000e\000b\000r\000a\000/\000s\000t\000a\000t\000e\000.\000h\000p\000p\000\040\000F\000i\000l\000e\000\040\000R\000e\000f\000e\000r\000e\000n\000c\000e}{chapter.10}% 355
\BOOKMARK [2][-]{subsection.10.7.1}{\376\377\0001\0000\000.\0007\000.\0001\000\040\000D\000e\000t\000a\000i\000l\000e\000d\000\040\000D\000e\000s\000c\000r\000i\000p\000t\000i\000o\000n}{section.10.7}% 356
\BOOKMARK [1][-]{section.10.8}{\376\377\0001\0000\000.\0008\000\040\000s\000t\000a\000t\000e\000.\000h\000p\000p}{chapter.10}% 357
\BOOKMARK [1][-]{section.10.9}{\376\377\0001\0000\000.\0009\000\040\000h\000e\000l\000p\000e\000r\000s\000/\000d\000e\000b\000u\000g\000.\000h\000p\000p\000\040\000F\000i\000l\000e\000\040\000R\000e\000f\000e\000r\000e\000n\000c\000e}{chapter.10}% 358
\BOOKMARK [2][-]{subsection.10.9.1}{\376\377\0001\0000\000.\0009\000.\0001\000\040\000D\000e\000t\000a\000i\000l\000e\000d\000\040\000D\000e\000s\000c\000r\000i\000p\000t\000i\000o\000n}{section.10.9}% 359
\BOOKMARK [2][-]{subsection.10.9.2}{\376\377\0001\0000\000.\0009\000.\0002\000\040\000M\000a\000c\000r\000o\000\040\000D\000e\000f\000i\000n\000i\000t\000i\000o\000n\000\040\000D\000o\000c\000u\000m\000e\000n\000t\000a\000t\000i\000o\000n}{section.10.9}% 360
\BOOKMARK [3][-]{subsubsection.10.9.2.1}{\376\377\0001\0000\000.\0009\000.\0002\000.\0001\000\040\000D\000E\000B\000U\000G\000\137\000M\000S\000G}{subsection.10.9.2}% 361
\BOOKMARK [1][-]{section.10.10}{\376\377\0001\0000\000.\0001\0000\000\040\000d\000e\000b\000u\000g\000.\000h\000p\000p}{chapter.10}% 362
\BOOKMARK [1][-]{section.10.11}{\376\377\0001\0000\000.\0001\0001\000\040\000h\000e\000l\000p\000e\000r\000s\000/\000e\000n\000d\000s\000w\000i\000t\000h\000.\000h\000p\000p\000\040\000F\000i\000l\000e\000\040\000R\000e\000f\000e\000r\000e\000n\000c\000e}{chapter.10}% 363
\BOOKMARK [2][-]{subsection.10.11.1}{\376\377\0001\0000\000.\0001\0001\000.\0001\000\040\000D\000e\000t\000a\000i\000l\000e\000d\000\040\000D\000e\000s\000c\000r\000i\000p\000t\000i\000o\000n}{section.10.11}% 364
\BOOKMARK [1][-]{section.10.12}{\376\377\0001\0000\000.\0001\0002\000\040\000e\000n\000d\000s\000w\000i\000t\000h\000.\000h\000p\000p}{chapter.10}% 365
\BOOKMARK [1][-]{section.10.13}{\376\377\0001\0000\000.\0001\0003\000\040\000h\000e\000l\000p\000e\000r\000s\000/\000s\000t\000a\000r\000t\000s\000w\000i\000t\000h\000.\000h\000p\000p\000\040\000F\000i\000l\000e\000\040\000R\000e\000f\000e\000r\000e\000n\000c\000e}{chapter.10}% 366
\BOOKMARK [2][-]{subsection.10.13.1}{\376\377\0001\0000\000.\0001\0003\000.\0001\000\040\000D\000e\000t\000a\000i\000l\000e\000d\000\040\000D\000e\000s\000c\000r\000i\000p\000t\000i\000o\000n}{section.10.13}% 367
\BOOKMARK [1][-]{section.10.14}{\376\377\0001\0000\000.\0001\0004\000\040\000s\000t\000a\000r\000t\000s\000w\000i\000t\000h\000.\000h\000p\000p}{chapter.10}% 368
\BOOKMARK [1][-]{section.10.15}{\376\377\0001\0000\000.\0001\0005\000\040\000i\000o\000/\000c\000o\000n\000f\000i\000g\000r\000e\000a\000d\000e\000r\000.\000h\000p\000p\000\040\000F\000i\000l\000e\000\040\000R\000e\000f\000e\000r\000e\000n\000c\000e}{chapter.10}% 369
\BOOKMARK [2][-]{subsection.10.15.1}{\376\377\0001\0000\000.\0001\0005\000.\0001\000\040\000D\000e\000t\000a\000i\000l\000e\000d\000\040\000D\000e\000s\000c\000r\000i\000p\000t\000i\000o\000n}{section.10.15}% 370
\BOOKMARK [1][-]{section.10.16}{\376\377\0001\0000\000.\0001\0006\000\040\000c\000o\000n\000f\000i\000g\000r\000e\000a\000d\000e\000r\000.\000h\000p\000p}{chapter.10}% 371
\BOOKMARK [1][-]{section.10.17}{\376\377\0001\0000\000.\0001\0007\000\040\000i\000o\000/\000c\000s\000v\000w\000r\000i\000t\000e\000r\000.\000h\000p\000p\000\040\000F\000i\000l\000e\000\040\000R\000e\000f\000e\000r\000e\000n\000c\000e}{chapter.10}% 372
\BOOKMARK [2][-]{subsection.10.17.1}{\376\377\0001\0000\000.\0001\0007\000.\0001\000\040\000D\000e\000t\000a\000i\000l\000e\000d\000\040\000D\000e\000s\000c\000r\000i\000p\000t\000i\000o\000n}{section.10.17}% 373
\BOOKMARK [1][-]{section.10.18}{\376\377\0001\0000\000.\0001\0008\000\040\000c\000s\000v\000w\000r\000i\000t\000e\000r\000.\000h\000p\000p}{chapter.10}% 374
\BOOKMARK [1][-]{section.10.19}{\376\377\0001\0000\000.\0001\0009\000\040\000i\000o\000/\000j\000s\000o\000n\000w\000r\000i\000t\000e\000r\000.\000h\000p\000p\000\040\000F\000i\000l\000e\000\040\000R\000e\000f\000e\000r\000e\000n\000c\000e}{chapter.10}% 375
\BOOKMARK [2][-]{subsection.10.19.1}{\376\377\0001\0000\000.\0001\0009\000.\0001\000\040\000D\000e\000t\000a\000i\000l\000e\000d\000\040\000D\000e\000s\000c\000r\000i\000p\000t\000i\000o\000n}{section.10.19}% 376
\BOOKMARK [1][-]{section.10.20}{\376\377\0001\0000\000.\0002\0000\000\040\000j\000s\000o\000n\000w\000r\000i\000t\000e\000r\000.\000h\000p\000p}{chapter.10}% 377
\BOOKMARK [1][-]{section.10.21}{\376\377\0001\0000\000.\0002\0001\000\040\000m\000a\000i\000n\000.\000c\000p\000p\000\040\000F\000i\000l\000e\000\040\000R\000e\000f\000e\000r\000e\000n\000c\000e}{chapter.10}% 378
\BOOKMARK [2][-]{subsection.10.21.1}{\376\377\0001\0000\000.\0002\0001\000.\0001\000\040\000D\000e\000t\000a\000i\000l\000e\000d\000\040\000D\000e\000s\000c\000r\000i\000p\000t\000i\000o\000n}{section.10.21}% 379
\BOOKMARK [2][-]{subsection.10.21.2}{\376\377\0001\0000\000.\0002\0001\000.\0002\000\040\000F\000u\000n\000c\000t\000i\000o\000n\000\040\000D\000o\000c\000u\000m\000e\000n\000t\000a\000t\000i\000o\000n}{section.10.21}% 380
\BOOKMARK [3][-]{subsubsection.10.21.2.1}{\376\377\0001\0000\000.\0002\0001\000.\0002\000.\0001\000\040\000m\000a\000i\000n\000\050\000\051}{subsection.10.21.2}% 381
\BOOKMARK [1][-]{section.10.22}{\376\377\0001\0000\000.\0002\0002\000\040\000m\000a\000i\000n\000.\000h\000p\000p\000\040\000F\000i\000l\000e\000\040\000R\000e\000f\000e\000r\000e\000n\000c\000e}{chapter.10}% 382
\BOOKMARK [2][-]{subsection.10.22.1}{\376\377\0001\0000\000.\0002\0002\000.\0001\000\040\000D\000e\000t\000a\000i\000l\000e\000d\000\040\000D\000e\000s\000c\000r\000i\000p\000t\000i\000o\000n}{section.10.22}% 383
\BOOKMARK [1][-]{section.10.23}{\376\377\0001\0000\000.\0002\0003\000\040\000m\000a\000i\000n\000.\000h\000p\000p}{chapter.10}% 384
\BOOKMARK [1][-]{section.10.24}{\376\377\0001\0000\000.\0002\0004\000\040\000m\000o\000d\000e\000l\000/\000b\000l\000o\000c\000k\000.\000h\000p\000p\000\040\000F\000i\000l\000e\000\040\000R\000e\000f\000e\000r\000e\000n\000c\000e}{chapter.10}% 385
\BOOKMARK [2][-]{subsection.10.24.1}{\376\377\0001\0000\000.\0002\0004\000.\0001\000\040\000D\000e\000t\000a\000i\000l\000e\000d\000\040\000D\000e\000s\000c\000r\000i\000p\000t\000i\000o\000n}{section.10.24}% 386
\BOOKMARK [1][-]{section.10.25}{\376\377\0001\0000\000.\0002\0005\000\040\000b\000l\000o\000c\000k\000.\000h\000p\000p}{chapter.10}% 387
\BOOKMARK [1][-]{section.10.26}{\376\377\0001\0000\000.\0002\0006\000\040\000m\000o\000d\000e\000l\000/\000b\000l\000o\000o\000d\000v\000e\000s\000s\000e\000l\000.\000h\000p\000p\000\040\000F\000i\000l\000e\000\040\000R\000e\000f\000e\000r\000e\000n\000c\000e}{chapter.10}% 388
\BOOKMARK [2][-]{subsection.10.26.1}{\376\377\0001\0000\000.\0002\0006\000.\0001\000\040\000D\000e\000t\000a\000i\000l\000e\000d\000\040\000D\000e\000s\000c\000r\000i\000p\000t\000i\000o\000n}{section.10.26}% 389
\BOOKMARK [1][-]{section.10.27}{\376\377\0001\0000\000.\0002\0007\000\040\000b\000l\000o\000o\000d\000v\000e\000s\000s\000e\000l\000.\000h\000p\000p}{chapter.10}% 390
\BOOKMARK [1][-]{section.10.28}{\376\377\0001\0000\000.\0002\0008\000\040\000m\000o\000d\000e\000l\000/\000c\000l\000o\000s\000e\000d\000l\000o\000o\000p\000h\000e\000a\000r\000t\000p\000u\000l\000m\000o\000n\000a\000r\000y\000.\000h\000p\000p\000\040\000F\000i\000l\000e\000\040\000R\000e\000f\000e\000r\000e\000n\000c\000e}{chapter.10}% 391
\BOOKMARK [2][-]{subsection.10.28.1}{\376\377\0001\0000\000.\0002\0008\000.\0001\000\040\000D\000e\000t\000a\000i\000l\000e\000d\000\040\000D\000e\000s\000c\000r\000i\000p\000t\000i\000o\000n}{section.10.28}% 392
\BOOKMARK [1][-]{section.10.29}{\376\377\0001\0000\000.\0002\0009\000\040\000c\000l\000o\000s\000e\000d\000l\000o\000o\000p\000h\000e\000a\000r\000t\000p\000u\000l\000m\000o\000n\000a\000r\000y\000.\000h\000p\000p}{chapter.10}% 393
\BOOKMARK [1][-]{section.10.30}{\376\377\0001\0000\000.\0003\0000\000\040\000m\000o\000d\000e\000l\000/\000d\000o\000f\000h\000a\000n\000d\000l\000e\000r\000.\000h\000p\000p\000\040\000F\000i\000l\000e\000\040\000R\000e\000f\000e\000r\000e\000n\000c\000e}{chapter.10}% 394
\BOOKMARK [2][-]{subsection.10.30.1}{\376\377\0001\0000\000.\0003\0000\000.\0001\000\040\000D\000e\000t\000a\000i\000l\000e\000d\000\040\000D\000e\000s\000c\000r\000i\000p\000t\000i\000o\000n}{section.10.30}% 395
\BOOKMARK [1][-]{section.10.31}{\376\377\0001\0000\000.\0003\0001\000\040\000d\000o\000f\000h\000a\000n\000d\000l\000e\000r\000.\000h\000p\000p}{chapter.10}% 396
\BOOKMARK [1][-]{section.10.32}{\376\377\0001\0000\000.\0003\0002\000\040\000m\000o\000d\000e\000l\000/\000f\000l\000o\000w\000r\000e\000f\000e\000r\000e\000n\000c\000e\000b\000c\000.\000h\000p\000p\000\040\000F\000i\000l\000e\000\040\000R\000e\000f\000e\000r\000e\000n\000c\000e}{chapter.10}% 397
\BOOKMARK [2][-]{subsection.10.32.1}{\376\377\0001\0000\000.\0003\0002\000.\0001\000\040\000D\000e\000t\000a\000i\000l\000e\000d\000\040\000D\000e\000s\000c\000r\000i\000p\000t\000i\000o\000n}{section.10.32}% 398
\BOOKMARK [1][-]{section.10.33}{\376\377\0001\0000\000.\0003\0003\000\040\000f\000l\000o\000w\000r\000e\000f\000e\000r\000e\000n\000c\000e\000b\000c\000.\000h\000p\000p}{chapter.10}% 399
\BOOKMARK [1][-]{section.10.34}{\376\377\0001\0000\000.\0003\0004\000\040\000m\000o\000d\000e\000l\000/\000j\000u\000n\000c\000t\000i\000o\000n\000.\000h\000p\000p\000\040\000F\000i\000l\000e\000\040\000R\000e\000f\000e\000r\000e\000n\000c\000e}{chapter.10}% 400
\BOOKMARK [2][-]{subsection.10.34.1}{\376\377\0001\0000\000.\0003\0004\000.\0001\000\040\000D\000e\000t\000a\000i\000l\000e\000d\000\040\000D\000e\000s\000c\000r\000i\000p\000t\000i\000o\000n}{section.10.34}% 401
\BOOKMARK [1][-]{section.10.35}{\376\377\0001\0000\000.\0003\0005\000\040\000j\000u\000n\000c\000t\000i\000o\000n\000.\000h\000p\000p}{chapter.10}% 402
\BOOKMARK [1][-]{section.10.36}{\376\377\0001\0000\000.\0003\0006\000\040\000m\000o\000d\000e\000l\000/\000m\000o\000d\000e\000l\000.\000h\000p\000p\000\040\000F\000i\000l\000e\000\040\000R\000e\000f\000e\000r\000e\000n\000c\000e}{chapter.10}% 403
\BOOKMARK [2][-]{subsection.10.36.1}{\376\377\0001\0000\000.\0003\0006\000.\0001\000\040\000D\000e\000t\000a\000i\000l\000e\000d\000\040\000D\000e\000s\000c\000r\000i\000p\000t\000i\000o\000n}{section.10.36}% 404
\BOOKMARK [1][-]{section.10.37}{\376\377\0001\0000\000.\0003\0007\000\040\000m\000o\000d\000e\000l\000.\000h\000p\000p}{chapter.10}% 405
\BOOKMARK [1][-]{section.10.38}{\376\377\0001\0000\000.\0003\0008\000\040\000a\000l\000g\000e\000b\000r\000a\000/\000n\000a\000m\000e\000s\000p\000a\000c\000e\000.\000h\000p\000p\000\040\000F\000i\000l\000e\000\040\000R\000e\000f\000e\000r\000e\000n\000c\000e}{chapter.10}% 406
\BOOKMARK [2][-]{subsection.10.38.1}{\376\377\0001\0000\000.\0003\0008\000.\0001\000\040\000D\000e\000t\000a\000i\000l\000e\000d\000\040\000D\000e\000s\000c\000r\000i\000p\000t\000i\000o\000n}{section.10.38}% 407
\BOOKMARK [1][-]{section.10.39}{\376\377\0001\0000\000.\0003\0009\000\040\000n\000a\000m\000e\000s\000p\000a\000c\000e\000.\000h\000p\000p}{chapter.10}% 408
\BOOKMARK [1][-]{section.10.40}{\376\377\0001\0000\000.\0004\0000\000\040\000h\000e\000l\000p\000e\000r\000s\000/\000n\000a\000m\000e\000s\000p\000a\000c\000e\000.\000h\000p\000p\000\040\000F\000i\000l\000e\000\040\000R\000e\000f\000e\000r\000e\000n\000c\000e}{chapter.10}% 409
\BOOKMARK [2][-]{subsection.10.40.1}{\376\377\0001\0000\000.\0004\0000\000.\0001\000\040\000D\000e\000t\000a\000i\000l\000e\000d\000\040\000D\000e\000s\000c\000r\000i\000p\000t\000i\000o\000n}{section.10.40}% 410
\BOOKMARK [1][-]{section.10.41}{\376\377\0001\0000\000.\0004\0001\000\040\000n\000a\000m\000e\000s\000p\000a\000c\000e\000.\000h\000p\000p}{chapter.10}% 411
\BOOKMARK [1][-]{section.10.42}{\376\377\0001\0000\000.\0004\0002\000\040\000i\000o\000/\000n\000a\000m\000e\000s\000p\000a\000c\000e\000.\000h\000p\000p\000\040\000F\000i\000l\000e\000\040\000R\000e\000f\000e\000r\000e\000n\000c\000e}{chapter.10}% 412
\BOOKMARK [2][-]{subsection.10.42.1}{\376\377\0001\0000\000.\0004\0002\000.\0001\000\040\000D\000e\000t\000a\000i\000l\000e\000d\000\040\000D\000e\000s\000c\000r\000i\000p\000t\000i\000o\000n}{section.10.42}% 413
\BOOKMARK [1][-]{section.10.43}{\376\377\0001\0000\000.\0004\0003\000\040\000n\000a\000m\000e\000s\000p\000a\000c\000e\000.\000h\000p\000p}{chapter.10}% 414
\BOOKMARK [1][-]{section.10.44}{\376\377\0001\0000\000.\0004\0004\000\040\000m\000o\000d\000e\000l\000/\000n\000a\000m\000e\000s\000p\000a\000c\000e\000.\000h\000p\000p\000\040\000F\000i\000l\000e\000\040\000R\000e\000f\000e\000r\000e\000n\000c\000e}{chapter.10}% 415
\BOOKMARK [2][-]{subsection.10.44.1}{\376\377\0001\0000\000.\0004\0004\000.\0001\000\040\000D\000e\000t\000a\000i\000l\000e\000d\000\040\000D\000e\000s\000c\000r\000i\000p\000t\000i\000o\000n}{section.10.44}% 416
\BOOKMARK [1][-]{section.10.45}{\376\377\0001\0000\000.\0004\0005\000\040\000n\000a\000m\000e\000s\000p\000a\000c\000e\000.\000h\000p\000p}{chapter.10}% 417
\BOOKMARK [1][-]{section.10.46}{\376\377\0001\0000\000.\0004\0006\000\040\000m\000o\000d\000e\000l\000/\000n\000o\000d\000e\000.\000h\000p\000p\000\040\000F\000i\000l\000e\000\040\000R\000e\000f\000e\000r\000e\000n\000c\000e}{chapter.10}% 418
\BOOKMARK [2][-]{subsection.10.46.1}{\376\377\0001\0000\000.\0004\0006\000.\0001\000\040\000D\000e\000t\000a\000i\000l\000e\000d\000\040\000D\000e\000s\000c\000r\000i\000p\000t\000i\000o\000n}{section.10.46}% 419
\BOOKMARK [1][-]{section.10.47}{\376\377\0001\0000\000.\0004\0007\000\040\000n\000o\000d\000e\000.\000h\000p\000p}{chapter.10}% 420
\BOOKMARK [1][-]{section.10.48}{\376\377\0001\0000\000.\0004\0008\000\040\000m\000o\000d\000e\000l\000/\000o\000p\000e\000n\000l\000o\000o\000p\000c\000o\000r\000o\000n\000a\000r\000y\000b\000c\000.\000h\000p\000p\000\040\000F\000i\000l\000e\000\040\000R\000e\000f\000e\000r\000e\000n\000c\000e}{chapter.10}% 421
\BOOKMARK [2][-]{subsection.10.48.1}{\376\377\0001\0000\000.\0004\0008\000.\0001\000\040\000D\000e\000t\000a\000i\000l\000e\000d\000\040\000D\000e\000s\000c\000r\000i\000p\000t\000i\000o\000n}{section.10.48}% 422
\BOOKMARK [1][-]{section.10.49}{\376\377\0001\0000\000.\0004\0009\000\040\000o\000p\000e\000n\000l\000o\000o\000p\000c\000o\000r\000o\000n\000a\000r\000y\000b\000c\000.\000h\000p\000p}{chapter.10}% 423
\BOOKMARK [1][-]{section.10.50}{\376\377\0001\0000\000.\0005\0000\000\040\000m\000o\000d\000e\000l\000/\000p\000r\000e\000s\000s\000u\000r\000e\000r\000e\000f\000e\000r\000e\000n\000c\000e\000b\000c\000.\000h\000p\000p\000\040\000F\000i\000l\000e\000\040\000R\000e\000f\000e\000r\000e\000n\000c\000e}{chapter.10}% 424
\BOOKMARK [2][-]{subsection.10.50.1}{\376\377\0001\0000\000.\0005\0000\000.\0001\000\040\000D\000e\000t\000a\000i\000l\000e\000d\000\040\000D\000e\000s\000c\000r\000i\000p\000t\000i\000o\000n}{section.10.50}% 425
\BOOKMARK [1][-]{section.10.51}{\376\377\0001\0000\000.\0005\0001\000\040\000p\000r\000e\000s\000s\000u\000r\000e\000r\000e\000f\000e\000r\000e\000n\000c\000e\000b\000c\000.\000h\000p\000p}{chapter.10}% 426
\BOOKMARK [1][-]{section.10.52}{\376\377\0001\0000\000.\0005\0002\000\040\000m\000o\000d\000e\000l\000/\000r\000e\000s\000i\000s\000t\000a\000n\000c\000e\000b\000c\000.\000h\000p\000p\000\040\000F\000i\000l\000e\000\040\000R\000e\000f\000e\000r\000e\000n\000c\000e}{chapter.10}% 427
\BOOKMARK [2][-]{subsection.10.52.1}{\376\377\0001\0000\000.\0005\0002\000.\0001\000\040\000D\000e\000t\000a\000i\000l\000e\000d\000\040\000D\000e\000s\000c\000r\000i\000p\000t\000i\000o\000n}{section.10.52}% 428
\BOOKMARK [1][-]{section.10.53}{\376\377\0001\0000\000.\0005\0003\000\040\000r\000e\000s\000i\000s\000t\000a\000n\000c\000e\000b\000c\000.\000h\000p\000p}{chapter.10}% 429
\BOOKMARK [1][-]{section.10.54}{\376\377\0001\0000\000.\0005\0004\000\040\000m\000o\000d\000e\000l\000/\000t\000i\000m\000e\000d\000e\000p\000e\000n\000d\000e\000n\000t\000p\000a\000r\000a\000m\000e\000t\000e\000r\000.\000h\000p\000p\000\040\000F\000i\000l\000e\000\040\000R\000e\000f\000e\000r\000e\000n\000c\000e}{chapter.10}% 430
\BOOKMARK [2][-]{subsection.10.54.1}{\376\377\0001\0000\000.\0005\0004\000.\0001\000\040\000D\000e\000t\000a\000i\000l\000e\000d\000\040\000D\000e\000s\000c\000r\000i\000p\000t\000i\000o\000n}{section.10.54}% 431
\BOOKMARK [1][-]{section.10.55}{\376\377\0001\0000\000.\0005\0005\000\040\000t\000i\000m\000e\000d\000e\000p\000e\000n\000d\000e\000n\000t\000p\000a\000r\000a\000m\000e\000t\000e\000r\000.\000h\000p\000p}{chapter.10}% 432
\BOOKMARK [1][-]{section.10.56}{\376\377\0001\0000\000.\0005\0006\000\040\000m\000o\000d\000e\000l\000/\000w\000i\000n\000d\000k\000e\000s\000s\000e\000l\000b\000c\000.\000h\000p\000p\000\040\000F\000i\000l\000e\000\040\000R\000e\000f\000e\000r\000e\000n\000c\000e}{chapter.10}% 433
\BOOKMARK [2][-]{subsection.10.56.1}{\376\377\0001\0000\000.\0005\0006\000.\0001\000\040\000D\000e\000t\000a\000i\000l\000e\000d\000\040\000D\000e\000s\000c\000r\000i\000p\000t\000i\000o\000n}{section.10.56}% 434
\BOOKMARK [1][-]{section.10.57}{\376\377\0001\0000\000.\0005\0007\000\040\000w\000i\000n\000d\000k\000e\000s\000s\000e\000l\000b\000c\000.\000h\000p\000p}{chapter.10}% 435
