This is pdfTeX, Version 3.141592653-2.6-1.40.24 (TeX Live 2022/Alpine Linux) (preloaded format=pdflatex 2022.7.13)  13 JUL 2022 18:33
entering extended mode
 restricted \write18 enabled.
 %&-line parsing enabled.
**refman
(./refman.tex
LaTeX2e <2021-11-15> patch level 1
L3 programming layer <2022-04-10>
(/usr/share/texmf-dist/tex/latex/base/book.cls
Document Class: book 2021/10/04 v1.4n Standard LaTeX document class
(/usr/share/texmf-dist/tex/latex/base/bk10.clo
File: bk10.clo 2021/10/04 v1.4n Standard LaTeX file (size option)
)
\c@part=\count185
\c@chapter=\count186
\c@section=\count187
\c@subsection=\count188
\c@subsubsection=\count189
\c@paragraph=\count190
\c@subparagraph=\count191
\c@figure=\count192
\c@table=\count193
\abovecaptionskip=\skip47
\belowcaptionskip=\skip48
\bibindent=\dimen138
)
(/usr/share/texmf-dist/tex/latex/base/ifthen.sty
Package: ifthen 2020/11/24 v1.1c Standard LaTeX ifthen package (DPC)
)
(/usr/share/texmf-dist/tex/latex/tools/array.sty
Rollback for package 'array' requested -> date 2016-10-06.
         Best approximation is the release introduced on 2016-10-06.

(/usr/share/texmf-dist/tex/latex/tools/array-2016-10-06.sty
Package: array 2016/10/06 v2.4d Tabular extension package (FMi)
\col@sep=\dimen139
\extrarowheight=\dimen140
\NC@list=\toks16
\extratabsurround=\skip49
\backup@length=\skip50
))
(/usr/share/texmf-dist/tex/latex/base/fixltx2e.sty
Package: fixltx2e 2016/12/29 v2.1a fixes to LaTeX (obsolete)
Applying: [2015/01/01] Old fixltx2e package on input line 46.


Package fixltx2e Warning: fixltx2e is not required with releases after 2015
(fixltx2e)                All fixes are now in the LaTeX kernel.
(fixltx2e)                See the latexrelease package for details.

Already applied: [0000/00/00] Old fixltx2e package on input line 53.
) (./doxygen.sty
Package: doxygen 
 (/usr/share/texmf-dist/tex/latex/base/alltt.sty
Package: alltt 2021/01/29 v2.0g defines alltt environment
)
(/usr/share/texmf-dist/tex/latex/tools/calc.sty
Package: calc 2017/05/25 v4.3 Infix arithmetic (KKT,FJ)
\calc@Acount=\count194
\calc@Bcount=\count195
\calc@Adimen=\dimen141
\calc@Bdimen=\dimen142
\calc@Askip=\skip51
\calc@Bskip=\skip52
LaTeX Info: Redefining \setlength on input line 80.
LaTeX Info: Redefining \addtolength on input line 81.
\calc@Ccount=\count196
\calc@Cskip=\skip53
)
(/usr/share/texmf-dist/tex/latex/float/float.sty
Package: float 2001/11/08 v1.3d Float enhancements (AL)
\c@float@type=\count197
\float@exts=\toks17
\float@box=\box50
\@float@everytoks=\toks18
\@floatcapt=\box51
)
(/usr/share/texmf-dist/tex/latex/tools/verbatim.sty
Package: verbatim 2020-07-07 v1.5u LaTeX2e package for verbatim enhancements
\every@verbatim=\toks19
\verbatim@line=\toks20
\verbatim@in@stream=\read2
)
(/usr/share/texmf-dist/tex/latex/xcolor/xcolor.sty
Package: xcolor 2021/10/31 v2.13 LaTeX color extensions (UK)

(/usr/share/texmf-dist/tex/latex/graphics-cfg/color.cfg
File: color.cfg 2016/01/02 v1.6 sample color configuration
)
Package xcolor Info: Driver file: pdftex.def on input line 227.

(/usr/share/texmf-dist/tex/latex/graphics-def/pdftex.def
File: pdftex.def 2020/10/05 v1.2a Graphics/color driver for pdftex
)
(/usr/share/texmf-dist/tex/latex/colortbl/colortbl.sty
Package: colortbl 2020/01/04 v1.0e Color table columns (DPC)
\everycr=\toks21
\minrowclearance=\skip54
)
\rownum=\count198
Package xcolor Info: Model `cmy' substituted by `cmy0' on input line 1352.
Package xcolor Info: Model `hsb' substituted by `rgb' on input line 1356.
Package xcolor Info: Model `RGB' extended on input line 1368.
Package xcolor Info: Model `HTML' substituted by `rgb' on input line 1370.
Package xcolor Info: Model `Hsb' substituted by `hsb' on input line 1371.
Package xcolor Info: Model `tHsb' substituted by `hsb' on input line 1372.
Package xcolor Info: Model `HSB' substituted by `hsb' on input line 1373.
Package xcolor Info: Model `Gray' substituted by `gray' on input line 1374.
Package xcolor Info: Model `wave' substituted by `hsb' on input line 1375.
)
(./longtable_doxygen.sty
Package: longtable_doxygen 2014/10/28 v4.11 Multi-page Table package (DPC) - fr
ozen version for doxygen
\LTleft=\skip55
\LTright=\skip56
\LTpre=\skip57
\LTpost=\skip58
\LTchunksize=\count199
\LTcapwidth=\dimen143
\LT@head=\box52
\LT@firsthead=\box53
\LT@foot=\box54
\LT@lastfoot=\box55
\LT@cols=\count266
\LT@rows=\count267
\c@LT@tables=\count268
\c@LT@chunks=\count269
\LT@p@ftn=\toks22
) (./tabu_doxygen.sty
Package: tabu_doxygen 2011/02/26 v2.8 - flexible LaTeX tabulars (FC), frozen ve
rsion for doxygen

(/usr/share/texmf-dist/tex/latex/varwidth/varwidth.sty
Package: varwidth 2009/03/30 ver 0.92;  Variable-width minipages
\@vwid@box=\box56
\sift@deathcycles=\count270
\@vwid@loff=\dimen144
\@vwid@roff=\dimen145
)
\c@taburow=\count271
\tabu@nbcols=\count272
\tabu@cnt=\count273
\tabu@Xcol=\count274
\tabu@alloc=\count275
\tabu@nested=\count276
\tabu@target=\dimen146
\tabu@spreadtarget=\dimen147
\tabu@naturalX=\dimen148
\tabucolX=\dimen149
\tabu@Xsum=\dimen150
\extrarowdepth=\dimen151
\abovetabulinesep=\dimen152
\belowtabulinesep=\dimen153
\tabustrutrule=\dimen154
\tabu@thebody=\toks23
\tabu@footnotes=\toks24
\tabu@box=\box57
\tabu@arstrutbox=\box58
\tabu@hleads=\box59
\tabu@vleads=\box60
\tabu@cellskip=\skip59
)
(/usr/share/texmf-dist/tex/latex/fancyvrb/fancyvrb.sty
Package: fancyvrb 2022/04/12 4.2 verbatim text (tvz,hv)

(/usr/share/texmf-dist/tex/latex/graphics/keyval.sty
Package: keyval 2014/10/28 v1.15 key=value parser (DPC)
\KV@toks@=\toks25
)
\FV@CodeLineNo=\count277
\FV@InFile=\read3
\FV@TabBox=\box61
\c@FancyVerbLine=\count278
\FV@StepNumber=\count279
\FV@OutFile=\write3
)
(/usr/share/texmf-dist/tex/latex/tools/tabularx.sty
Package: tabularx 2020/01/15 v2.11c `tabularx' package (DPC)
\TX@col@width=\dimen155
\TX@old@table=\dimen156
\TX@old@col=\dimen157
\TX@target=\dimen158
\TX@delta=\dimen159
\TX@cols=\count280
\TX@ftn=\toks26
)
(/usr/share/texmf-dist/tex/latex/tools/multicol.sty
Package: multicol 2021/10/28 v1.9b multicolumn formatting (FMi)
\c@tracingmulticols=\count281
\mult@box=\box62
\multicol@leftmargin=\dimen160
\c@unbalance=\count282
\c@collectmore=\count283
\doublecol@number=\count284
\multicoltolerance=\count285
\multicolpretolerance=\count286
\full@width=\dimen161
\page@free=\dimen162
\premulticols=\dimen163
\postmulticols=\dimen164
\multicolsep=\skip60
\multicolbaselineskip=\skip61
\partial@page=\box63
\last@line=\box64
\maxbalancingoverflow=\dimen165
\mult@rightbox=\box65
\mult@grightbox=\box66
\mult@firstbox=\box67
\mult@gfirstbox=\box68
\@tempa=\box69
\@tempa=\box70
\@tempa=\box71
\@tempa=\box72
\@tempa=\box73
\@tempa=\box74
\@tempa=\box75
\@tempa=\box76
\@tempa=\box77
\@tempa=\box78
\@tempa=\box79
\@tempa=\box80
\@tempa=\box81
\@tempa=\box82
\@tempa=\box83
\@tempa=\box84
\@tempa=\box85
\@tempa=\box86
\@tempa=\box87
\@tempa=\box88
\@tempa=\box89
\@tempa=\box90
\@tempa=\box91
\@tempa=\box92
\@tempa=\box93
\@tempa=\box94
\@tempa=\box95
\@tempa=\box96
\@tempa=\box97
\@tempa=\box98
\@tempa=\box99
\@tempa=\box100
\@tempa=\box101
\@tempa=\box102
\@tempa=\box103
\@tempa=\box104
\c@minrows=\count287
\c@columnbadness=\count288
\c@finalcolumnbadness=\count289
\last@try=\dimen166
\multicolovershoot=\dimen167
\multicolundershoot=\dimen168
\mult@nat@firstbox=\box105
\colbreak@box=\box106
\mc@col@check@num=\count290
)
(/usr/share/texmf-dist/tex/latex/multirow/multirow.sty
Package: multirow 2021/03/15 v2.8 Span multiple rows of a table
\multirow@colwidth=\skip62
\multirow@cntb=\count291
\multirow@dima=\skip63
\bigstrutjot=\dimen169
)
(/usr/share/texmf-dist/tex/latex/hanging/hanging.sty
Package: hanging 2009/09/02 v1.2b hanging paragraphs and punctuation
\h@ngcommawd=\skip64
\h@ngfstopwd=\skip65
\h@ngquotewd=\skip66
\h@ngdquotewd=\skip67
\h@ngquerywd=\skip68
\h@ngexclwd=\skip69
\h@ngcolonwd=\skip70
\h@ngscolonwd=\skip71
)
(/usr/share/texmf-dist/tex/generic/iftex/ifpdf.sty
Package: ifpdf 2019/10/25 v3.4 ifpdf legacy package. Use iftex instead.

(/usr/share/texmf-dist/tex/generic/iftex/iftex.sty
Package: iftex 2022/02/03 v1.0f TeX engine tests
))
(/usr/share/texmf-dist/tex/latex/adjustbox/adjustbox.sty
Package: adjustbox 2020/08/19 v1.3 Adjusting TeX boxes (trim, clip, ...)

(/usr/share/texmf-dist/tex/latex/xkeyval/xkeyval.sty
Package: xkeyval 2020/11/20 v2.8 package option processing (HA)

(/usr/share/texmf-dist/tex/generic/xkeyval/xkeyval.tex
(/usr/share/texmf-dist/tex/generic/xkeyval/xkvutils.tex
\XKV@toks=\toks27
\XKV@tempa@toks=\toks28
)
\XKV@depth=\count292
File: xkeyval.tex 2014/12/03 v2.7a key=value parser (HA)
))
(/usr/share/texmf-dist/tex/latex/adjustbox/adjcalc.sty
Package: adjcalc 2012/05/16 v1.1 Provides advanced setlength with multiple back
-ends (calc, etex, pgfmath)
)
(/usr/share/texmf-dist/tex/latex/adjustbox/trimclip.sty
Package: trimclip 2020/08/19 v1.2 Trim and clip general TeX material

(/usr/share/texmf-dist/tex/latex/graphics/graphicx.sty
Package: graphicx 2021/09/16 v1.2d Enhanced LaTeX Graphics (DPC,SPQR)

(/usr/share/texmf-dist/tex/latex/graphics/graphics.sty
Package: graphics 2021/03/04 v1.4d Standard LaTeX Graphics (DPC,SPQR)

(/usr/share/texmf-dist/tex/latex/graphics/trig.sty
Package: trig 2021/08/11 v1.11 sin cos tan (DPC)
)
(/usr/share/texmf-dist/tex/latex/graphics-cfg/graphics.cfg
File: graphics.cfg 2016/06/04 v1.11 sample graphics configuration
)
Package graphics Info: Driver file: pdftex.def on input line 107.
)
\Gin@req@height=\dimen170
\Gin@req@width=\dimen171
)
(/usr/share/texmf-dist/tex/latex/collectbox/collectbox.sty
Package: collectbox 2012/05/17 v0.4b Collect macro arguments as boxes
\collectedbox=\box107
)
\tc@llx=\dimen172
\tc@lly=\dimen173
\tc@urx=\dimen174
\tc@ury=\dimen175
Package trimclip Info: Using driver 'tc-pdftex.def'.

(/usr/share/texmf-dist/tex/latex/adjustbox/tc-pdftex.def
File: tc-pdftex.def 2019/01/04 v2.2 Clipping driver for pdftex
))
\adjbox@Width=\dimen176
\adjbox@Height=\dimen177
\adjbox@Depth=\dimen178
\adjbox@Totalheight=\dimen179
\adjbox@pwidth=\dimen180
\adjbox@pheight=\dimen181
\adjbox@pdepth=\dimen182
\adjbox@ptotalheight=\dimen183

(/usr/share/texmf-dist/tex/latex/ifoddpage/ifoddpage.sty
Package: ifoddpage 2016/04/23 v1.1 Conditionals for odd/even page detection
\c@checkoddpage=\count293
))
(/usr/share/texmf-dist/tex/latex/amsfonts/amssymb.sty
Package: amssymb 2013/01/14 v3.01 AMS font symbols

(/usr/share/texmf-dist/tex/latex/amsfonts/amsfonts.sty
Package: amsfonts 2013/01/14 v3.01 Basic AMSFonts support
\@emptytoks=\toks29
\symAMSa=\mathgroup4
\symAMSb=\mathgroup5
LaTeX Font Info:    Redeclaring math symbol \hbar on input line 98.
LaTeX Font Info:    Overwriting math alphabet `\mathfrak' in version `bold'
(Font)                  U/euf/m/n --> U/euf/b/n on input line 106.
))
(/usr/share/texmf-dist/tex/latex/stackengine/stackengine.sty
Package: stackengine 2021/07/22 v4.11\ Stacking text and objects in convenient 
ways

(/usr/share/texmf-dist/tex/latex/etoolbox/etoolbox.sty
Package: etoolbox 2020/10/05 v2.5k e-TeX tools for LaTeX (JAW)
\etb@tempcnta=\count294
)
(/usr/share/texmf-dist/tex/generic/listofitems/listofitems.sty
(/usr/share/texmf-dist/tex/generic/listofitems/listofitems.tex
\loi_cnt_foreach_nest=\count295
\loi_nestcnt=\count296
)
Package: listofitems 2019/08/21 v1.63 Grab items in lists using user-specified 
sep char (CT)
)
\c@@stackindex=\count297
\@boxshift=\skip72
\stack@tmplength=\skip73
\temp@stkl=\skip74
\@stackedboxwidth=\skip75
\@addedbox=\box108
\@anchorbox=\box109
\@insetbox=\box110
\se@backgroundbox=\box111
\stackedbox=\box112
\@centerbox=\box113
\c@ROWcellindex@=\count298
)
(/usr/share/texmf-dist/tex/latex/enumitem/enumitem.sty
Package: enumitem 2019/06/20 v3.9 Customized lists
\labelindent=\skip76
\enit@outerparindent=\dimen184
\enit@toks=\toks30
\enit@inbox=\box114
\enit@count@id=\count299
\enitdp@description=\count300
)
(/usr/share/texmf-dist/tex/generic/alphalph/alphalph.sty
Package: alphalph 2019/12/09 v2.6 Convert numbers to letters (HO)

(/usr/share/texmf-dist/tex/generic/infwarerr/infwarerr.sty
Package: infwarerr 2019/12/03 v1.5 Providing info/warning/error messages (HO)
)
(/usr/share/texmf-dist/tex/generic/intcalc/intcalc.sty
Package: intcalc 2019/12/15 v1.3 Expandable calculations with integers (HO)
))
(/usr/share/texmf-dist/tex/generic/ulem/ulem.sty
\UL@box=\box115
\UL@hyphenbox=\box116
\UL@skip=\skip77
\UL@hook=\toks31
\UL@height=\dimen185
\UL@pe=\count301
\UL@pixel=\dimen186
\ULC@box=\box117
Package: ulem 2019/11/18
\ULdepth=\dimen187
)
\xrefbox=\box118
\xreflength=\skip78
\CodeWidthChar=\skip79
\CodeHeightChar=\skip80
\DoxyCodeWidth=\skip81
\c@DoxyEnumeratei=\count302
\c@DoxyEnumerateii=\count303
\c@DoxyEnumerateiii=\count304
\c@DoxyEnumerateiv=\count305
\c@DoxyEnumeratev=\count306
\c@DoxyEnumeratevi=\count307
\c@DoxyEnumeratevii=\count308
\c@DoxyEnumerateviii=\count309
\c@DoxyEnumerateix=\count310
\c@DoxyEnumeratex=\count311
\c@DoxyEnumeratexi=\count312
\c@DoxyEnumeratexii=\count313
\enitdp@DoxyEnumerate=\count314
\enitdp@DoxyItemize=\count315
)
(/usr/share/texmf-dist/tex/latex/base/inputenc.sty
Package: inputenc 2021/02/14 v1.3d Input encoding file
\inpenc@prehook=\toks32
\inpenc@posthook=\toks33
)
(/usr/share/texmf-dist/tex/latex/base/makeidx.sty
Package: makeidx 2021/10/04 v1.0m Standard LaTeX package
)
(/usr/share/texmf-dist/tex/latex/base/textcomp.sty
Package: textcomp 2020/02/02 v2.0n Standard LaTeX package
)
(/usr/share/texmf-dist/tex/latex/wasysym/wasysym.sty
Package: wasysym 2020/01/19 v2.4 Wasy-2 symbol support package
\symwasy=\mathgroup6
LaTeX Font Info:    Overwriting symbol font `wasy' in version `bold'
(Font)                  U/wasy/m/n --> U/wasy/b/n on input line 93.
)
(/usr/share/texmf-dist/tex/generic/iftex/ifxetex.sty
Package: ifxetex 2019/10/25 v0.7 ifxetex legacy package. Use iftex instead.
)
(/usr/share/texmf-dist/tex/latex/base/fontenc.sty
Package: fontenc 2021/04/29 v2.0v Standard LaTeX package
)
(/usr/share/texmf-dist/tex/latex/psnfss/helvet.sty
Package: helvet 2020/03/25 PSNFSS-v9.3 (WaS) 
)
(/usr/share/texmf-dist/tex/latex/psnfss/courier.sty
Package: courier 2020/03/25 PSNFSS-v9.3 (WaS) 
)
(/usr/share/texmf-dist/tex/latex/sectsty/sectsty.sty
Package: sectsty 2002/02/25 v2.0.2 Commands to change all sectional heading sty
les


LaTeX Warning: Command \underbar  has changed.
               Check if current package is valid.


LaTeX Warning: Command \underline  has changed.
               Check if current package is valid.

) (/usr/share/texmf-dist/tex/latex/geometry/geometry.sty
Package: geometry 2020/01/02 v5.9 Page Geometry

(/usr/share/texmf-dist/tex/generic/iftex/ifvtex.sty
Package: ifvtex 2019/10/25 v1.7 ifvtex legacy package. Use iftex instead.
)
\Gm@cnth=\count316
\Gm@cntv=\count317
\c@Gm@tempcnt=\count318
\Gm@bindingoffset=\dimen188
\Gm@wd@mp=\dimen189
\Gm@odd@mp=\dimen190
\Gm@even@mp=\dimen191
\Gm@layoutwidth=\dimen192
\Gm@layoutheight=\dimen193
\Gm@layouthoffset=\dimen194
\Gm@layoutvoffset=\dimen195
\Gm@dimlist=\toks34
)
(/usr/share/texmf-dist/tex/latex/fancyhdr/fancyhdr.sty
Package: fancyhdr 2021/01/28 v4.0.1 Extensive control of page headers and foote
rs
\f@nch@headwidth=\skip82
\f@nch@O@elh=\skip83
\f@nch@O@erh=\skip84
\f@nch@O@olh=\skip85
\f@nch@O@orh=\skip86
\f@nch@O@elf=\skip87
\f@nch@O@erf=\skip88
\f@nch@O@olf=\skip89
\f@nch@O@orf=\skip90
)
(/usr/share/texmf-dist/tex/latex/natbib/natbib.sty
Package: natbib 2010/09/13 8.31b (PWD, AO)
\bibhang=\skip91
\bibsep=\skip92
LaTeX Info: Redefining \cite on input line 694.
\c@NAT@ctr=\count319
)
(/usr/share/texmf-dist/tex/latex/tocloft/tocloft.sty
Package: tocloft 2017/08/31 v2.3i parameterised ToC, etc., typesetting
Package tocloft Info: The document has chapter divisions on input line 51.
\cftparskip=\skip93
\cftbeforetoctitleskip=\skip94
\cftaftertoctitleskip=\skip95
\cftbeforepartskip=\skip96
\cftpartnumwidth=\skip97
\cftpartindent=\skip98
\cftbeforechapskip=\skip99
\cftchapindent=\skip100
\cftchapnumwidth=\skip101
\cftbeforesecskip=\skip102
\cftsecindent=\skip103
\cftsecnumwidth=\skip104
\cftbeforesubsecskip=\skip105
\cftsubsecindent=\skip106
\cftsubsecnumwidth=\skip107
\cftbeforesubsubsecskip=\skip108
\cftsubsubsecindent=\skip109
\cftsubsubsecnumwidth=\skip110
\cftbeforeparaskip=\skip111
\cftparaindent=\skip112
\cftparanumwidth=\skip113
\cftbeforesubparaskip=\skip114
\cftsubparaindent=\skip115
\cftsubparanumwidth=\skip116
\cftbeforeloftitleskip=\skip117
\cftafterloftitleskip=\skip118
\cftbeforefigskip=\skip119
\cftfigindent=\skip120
\cftfignumwidth=\skip121
\c@lofdepth=\count320
\c@lotdepth=\count321
\cftbeforelottitleskip=\skip122
\cftafterlottitleskip=\skip123
\cftbeforetabskip=\skip124
\cfttabindent=\skip125
\cfttabnumwidth=\skip126
)
\@indexfile=\write4
\openout4 = `refman.idx'.


Writing index file refman.idx
(/usr/share/texmf-dist/tex/latex/pgf/frontendlayer/tikz.sty
(/usr/share/texmf-dist/tex/latex/pgf/basiclayer/pgf.sty
(/usr/share/texmf-dist/tex/latex/pgf/utilities/pgfrcs.sty
(/usr/share/texmf-dist/tex/generic/pgf/utilities/pgfutil-common.tex
\pgfutil@everybye=\toks35
\pgfutil@tempdima=\dimen196
\pgfutil@tempdimb=\dimen197

(/usr/share/texmf-dist/tex/generic/pgf/utilities/pgfutil-common-lists.tex))
(/usr/share/texmf-dist/tex/generic/pgf/utilities/pgfutil-latex.def
\pgfutil@abb=\box119
)
(/usr/share/texmf-dist/tex/generic/pgf/utilities/pgfrcs.code.tex
(/usr/share/texmf-dist/tex/generic/pgf/pgf.revision.tex)
Package: pgfrcs 2021/05/15 v3.1.9a (3.1.9a)
))
Package: pgf 2021/05/15 v3.1.9a (3.1.9a)

(/usr/share/texmf-dist/tex/latex/pgf/basiclayer/pgfcore.sty
(/usr/share/texmf-dist/tex/latex/pgf/systemlayer/pgfsys.sty
(/usr/share/texmf-dist/tex/generic/pgf/systemlayer/pgfsys.code.tex
Package: pgfsys 2021/05/15 v3.1.9a (3.1.9a)

(/usr/share/texmf-dist/tex/generic/pgf/utilities/pgfkeys.code.tex
\pgfkeys@pathtoks=\toks36
\pgfkeys@temptoks=\toks37

(/usr/share/texmf-dist/tex/generic/pgf/utilities/pgfkeysfiltered.code.tex
\pgfkeys@tmptoks=\toks38
))
\pgf@x=\dimen198
\pgf@y=\dimen199
\pgf@xa=\dimen256
\pgf@ya=\dimen257
\pgf@xb=\dimen258
\pgf@yb=\dimen259
\pgf@xc=\dimen260
\pgf@yc=\dimen261
\pgf@xd=\dimen262
\pgf@yd=\dimen263
\w@pgf@writea=\write5
\r@pgf@reada=\read4
\c@pgf@counta=\count322
\c@pgf@countb=\count323
\c@pgf@countc=\count324
\c@pgf@countd=\count325
\t@pgf@toka=\toks39
\t@pgf@tokb=\toks40
\t@pgf@tokc=\toks41
\pgf@sys@id@count=\count326

(/usr/share/texmf-dist/tex/generic/pgf/systemlayer/pgf.cfg
File: pgf.cfg 2021/05/15 v3.1.9a (3.1.9a)
)
Driver file for pgf: pgfsys-pdftex.def

(/usr/share/texmf-dist/tex/generic/pgf/systemlayer/pgfsys-pdftex.def
File: pgfsys-pdftex.def 2021/05/15 v3.1.9a (3.1.9a)

(/usr/share/texmf-dist/tex/generic/pgf/systemlayer/pgfsys-common-pdf.def
File: pgfsys-common-pdf.def 2021/05/15 v3.1.9a (3.1.9a)
)))
(/usr/share/texmf-dist/tex/generic/pgf/systemlayer/pgfsyssoftpath.code.tex
File: pgfsyssoftpath.code.tex 2021/05/15 v3.1.9a (3.1.9a)
\pgfsyssoftpath@smallbuffer@items=\count327
\pgfsyssoftpath@bigbuffer@items=\count328
)
(/usr/share/texmf-dist/tex/generic/pgf/systemlayer/pgfsysprotocol.code.tex
File: pgfsysprotocol.code.tex 2021/05/15 v3.1.9a (3.1.9a)
))
(/usr/share/texmf-dist/tex/generic/pgf/basiclayer/pgfcore.code.tex
Package: pgfcore 2021/05/15 v3.1.9a (3.1.9a)

(/usr/share/texmf-dist/tex/generic/pgf/math/pgfmath.code.tex
(/usr/share/texmf-dist/tex/generic/pgf/math/pgfmathcalc.code.tex
(/usr/share/texmf-dist/tex/generic/pgf/math/pgfmathutil.code.tex)
(/usr/share/texmf-dist/tex/generic/pgf/math/pgfmathparser.code.tex
\pgfmath@dimen=\dimen264
\pgfmath@count=\count329
\pgfmath@box=\box120
\pgfmath@toks=\toks42
\pgfmath@stack@operand=\toks43
\pgfmath@stack@operation=\toks44
)
(/usr/share/texmf-dist/tex/generic/pgf/math/pgfmathfunctions.code.tex
(/usr/share/texmf-dist/tex/generic/pgf/math/pgfmathfunctions.basic.code.tex)
(/usr/share/texmf-dist/tex/generic/pgf/math/pgfmathfunctions.trigonometric.code
.tex)
(/usr/share/texmf-dist/tex/generic/pgf/math/pgfmathfunctions.random.code.tex)
(/usr/share/texmf-dist/tex/generic/pgf/math/pgfmathfunctions.comparison.code.te
x) (/usr/share/texmf-dist/tex/generic/pgf/math/pgfmathfunctions.base.code.tex)
(/usr/share/texmf-dist/tex/generic/pgf/math/pgfmathfunctions.round.code.tex)
(/usr/share/texmf-dist/tex/generic/pgf/math/pgfmathfunctions.misc.code.tex)
(/usr/share/texmf-dist/tex/generic/pgf/math/pgfmathfunctions.integerarithmetics
.code.tex))) (/usr/share/texmf-dist/tex/generic/pgf/math/pgfmathfloat.code.tex
\c@pgfmathroundto@lastzeros=\count330
)) (/usr/share/texmf-dist/tex/generic/pgf/math/pgfint.code.tex)
(/usr/share/texmf-dist/tex/generic/pgf/basiclayer/pgfcorepoints.code.tex
File: pgfcorepoints.code.tex 2021/05/15 v3.1.9a (3.1.9a)
\pgf@picminx=\dimen265
\pgf@picmaxx=\dimen266
\pgf@picminy=\dimen267
\pgf@picmaxy=\dimen268
\pgf@pathminx=\dimen269
\pgf@pathmaxx=\dimen270
\pgf@pathminy=\dimen271
\pgf@pathmaxy=\dimen272
\pgf@xx=\dimen273
\pgf@xy=\dimen274
\pgf@yx=\dimen275
\pgf@yy=\dimen276
\pgf@zx=\dimen277
\pgf@zy=\dimen278
)
(/usr/share/texmf-dist/tex/generic/pgf/basiclayer/pgfcorepathconstruct.code.tex
File: pgfcorepathconstruct.code.tex 2021/05/15 v3.1.9a (3.1.9a)
\pgf@path@lastx=\dimen279
\pgf@path@lasty=\dimen280
) (/usr/share/texmf-dist/tex/generic/pgf/basiclayer/pgfcorepathusage.code.tex
File: pgfcorepathusage.code.tex 2021/05/15 v3.1.9a (3.1.9a)
\pgf@shorten@end@additional=\dimen281
\pgf@shorten@start@additional=\dimen282
)
(/usr/share/texmf-dist/tex/generic/pgf/basiclayer/pgfcorescopes.code.tex
File: pgfcorescopes.code.tex 2021/05/15 v3.1.9a (3.1.9a)
\pgfpic=\box121
\pgf@hbox=\box122
\pgf@layerbox@main=\box123
\pgf@picture@serial@count=\count331
)
(/usr/share/texmf-dist/tex/generic/pgf/basiclayer/pgfcoregraphicstate.code.tex
File: pgfcoregraphicstate.code.tex 2021/05/15 v3.1.9a (3.1.9a)
\pgflinewidth=\dimen283
)
(/usr/share/texmf-dist/tex/generic/pgf/basiclayer/pgfcoretransformations.code.t
ex
File: pgfcoretransformations.code.tex 2021/05/15 v3.1.9a (3.1.9a)
\pgf@pt@x=\dimen284
\pgf@pt@y=\dimen285
\pgf@pt@temp=\dimen286
) (/usr/share/texmf-dist/tex/generic/pgf/basiclayer/pgfcorequick.code.tex
File: pgfcorequick.code.tex 2021/05/15 v3.1.9a (3.1.9a)
)
(/usr/share/texmf-dist/tex/generic/pgf/basiclayer/pgfcoreobjects.code.tex
File: pgfcoreobjects.code.tex 2021/05/15 v3.1.9a (3.1.9a)
)
(/usr/share/texmf-dist/tex/generic/pgf/basiclayer/pgfcorepathprocessing.code.te
x
File: pgfcorepathprocessing.code.tex 2021/05/15 v3.1.9a (3.1.9a)
) (/usr/share/texmf-dist/tex/generic/pgf/basiclayer/pgfcorearrows.code.tex
File: pgfcorearrows.code.tex 2021/05/15 v3.1.9a (3.1.9a)
\pgfarrowsep=\dimen287
)
(/usr/share/texmf-dist/tex/generic/pgf/basiclayer/pgfcoreshade.code.tex
File: pgfcoreshade.code.tex 2021/05/15 v3.1.9a (3.1.9a)
\pgf@max=\dimen288
\pgf@sys@shading@range@num=\count332
\pgf@shadingcount=\count333
)
(/usr/share/texmf-dist/tex/generic/pgf/basiclayer/pgfcoreimage.code.tex
File: pgfcoreimage.code.tex 2021/05/15 v3.1.9a (3.1.9a)

(/usr/share/texmf-dist/tex/generic/pgf/basiclayer/pgfcoreexternal.code.tex
File: pgfcoreexternal.code.tex 2021/05/15 v3.1.9a (3.1.9a)
\pgfexternal@startupbox=\box124
))
(/usr/share/texmf-dist/tex/generic/pgf/basiclayer/pgfcorelayers.code.tex
File: pgfcorelayers.code.tex 2021/05/15 v3.1.9a (3.1.9a)
)
(/usr/share/texmf-dist/tex/generic/pgf/basiclayer/pgfcoretransparency.code.tex
File: pgfcoretransparency.code.tex 2021/05/15 v3.1.9a (3.1.9a)
) (/usr/share/texmf-dist/tex/generic/pgf/basiclayer/pgfcorepatterns.code.tex
File: pgfcorepatterns.code.tex 2021/05/15 v3.1.9a (3.1.9a)
)
(/usr/share/texmf-dist/tex/generic/pgf/basiclayer/pgfcorerdf.code.tex
File: pgfcorerdf.code.tex 2021/05/15 v3.1.9a (3.1.9a)
)))
(/usr/share/texmf-dist/tex/generic/pgf/modules/pgfmoduleshapes.code.tex
File: pgfmoduleshapes.code.tex 2021/05/15 v3.1.9a (3.1.9a)
\pgfnodeparttextbox=\box125
)
(/usr/share/texmf-dist/tex/generic/pgf/modules/pgfmoduleplot.code.tex
File: pgfmoduleplot.code.tex 2021/05/15 v3.1.9a (3.1.9a)
)
(/usr/share/texmf-dist/tex/latex/pgf/compatibility/pgfcomp-version-0-65.sty
Package: pgfcomp-version-0-65 2021/05/15 v3.1.9a (3.1.9a)
\pgf@nodesepstart=\dimen289
\pgf@nodesepend=\dimen290
)
(/usr/share/texmf-dist/tex/latex/pgf/compatibility/pgfcomp-version-1-18.sty
Package: pgfcomp-version-1-18 2021/05/15 v3.1.9a (3.1.9a)
))
(/usr/share/texmf-dist/tex/latex/pgf/utilities/pgffor.sty
(/usr/share/texmf-dist/tex/latex/pgf/utilities/pgfkeys.sty
(/usr/share/texmf-dist/tex/generic/pgf/utilities/pgfkeys.code.tex))
(/usr/share/texmf-dist/tex/latex/pgf/math/pgfmath.sty
(/usr/share/texmf-dist/tex/generic/pgf/math/pgfmath.code.tex))
(/usr/share/texmf-dist/tex/generic/pgf/utilities/pgffor.code.tex
Package: pgffor 2021/05/15 v3.1.9a (3.1.9a)

(/usr/share/texmf-dist/tex/generic/pgf/math/pgfmath.code.tex)
\pgffor@iter=\dimen291
\pgffor@skip=\dimen292
\pgffor@stack=\toks45
\pgffor@toks=\toks46
))
(/usr/share/texmf-dist/tex/generic/pgf/frontendlayer/tikz/tikz.code.tex
Package: tikz 2021/05/15 v3.1.9a (3.1.9a)

(/usr/share/texmf-dist/tex/generic/pgf/libraries/pgflibraryplothandlers.code.te
x
File: pgflibraryplothandlers.code.tex 2021/05/15 v3.1.9a (3.1.9a)
\pgf@plot@mark@count=\count334
\pgfplotmarksize=\dimen293
)
\tikz@lastx=\dimen294
\tikz@lasty=\dimen295
\tikz@lastxsaved=\dimen296
\tikz@lastysaved=\dimen297
\tikz@lastmovetox=\dimen298
\tikz@lastmovetoy=\dimen299
\tikzleveldistance=\dimen300
\tikzsiblingdistance=\dimen301
\tikz@figbox=\box126
\tikz@figbox@bg=\box127
\tikz@tempbox=\box128
\tikz@tempbox@bg=\box129
\tikztreelevel=\count335
\tikznumberofchildren=\count336
\tikznumberofcurrentchild=\count337
\tikz@fig@count=\count338
 (/usr/share/texmf-dist/tex/generic/pgf/modules/pgfmodulematrix.code.tex
File: pgfmodulematrix.code.tex 2021/05/15 v3.1.9a (3.1.9a)
\pgfmatrixcurrentrow=\count339
\pgfmatrixcurrentcolumn=\count340
\pgf@matrix@numberofcolumns=\count341
)
\tikz@expandcount=\count342

(/usr/share/texmf-dist/tex/generic/pgf/frontendlayer/tikz/libraries/tikzlibrary
topaths.code.tex
File: tikzlibrarytopaths.code.tex 2021/05/15 v3.1.9a (3.1.9a)
))) (/usr/share/texmf-dist/tex/latex/circuitikz/circuitikz.sty
Package: circuitikz 2022/02/04{} The CircuiTikz circuit drawing package version
 1.4.6

(/usr/share/texmf-dist/tex/generic/pgf/frontendlayer/tikz/libraries/tikzlibrary
calc.code.tex
File: tikzlibrarycalc.code.tex 2021/05/15 v3.1.9a (3.1.9a)
)
(/usr/share/texmf-dist/tex/generic/pgf/libraries/pgflibraryarrows.meta.code.tex
File: pgflibraryarrows.meta.code.tex 2021/05/15 v3.1.9a (3.1.9a)
\pgfarrowinset=\dimen302
\pgfarrowlength=\dimen303
\pgfarrowwidth=\dimen304
\pgfarrowlinewidth=\dimen305
)
(/usr/share/texmf-dist/tex/generic/pgf/frontendlayer/tikz/libraries/tikzlibrary
bending.code.tex
File: tikzlibrarybending.code.tex 2021/05/15 v3.1.9a (3.1.9a)

(/usr/share/texmf-dist/tex/generic/pgf/modules/pgfmodulebending.code.tex
File: pgfmodulebending.code.tex 2021/05/15 v3.1.9a (3.1.9a)

(/usr/share/texmf-dist/tex/generic/pgf/modules/pgfmodulenonlineartransformation
s.code.tex
File: pgfmodulenonlineartransformations.code.tex 2021/05/15 v3.1.9a (3.1.9a)
\pgftransformnonlinearflatness=\dimen306
)
(/usr/share/texmf-dist/tex/generic/pgf/libraries/pgflibrarycurvilinear.code.tex
File: pgflibrarycurvilinear.code.tex 2021/05/15 v3.1.9a (3.1.9a)
\pgf@curvilinear@time@a=\dimen307
\pgf@curvilinear@length@a=\dimen308
\pgf@curvilinear@length@b=\dimen309
\pgf@curvilinear@length@c=\dimen310
\pgf@curvilinear@length@d=\dimen311
)
\pgf@arrows@the@rigidity=\dimen312
))
(/usr/share/texmf-dist/tex/generic/pgf/frontendlayer/tikz/libraries/tikzlibrary
fpu.code.tex
(/usr/share/texmf-dist/tex/generic/pgf/libraries/pgflibraryfpu.code.tex))
(/usr/share/texmf-dist/tex/generic/circuitikz/pgfcirc.defines.tex
\pgf@circ@count@a=\count343
\pgf@circ@count@b=\count344
\pgf@circ@count@c=\count345
\pgf@circ@res@up=\dimen313
\pgf@circ@res@down=\dimen314
\pgf@circ@res@zero=\dimen315
\pgf@circ@res@left=\dimen316
\pgf@circ@res@right=\dimen317
\pgf@circ@res@other=\dimen318
\pgf@circ@res@step=\dimen319
\pgf@circ@res@temp=\dimen320
\pgf@circ@Rlen=\dimen321
\pgf@circ@scaled@Rlen=\dimen322
\pgfstartlinewidth=\dimen323
)
(/usr/share/texmf-dist/tex/generic/circuitikz/pgfcircutils.tex
\ctikz@scratchbox=\box130
)
(/usr/share/texmf-dist/tex/generic/circuitikz/pgfcircpath.tex)
(/usr/share/texmf-dist/tex/generic/circuitikz/pgfcircshapes.tex)
(/usr/share/texmf-dist/tex/generic/circuitikz/pgfcircmonopoles.tex)
(/usr/share/texmf-dist/tex/generic/circuitikz/pgfcircbipoles.tex)
(/usr/share/texmf-dist/tex/generic/circuitikz/pgfcirctripoles.tex
\pgf@circ@res@count=\count346
)
(/usr/share/texmf-dist/tex/generic/circuitikz/pgfcircquadpoles.tex)
(/usr/share/texmf-dist/tex/generic/circuitikz/pgfcircmultipoles.tex)
(/usr/share/texmf-dist/tex/generic/circuitikz/pgfcirclabel.tex)
(/usr/share/texmf-dist/tex/generic/circuitikz/pgfcircvoltage.tex
\pgfcirc@labelshift=\dimen324
)
(/usr/share/texmf-dist/tex/generic/circuitikz/pgfcirccurrent.tex)
(/usr/share/texmf-dist/tex/generic/circuitikz/pgfcircflow.tex))
(/usr/share/texmf-dist/tex/latex/newunicodechar/newunicodechar.sty
Package: newunicodechar 2018/04/08 v1.2 Defining Unicode characters
)

Package newunicodechar Warning: Redefining Unicode character on input line 119.



Package newunicodechar Warning: Redefining Unicode character on input line 120.


(/usr/share/texmf-dist/tex/latex/hyperref/hyperref.sty
Package: hyperref 2022-02-21 v7.00n Hypertext links for LaTeX

(/usr/share/texmf-dist/tex/generic/ltxcmds/ltxcmds.sty
Package: ltxcmds 2020-05-10 v1.25 LaTeX kernel commands for general use (HO)
)
(/usr/share/texmf-dist/tex/generic/pdftexcmds/pdftexcmds.sty
Package: pdftexcmds 2020-06-27 v0.33 Utility functions of pdfTeX for LuaTeX (HO
)
Package pdftexcmds Info: \pdf@primitive is available.
Package pdftexcmds Info: \pdf@ifprimitive is available.
Package pdftexcmds Info: \pdfdraftmode found.
)
(/usr/share/texmf-dist/tex/generic/kvsetkeys/kvsetkeys.sty
Package: kvsetkeys 2019/12/15 v1.18 Key value parser (HO)
)
(/usr/share/texmf-dist/tex/generic/kvdefinekeys/kvdefinekeys.sty
Package: kvdefinekeys 2019-12-19 v1.6 Define keys (HO)
)
(/usr/share/texmf-dist/tex/generic/pdfescape/pdfescape.sty
Package: pdfescape 2019/12/09 v1.15 Implements pdfTeX's escape features (HO)
)
(/usr/share/texmf-dist/tex/latex/hycolor/hycolor.sty
Package: hycolor 2020-01-27 v1.10 Color options for hyperref/bookmark (HO)
)
(/usr/share/texmf-dist/tex/latex/letltxmacro/letltxmacro.sty
Package: letltxmacro 2019/12/03 v1.6 Let assignment for LaTeX macros (HO)
)
(/usr/share/texmf-dist/tex/latex/auxhook/auxhook.sty
Package: auxhook 2019-12-17 v1.6 Hooks for auxiliary files (HO)
)
(/usr/share/texmf-dist/tex/latex/kvoptions/kvoptions.sty
Package: kvoptions 2020-10-07 v3.14 Key value format for package options (HO)
)
\@linkdim=\dimen325
\Hy@linkcounter=\count347
\Hy@pagecounter=\count348

(/usr/share/texmf-dist/tex/latex/hyperref/pd1enc.def
File: pd1enc.def 2022-02-21 v7.00n Hyperref: PDFDocEncoding definition (HO)
Now handling font encoding PD1 ...
... no UTF-8 mapping file for font encoding PD1
)
(/usr/share/texmf-dist/tex/generic/etexcmds/etexcmds.sty
Package: etexcmds 2019/12/15 v1.7 Avoid name clashes with e-TeX commands (HO)
)
\Hy@SavedSpaceFactor=\count349

(/usr/share/texmf-dist/tex/latex/hyperref/puenc.def
File: puenc.def 2022-02-21 v7.00n Hyperref: PDF Unicode definition (HO)
Now handling font encoding PU ...
... no UTF-8 mapping file for font encoding PU
)
Package hyperref Info: Hyper figures OFF on input line 4137.
Package hyperref Info: Link nesting OFF on input line 4142.
Package hyperref Info: Hyper index ON on input line 4145.
Package hyperref Info: Plain pages OFF on input line 4152.
Package hyperref Info: Backreferencing ON on input line 4155.
Package hyperref Info: Implicit mode ON; LaTeX internals redefined.
Package hyperref Info: Bookmarks ON on input line 4390.

(/usr/share/texmf-dist/tex/latex/hyperref/backref.sty
Package: backref 2021/02/04 v1.41 Bibliographical back referencing

(/usr/share/texmf-dist/tex/latex/rerunfilecheck/rerunfilecheck.sty
Package: rerunfilecheck 2019/12/05 v1.9 Rerun checks for auxiliary files (HO)

(/usr/share/texmf-dist/tex/latex/base/atveryend-ltx.sty
Package: atveryend-ltx 2020/08/19 v1.0a Emulation of the original atveryend pac
kage
with kernel methods
)
(/usr/share/texmf-dist/tex/generic/uniquecounter/uniquecounter.sty
Package: uniquecounter 2019/12/15 v1.4 Provide unlimited unique counter (HO)

(/usr/share/texmf-dist/tex/generic/bigintcalc/bigintcalc.sty
Package: bigintcalc 2019/12/15 v1.5 Expandable calculations on big integers (HO
)
))
Package uniquecounter Info: New unique counter `rerunfilecheck' on input line 2
86.
))
\c@Hy@tempcnt=\count350

(/usr/share/texmf-dist/tex/latex/url/url.sty
\Urlmuskip=\muskip16
Package: url 2013/09/16  ver 3.4  Verb mode for urls, etc.
)
LaTeX Info: Redefining \url on input line 4749.
\XeTeXLinkMargin=\dimen326

(/usr/share/texmf-dist/tex/generic/bitset/bitset.sty
Package: bitset 2019/12/09 v1.3 Handle bit-vector datatype (HO)
)
\Fld@menulength=\count351
\Field@Width=\dimen327
\Fld@charsize=\dimen328
Package hyperref Info: Hyper figures OFF on input line 6027.
Package hyperref Info: Link nesting OFF on input line 6032.
Package hyperref Info: Hyper index ON on input line 6035.
Package hyperref Info: backreferencing ON on input line 6040.
Package hyperref Info: Link coloring OFF on input line 6047.
Package hyperref Info: Link coloring with OCG OFF on input line 6052.
Package hyperref Info: PDF/A mode OFF on input line 6057.
LaTeX Info: Redefining \ref on input line 6097.
LaTeX Info: Redefining \pageref on input line 6101.

(/usr/share/texmf-dist/tex/latex/base/atbegshi-ltx.sty
Package: atbegshi-ltx 2021/01/10 v1.0c Emulation of the original atbegshi
package with kernel methods
)
\Hy@abspage=\count352
\c@Item=\count353
\c@Hfootnote=\count354


LaTeX Warning: Command \LT@p@ftntext  has changed.
               Check if current package is valid.

)
Package hyperref Info: Driver: hpdftex.
 (/usr/share/texmf-dist/tex/latex/hyperref/hpdftex.def
File: hpdftex.def 2022-02-21 v7.00n Hyperref driver for pdfTeX
\Fld@listcount=\count355
\c@bookmark@seq@number=\count356
\Hy@SectionHShift=\skip127
)
Package hyperref Info: Option `colorlinks' set `true' on input line 139.
Package hyperref Info: Option `unicode' set `true' on input line 139.

(/usr/share/texmf-dist/tex/latex/caption/caption.sty
Package: caption 2022/03/01 v3.6b Customizing captions (AR)

(/usr/share/texmf-dist/tex/latex/caption/caption3.sty
Package: caption3 2022/03/17 v2.3b caption3 kernel (AR)
\caption@tempdima=\dimen329
\captionmargin=\dimen330
\caption@leftmargin=\dimen331
\caption@rightmargin=\dimen332
\caption@width=\dimen333
\caption@indent=\dimen334
\caption@parindent=\dimen335
\caption@hangindent=\dimen336
Package caption Info: Standard document class detected.
)
\c@caption@flags=\count357
\c@continuedfloat=\count358
Package caption Info: float package is loaded.
Package caption Info: hyperref package is loaded.
Package caption Info: longtable package is loaded.

(/usr/share/texmf-dist/tex/latex/caption/ltcaption.sty
Package: ltcaption 2021/01/08 v1.4c longtable captions (AR)
))
(/usr/share/texmf-dist/tex/latex/etoc/etoc.sty
Package: etoc 2021/09/23 v1.09e Completely customisable TOCs (JFB)
\Etoc@toctoks=\toks47
\c@etoc@tocid=\count359
\c@etoc@tocdepth=\count360
\etoc@framed@titlebox=\box131
\etoc@framed@contentsbox=\box132
)
LaTeX Font Info:    Trying to load font information for T1+phv on input line 15
5.

(/usr/share/texmf-dist/tex/latex/psnfss/t1phv.fd
File: t1phv.fd 2020/03/25 scalable font definitions for T1/phv.
)
LaTeX Font Info:    Font shape `T1/phv/m/n' will be
(Font)              scaled to size 8.99994pt on input line 155.

(/usr/share/texmf-dist/tex/latex/l3backend/l3backend-pdftex.def
File: l3backend-pdftex.def 2022-04-14 L3 backend support: PDF output (pdfTeX)
\l__color_backend_stack_int=\count361
\l__pdf_internal_box=\box133
) (./refman.aux)
\openout1 = `refman.aux'.

LaTeX Font Info:    Checking defaults for OML/cmm/m/it on input line 155.
LaTeX Font Info:    ... okay on input line 155.
LaTeX Font Info:    Checking defaults for OMS/cmsy/m/n on input line 155.
LaTeX Font Info:    ... okay on input line 155.
LaTeX Font Info:    Checking defaults for OT1/cmr/m/n on input line 155.
LaTeX Font Info:    ... okay on input line 155.
LaTeX Font Info:    Checking defaults for T1/cmr/m/n on input line 155.
LaTeX Font Info:    ... okay on input line 155.
LaTeX Font Info:    Checking defaults for TS1/cmr/m/n on input line 155.
LaTeX Font Info:    ... okay on input line 155.
LaTeX Font Info:    Checking defaults for OMX/cmex/m/n on input line 155.
LaTeX Font Info:    ... okay on input line 155.
LaTeX Font Info:    Checking defaults for U/cmr/m/n on input line 155.
LaTeX Font Info:    ... okay on input line 155.
LaTeX Font Info:    Checking defaults for PD1/pdf/m/n on input line 155.
LaTeX Font Info:    ... okay on input line 155.
LaTeX Font Info:    Checking defaults for PU/pdf/m/n on input line 155.
LaTeX Font Info:    ... okay on input line 155.
(/usr/share/texmf-dist/tex/context/base/mkii/supp-pdf.mkii
[Loading MPS to PDF converter (version 2006.09.02).]
\scratchcounter=\count362
\scratchdimen=\dimen337
\scratchbox=\box134
\nofMPsegments=\count363
\nofMParguments=\count364
\everyMPshowfont=\toks48
\MPscratchCnt=\count365
\MPscratchDim=\dimen338
\MPnumerator=\count366
\makeMPintoPDFobject=\count367
\everyMPtoPDFconversion=\toks49
) (/usr/share/texmf-dist/tex/latex/epstopdf-pkg/epstopdf-base.sty
Package: epstopdf-base 2020-01-24 v2.11 Base part for package epstopdf
Package epstopdf-base Info: Redefining graphics rule for `.eps' on input line 4
85.

(/usr/share/texmf-dist/tex/latex/latexconfig/epstopdf-sys.cfg
File: epstopdf-sys.cfg 2010/07/13 v1.3 Configuration of (r)epstopdf for TeX Liv
e
))
*geometry* driver: auto-detecting
*geometry* detected driver: pdftex
*geometry* verbose mode - [ preamble ] result:
* driver: pdftex
* paper: a4paper
* layout: <same size as paper>
* layoutoffset:(h,v)=(0.0pt,0.0pt)
* modes: twoside 
* h-part:(L,W,R)=(71.13188pt, 455.24411pt, 71.13188pt)
* v-part:(T,H,B)=(71.13188pt, 702.78308pt, 71.13188pt)
* \paperwidth=597.50787pt
* \paperheight=845.04684pt
* \textwidth=455.24411pt
* \textheight=702.78308pt
* \oddsidemargin=-1.1381pt
* \evensidemargin=-1.1381pt
* \topmargin=-31.2056pt
* \headheight=12.0pt
* \headsep=18.06749pt
* \topskip=10.0pt
* \footskip=25.29494pt
* \marginparwidth=125.0pt
* \marginparsep=7.0pt
* \columnsep=10.0pt
* \skip\footins=9.0pt plus 4.0pt minus 2.0pt
* \hoffset=0.0pt
* \voffset=0.0pt
* \mag=1000
* \@twocolumnfalse
* \@twosidetrue
* \@mparswitchtrue
* \@reversemarginfalse
* (1in=72.27pt=25.4mm, 1cm=28.453pt)

Package backref Info: ** backref set up for natbib ** on input line 155.
Package hyperref Info: Link coloring ON on input line 155.
(/usr/share/texmf-dist/tex/latex/hyperref/nameref.sty
Package: nameref 2021-04-02 v2.47 Cross-referencing by name of section

(/usr/share/texmf-dist/tex/latex/refcount/refcount.sty
Package: refcount 2019/12/15 v3.6 Data extraction from label references (HO)
)
(/usr/share/texmf-dist/tex/generic/gettitlestring/gettitlestring.sty
Package: gettitlestring 2019/12/15 v1.6 Cleanup title references (HO)
)
\c@section@level=\count368
)
LaTeX Info: Redefining \ref on input line 155.
LaTeX Info: Redefining \pageref on input line 155.
LaTeX Info: Redefining \nameref on input line 155.

(./refman.out) (./refman.out)
\@outlinefile=\write6
\openout6 = `refman.out'.

Package caption Info: Begin \AtBeginDocument code.
Package caption Info: End \AtBeginDocument code.
\Etoc@tf=\read5
Package hyperref Info: Option `pageanchor' set `false' on input line 163.
Package hyperref Info: Option `bookmarksnumbered' set `true' on input line 163.

Package hyperref Info: Option `unicode' set `true' on input line 163.
LaTeX Font Info:    Font shape `T1/phv/m/n' will be
(Font)              scaled to size 12.9599pt on input line 168.
LaTeX Font Info:    Font shape `T1/phv/m/n' will be
(Font)              scaled to size 6.29996pt on input line 168.
LaTeX Font Info:    Trying to load font information for U+msa on input line 168
.
 (/usr/share/texmf-dist/tex/latex/amsfonts/umsa.fd
File: umsa.fd 2013/01/14 v3.01 AMS symbols A
)
LaTeX Font Info:    Trying to load font information for U+msb on input line 168
.
 (/usr/share/texmf-dist/tex/latex/amsfonts/umsb.fd
File: umsb.fd 2013/01/14 v3.01 AMS symbols B
)
LaTeX Font Info:    Trying to load font information for U+wasy on input line 16
8.

(/usr/share/texmf-dist/tex/latex/wasysym/uwasy.fd
File: uwasy.fd 2020/01/19 v2.4 Wasy-2 symbol font definitions
)
LaTeX Font Info:    Font shape `T1/phv/m/n' will be
(Font)              scaled to size 10.79993pt on input line 170.
 [1


{/usr/share/texmf-var/fonts/map/pdftex/updmap/pdftex.map}] [2

]
\tf@toc=\write7
\openout7 = `refman.toc'.

LaTeX Font Info:    Font shape `T1/phv/b/n' will be
(Font)              scaled to size 8.99994pt on input line 176.
LaTeX Font Info:    Font shape `T1/phv/b/n' will be
(Font)              scaled to size 6.29996pt on input line 176.
 [1]
LaTeX Font Info:    Font shape `T1/phv/m/n' will be
(Font)              scaled to size 7.19995pt on input line 176.
LaTeX Font Info:    Trying to load font information for T1+pcr on input line 17
6.

(/usr/share/texmf-dist/tex/latex/psnfss/t1pcr.fd
File: t1pcr.fd 2001/06/04 font definitions for T1/pcr.
) [2] [3] [4] [5] [6] [7]
[8] [9] [10] [11] [12]
Package hyperref Info: Option `pageanchor' set `true' on input line 179.

Chapter 1.
LaTeX Font Info:    Font shape `T1/phv/m/n' will be
(Font)              scaled to size 18.66588pt on input line 181.
LaTeX Font Info:    Font shape `T1/phv/b/n' will be
(Font)              scaled to size 18.66588pt on input line 181.
LaTeX Font Info:    Font shape `T1/phv/bc/n' will be
(Font)              scaled to size 18.66588pt on input line 181.
LaTeX Font Info:    Font shape `T1/phv/m/n' will be
(Font)              scaled to size 22.39185pt on input line 181.
LaTeX Font Info:    Font shape `T1/phv/b/n' will be
(Font)              scaled to size 22.39185pt on input line 181.
LaTeX Font Info:    Font shape `T1/phv/bc/n' will be
(Font)              scaled to size 22.39185pt on input line 181.
LaTeX Font Info:    Font shape `T1/phv/bc/n' will be
(Font)              scaled to size 6.29996pt on input line 181.
(./index.tex
LaTeX Font Info:    Trying to load font information for TS1+phv on input line 5
.
 (/usr/share/texmf-dist/tex/latex/psnfss/ts1phv.fd
File: ts1phv.fd 2020/03/25 scalable font definitions for TS1/phv.
)
LaTeX Font Info:    Font shape `TS1/phv/m/n' will be
(Font)              scaled to size 8.99994pt on input line 5.
LaTeX Font Info:    Font shape `T1/phv/b/n' will be
(Font)              scaled to size 12.9599pt on input line 20.
LaTeX Font Info:    Font shape `T1/phv/b/n' will be
(Font)              scaled to size 10.79993pt on input line 22.
 [1


] [2])
[3] [4

]
Chapter 2.
(./md_developer_guide.tex [5]) [6]
Chapter 3.
(./namespaces.tex) [7

] [8

]
Chapter 4.
(./hierarchy.tex) [9] [10

]
Chapter 5.
(./annotated.tex

Package natbib Warning: Citation `kim_coronary' on page 11 undefined on input l
ine 5.


Package natbib Warning: Citation `kim_coronary' on page 11 undefined on input l
ine 16.

[11]) [12]
Chapter 6.
(./files.tex [13

]) [14]
Chapter 7.
(./namespace_a_l_g_e_b_r_a.tex
LaTeX Font Info:    Font shape `T1/phv/m/n' will be
(Font)              scaled to size 8.09995pt on input line 12.
LaTeX Font Info:    Font shape `T1/phv/m/it' in size <9> not available
(Font)              Font shape `T1/phv/m/sl' tried instead on input line 12.
LaTeX Font Info:    Font shape `T1/phv/m/sl' will be
(Font)              scaled to size 8.09995pt on input line 12.
) (./namespace_h_e_l_p_e_r_s.tex [15

]
LaTeX Font Info:    Font shape `T1/pcr/m/it' in size <8> not available
(Font)              Font shape `T1/pcr/m/sl' tried instead on input line 27.

Underfull \hbox (badness 10000) detected at line 40
[][][]
 []


Underfull \hbox (badness 10000) detected at line 60
[][][]
 []

) (./namespace_i_o.tex [16]
LaTeX Font Info:    Font shape `T1/phv/m/it' in size <7> not available
(Font)              Font shape `T1/phv/m/sl' tried instead on input line 12.
LaTeX Font Info:    Font shape `T1/phv/m/sl' will be
(Font)              scaled to size 6.29996pt on input line 12.

Underfull \hbox (badness 2941) in paragraph at lines 16--17
\T1/phv/m/n/10 std[]::string [] (std[]::vector$\OML/cmm/m/it/10 <$ \T1/phv/m/n/
10 T $\OML/cmm/m/it/10 >$ \T1/phv/m/n/10 &times, std[]::vector$\OML/cmm/m/it/10
 <$ []$<$ \T1/phv/m/n/10 T $\OML/cmm/m/it/10 >$ $>$ \T1/phv/m/n/10 &states,
 []


Underfull \hbox (badness 2460) in paragraph at lines 18--19
\T1/phv/m/n/10 std[]::string [] (std[]::vector$\OML/cmm/m/it/10 <$ \T1/phv/m/n/
10 T $\OML/cmm/m/it/10 >$ \T1/phv/m/n/10 &times, std[]::vector$\OML/cmm/m/it/10
 <$ []$<$ \T1/phv/m/n/10 T $\OML/cmm/m/it/10 >$ $>$ \T1/phv/m/n/10 &states,
 []

[17]
Underfull \hbox (badness 10000) detected at line 55
[][][]
 []


Underfull \hbox (badness 10000) detected at line 83
[][][]
 []

) (./namespace_m_o_d_e_l.tex [18]
LaTeX Font Info:    Font shape `T1/phv/b/n' will be
(Font)              scaled to size 8.09995pt on input line 16.


Package natbib Warning: Citation `kim_coronary' on page 19 undefined on input l
ine 16.


Package natbib Warning: Citation `kim_coronary' on page 19 undefined on input l
ine 32.

) [19] [20

]
Chapter 8.
(./class_m_o_d_e_l_1_1_block.tex <./class_m_o_d_e_l_1_1_block__inherit__graph.p
df

pdfTeX warning: pdflatex (file ./class_m_o_d_e_l_1_1_block__inherit__graph.pdf)
: PDF inclusion: multiple pdfs with page group included in a single page
>
<class_m_o_d_e_l_1_1_block__inherit__graph.pdf, id=2945, 420.57124pt x 467.7475
pt>
File: class_m_o_d_e_l_1_1_block__inherit__graph.pdf Graphic file (type pdf)
<use class_m_o_d_e_l_1_1_block__inherit__graph.pdf>
Package pdftex.def Info: class_m_o_d_e_l_1_1_block__inherit__graph.pdf  used on
 input line 19.
(pdftex.def)             Requested size: 350.0pt x 389.26521pt.
 [21] [22]
LaTeX Font Info:    Font shape `T1/phv/b/n' will be
(Font)              scaled to size 7.19995pt on input line 91.
 [23]
LaTeX Font Info:    Font shape `T1/pcr/m/it' in size <7> not available
(Font)              Font shape `T1/pcr/m/sl' tried instead on input line 152.
 [24] [25] [26] [27]) (./class_m_o_d_e_l_1_1_blood_vessel.tex <./class_m_o_d_e_
l_1_1_blood_vessel__inherit__graph.pdf

pdfTeX warning: pdflatex (file ./class_m_o_d_e_l_1_1_blood_vessel__inherit__gra
ph.pdf): PDF inclusion: multiple pdfs with page group included in a single page

>
<class_m_o_d_e_l_1_1_blood_vessel__inherit__graph.pdf, id=3096, 213.79875pt x 1
56.585pt>
File: class_m_o_d_e_l_1_1_blood_vessel__inherit__graph.pdf Graphic file (type p
df)
<use class_m_o_d_e_l_1_1_blood_vessel__inherit__graph.pdf>
Package pdftex.def Info: class_m_o_d_e_l_1_1_blood_vessel__inherit__graph.pdf  
used on input line 19.
(pdftex.def)             Requested size: 213.0pt x 155.99922pt.
 [28] [29]
Overfull \vbox (15.15286pt too high) has occurred while \output is active []


[30] [31] [32]) (./class_m_o_d_e_l_1_1_closed_loop_coronary_b_c.tex

Package natbib Warning: Citation `kim_coronary' on page 33 undefined on input l
ine 5.

 <./class_m_o_d_e_l_1_1_closed_loop_coronary_b_c__inherit__graph.pdf

pdfTeX warning: pdflatex (file ./class_m_o_d_e_l_1_1_closed_loop_coronary_b_c__
inherit__graph.pdf): PDF inclusion: multiple pdfs with page group included in a
 single page
>
<class_m_o_d_e_l_1_1_closed_loop_coronary_b_c__inherit__graph.pdf, id=3190, 226
.8475pt x 167.62625pt>
File: class_m_o_d_e_l_1_1_closed_loop_coronary_b_c__inherit__graph.pdf Graphic 
file (type pdf)
<use class_m_o_d_e_l_1_1_closed_loop_coronary_b_c__inherit__graph.pdf>
Package pdftex.def Info: class_m_o_d_e_l_1_1_closed_loop_coronary_b_c__inherit_
_graph.pdf  used on input line 19.
(pdftex.def)             Requested size: 226.0pt x 167.00172pt.
 [33]

Package natbib Warning: Citation `kim_coronary' on page 34 undefined on input l
ine 58.

[34] [35] [36] [37]) (./class_m_o_d_e_l_1_1_closed_loop_heart_pulmonary.tex <./
class_m_o_d_e_l_1_1_closed_loop_heart_pulmonary__inherit__graph.pdf

pdfTeX warning: pdflatex (file ./class_m_o_d_e_l_1_1_closed_loop_heart_pulmonar
y__inherit__graph.pdf): PDF inclusion: multiple pdfs with page group included i
n a single page
>
<class_m_o_d_e_l_1_1_closed_loop_heart_pulmonary__inherit__graph.pdf, id=3289, 
281.05pt x 156.585pt>
File: class_m_o_d_e_l_1_1_closed_loop_heart_pulmonary__inherit__graph.pdf Graph
ic file (type pdf)
<use class_m_o_d_e_l_1_1_closed_loop_heart_pulmonary__inherit__graph.pdf>
Package pdftex.def Info: class_m_o_d_e_l_1_1_closed_loop_heart_pulmonary__inher
it__graph.pdf  used on input line 19.
(pdftex.def)             Requested size: 280.0pt x 156.00879pt.
 [38] [39] [40] [41] [42] [43] [44])
(./class_m_o_d_e_l_1_1_closed_loop_r_c_r_b_c.tex <./class_m_o_d_e_l_1_1_closed_
loop_r_c_r_b_c__inherit__graph.pdf

pdfTeX warning: pdflatex (file ./class_m_o_d_e_l_1_1_closed_loop_r_c_r_b_c__inh
erit__graph.pdf): PDF inclusion: multiple pdfs with page group included in a si
ngle page
>
<class_m_o_d_e_l_1_1_closed_loop_r_c_r_b_c__inherit__graph.pdf, id=3410, 244.91
5pt x 156.585pt>
File: class_m_o_d_e_l_1_1_closed_loop_r_c_r_b_c__inherit__graph.pdf Graphic fil
e (type pdf)
<use class_m_o_d_e_l_1_1_closed_loop_r_c_r_b_c__inherit__graph.pdf>
Package pdftex.def Info: class_m_o_d_e_l_1_1_closed_loop_r_c_r_b_c__inherit__gr
aph.pdf  used on input line 19.
(pdftex.def)             Requested size: 244.0pt x 156.004pt.
 [45] [46] [47] [48] [49]) (./class_i_o_1_1_config_reader.tex [50] [51]
Underfull \hbox (badness 10000) detected at line 120
[][][]
 []


Underfull \hbox (badness 10000) detected at line 141
[][][]
 []

[52]
Underfull \hbox (badness 10000) detected at line 160
[][][]
 []


Underfull \hbox (badness 10000) detected at line 181
[][][]
 []


Underfull \hbox (badness 10000) detected at line 195
[][][]
 []

[53]
Underfull \hbox (badness 10000) detected at line 209
[][][]
 []


Underfull \hbox (badness 10000) detected at line 228
[][][]
 []


Underfull \hbox (badness 10000) detected at line 249
[][][]
 []

[54]
Underfull \hbox (badness 10000) detected at line 263
[][][]
 []

) (./class_a_l_g_e_b_r_a_1_1_dense_system.tex [55] [56] [57] [58])
(./class_m_o_d_e_l_1_1_d_o_f_handler.tex [59] [60]
Underfull \hbox (badness 10000) detected at line 71
[][][]
 []


Underfull \hbox (badness 10000) detected at line 89
[][][]
 []

[61]
Underfull \hbox (badness 10000) detected at line 102
[][][]
 []

) (./class_m_o_d_e_l_1_1_flow_reference_b_c.tex <./class_m_o_d_e_l_1_1_flow_ref
erence_b_c__inherit__graph.pdf

pdfTeX warning: pdflatex (file ./class_m_o_d_e_l_1_1_flow_reference_b_c__inheri
t__graph.pdf): PDF inclusion: multiple pdfs with page group included in a singl
e page
>
<class_m_o_d_e_l_1_1_flow_reference_b_c__inherit__graph.pdf, id=3695, 237.88875
pt x 156.585pt>
File: class_m_o_d_e_l_1_1_flow_reference_b_c__inherit__graph.pdf Graphic file (
type pdf)
<use class_m_o_d_e_l_1_1_flow_reference_b_c__inherit__graph.pdf>
Package pdftex.def Info: class_m_o_d_e_l_1_1_flow_reference_b_c__inherit__graph
.pdf  used on input line 19.
(pdftex.def)             Requested size: 237.0pt x 156.0064pt.
 [62] [63] [64] [65]) (./class_a_l_g_e_b_r_a_1_1_integrator.tex [66]

Package natbib Warning: Citation `JANSEN2000305' on page 67 undefined on input 
line 36.

[67]
Underfull \hbox (badness 10000) detected at line 106
[][][]
 []

[68]) (./class_m_o_d_e_l_1_1_junction.tex <./class_m_o_d_e_l_1_1_junction__inhe
rit__graph.pdf

pdfTeX warning: pdflatex (file ./class_m_o_d_e_l_1_1_junction__inherit__graph.p
df): PDF inclusion: multiple pdfs with page group included in a single page
>
<class_m_o_d_e_l_1_1_junction__inherit__graph.pdf, id=3839, 195.73125pt x 156.5
85pt>
File: class_m_o_d_e_l_1_1_junction__inherit__graph.pdf Graphic file (type pdf)
<use class_m_o_d_e_l_1_1_junction__inherit__graph.pdf>
Package pdftex.def Info: class_m_o_d_e_l_1_1_junction__inherit__graph.pdf  used
 on input line 19.
(pdftex.def)             Requested size: 195.0pt x 156.00879pt.
 [69] [70]

Package longtable Warning: Column widths have changed
(longtable)                in table 8.70 on input line 111.

[71]) (./class_m_o_d_e_l_1_1_model.tex [72]
Underfull \hbox (badness 1286) in paragraph at lines 38--39
[]\T1/phv/m/n/10 std[]::map$\OML/cmm/m/it/10 <$ \T1/phv/m/n/10 std[]::string, s
td[]::variant$\OML/cmm/m/it/10 <$ []$<$ \T1/phv/m/n/10 T $\OML/cmm/m/it/10 >$\T
1/phv/m/n/10 , []$\OML/cmm/m/it/10 <$ \T1/phv/m/n/10 T $\OML/cmm/m/it/10 >$\T1/
phv/m/n/10 , []$\OML/cmm/m/it/10 <$ \T1/phv/m/n/10 T $\OML/cmm/m/it/10 >$\T1/ph
v/m/n/10 ,
 []

[73]
Underfull \hbox (badness 10000) detected at line 101
[][][]
 []

[74]
Overfull \vbox (14.25883pt too high) has occurred while \output is active []


[75]
Overfull \hbox (76.46825pt too wide) in paragraph at lines 226--228
\T1/pcr/m/n/8 std[]::map$\OML/cmm/m/it/8 <$\T1/pcr/m/n/8 std[]::string, std[]::
variant$\OML/cmm/m/it/8 <$[]$<$\T1/pcr/m/n/8 T$\OML/cmm/m/it/8 >$\T1/pcr/m/n/8 
, []$\OML/cmm/m/it/8 <$\T1/pcr/m/n/8 T$\OML/cmm/m/it/8 >$\T1/pcr/m/n/8 , []$\OM
L/cmm/m/it/8 <$\T1/pcr/m/n/8 T$\OML/cmm/m/it/8 >$\T1/pcr/m/n/8 , []$\OML/cmm/m/
it/8 <$\T1/pcr/m/n/8 T$\OML/cmm/m/it/8 >$\T1/pcr/m/n/8 ,
 []


Overfull \hbox (47.66823pt too wide) in paragraph at lines 226--228
[]$\OML/cmm/m/it/8 <$\T1/pcr/m/n/8 T$\OML/cmm/m/it/8 >$\T1/pcr/m/n/8 , []$\OML/
cmm/m/it/8 <$\T1/pcr/m/n/8 T$\OML/cmm/m/it/8 >$\T1/pcr/m/n/8 , []$\OML/cmm/m/it
/8 <$\T1/pcr/m/n/8 T$\OML/cmm/m/it/8 >$\T1/pcr/m/n/8 , []$\OML/cmm/m/it/8 <$\T1
/pcr/m/n/8 T$\OML/cmm/m/it/8 >$\T1/pcr/m/n/8 , []$\OML/cmm/m/it/8 <$\T1/pcr/m/n
/8 T$\OML/cmm/m/it/8 >$\T1/pcr/m/n/8 ,
 []

[76]) (./class_m_o_d_e_l_1_1_node.tex [77]

Package longtable Warning: Column widths have changed
(longtable)                in table 8.81 on input line 52.

[78] [79]) (./class_m_o_d_e_l_1_1_open_loop_coronary_b_c.tex

Package natbib Warning: Citation `kim_coronary' on page 80 undefined on input l
ine 5.

 <./class_m_o_d_e_l_1_1_open_loop_coronary_b_c__inherit__graph.pdf

pdfTeX warning: pdflatex (file ./class_m_o_d_e_l_1_1_open_loop_coronary_b_c__in
herit__graph.pdf): PDF inclusion: multiple pdfs with page group included in a s
ingle page
>
<class_m_o_d_e_l_1_1_open_loop_coronary_b_c__inherit__graph.pdf, id=4068, 255.9
5625pt x 156.585pt>
File: class_m_o_d_e_l_1_1_open_loop_coronary_b_c__inherit__graph.pdf Graphic fi
le (type pdf)
<use class_m_o_d_e_l_1_1_open_loop_coronary_b_c__inherit__graph.pdf>
Package pdftex.def Info: class_m_o_d_e_l_1_1_open_loop_coronary_b_c__inherit__g
raph.pdf  used on input line 19.
(pdftex.def)             Requested size: 255.0pt x 155.99922pt.
 [80]
Underfull \hbox (badness 905) in paragraph at lines 30--31
[][] \T1/phv/m/n/10 (T Ra, T Ram, T Rv, T Ca, T Cim, []$\OML/cmm/m/it/10 <$ \T1
/phv/m/n/10 T $\OML/cmm/m/it/10 >$ \T1/phv/m/n/10 Pim,
 []


Package natbib Warning: Citation `kim_coronary' on page 81 undefined on input l
ine 56.

[81] [82] [83] [84]
Overfull \vbox (11.97957pt too high) has occurred while \output is active []


[85]) (./struct_m_o_d_e_l_1_1_block_1_1_parameters.tex <./struct_m_o_d_e_l_1_1_
block_1_1_parameters__inherit__graph.pdf

pdfTeX warning: pdflatex (file ./struct_m_o_d_e_l_1_1_block_1_1_parameters__inh
erit__graph.pdf): PDF inclusion: multiple pdfs with page group included in a si
ngle page
>
<struct_m_o_d_e_l_1_1_block_1_1_parameters__inherit__graph.pdf, id=4174, 401.5p
t x 554.07pt>
File: struct_m_o_d_e_l_1_1_block_1_1_parameters__inherit__graph.pdf Graphic fil
e (type pdf)
<use struct_m_o_d_e_l_1_1_block_1_1_parameters__inherit__graph.pdf>
Package pdftex.def Info: struct_m_o_d_e_l_1_1_block_1_1_parameters__inherit__gr
aph.pdf  used on input line 19.
(pdftex.def)             Requested size: 350.0pt x 483.03464pt.
 [86]) (./struct_m_o_d_e_l_1_1_blood_vessel_1_1_parameters.tex [87] <./struct_m
_o_d_e_l_1_1_blood_vessel_1_1_parameters__inherit__graph.pdf>
<struct_m_o_d_e_l_1_1_blood_vessel_1_1_parameters__inherit__graph.pdf, id=4196,
 190.7125pt x 178.6675pt>
File: struct_m_o_d_e_l_1_1_blood_vessel_1_1_parameters__inherit__graph.pdf Grap
hic file (type pdf)
<use struct_m_o_d_e_l_1_1_blood_vessel_1_1_parameters__inherit__graph.pdf>
Package pdftex.def Info: struct_m_o_d_e_l_1_1_blood_vessel_1_1_parameters__inhe
rit__graph.pdf  used on input line 19.
(pdftex.def)             Requested size: 190.0pt x 178.0073pt.
 [88])
(./struct_m_o_d_e_l_1_1_closed_loop_coronary_b_c_1_1_parameters.tex <./struct_m
_o_d_e_l_1_1_closed_loop_coronary_b_c_1_1_parameters__inherit__graph.pdf>
<struct_m_o_d_e_l_1_1_closed_loop_coronary_b_c_1_1_parameters__inherit__graph.p
df, id=4226, 226.8475pt x 178.6675pt>
File: struct_m_o_d_e_l_1_1_closed_loop_coronary_b_c_1_1_parameters__inherit__gr
aph.pdf Graphic file (type pdf)
<use struct_m_o_d_e_l_1_1_closed_loop_coronary_b_c_1_1_parameters__inherit__gra
ph.pdf>
Package pdftex.def Info: struct_m_o_d_e_l_1_1_closed_loop_coronary_b_c_1_1_para
meters__inherit__graph.pdf  used on input line 19.
(pdftex.def)             Requested size: 226.0pt x 178.00185pt.

[89]) (./struct_m_o_d_e_l_1_1_closed_loop_heart_pulmonary_1_1_parameters.tex <.
/struct_m_o_d_e_l_1_1_closed_loop_heart_pulmonary_1_1_parameters__inherit__grap
h.pdf

pdfTeX warning: pdflatex (file ./struct_m_o_d_e_l_1_1_closed_loop_heart_pulmona
ry_1_1_parameters__inherit__graph.pdf): PDF inclusion: multiple pdfs with page 
group included in a single page
>
<struct_m_o_d_e_l_1_1_closed_loop_heart_pulmonary_1_1_parameters__inherit__grap
h.pdf, id=4241, 257.96375pt x 178.6675pt>
File: struct_m_o_d_e_l_1_1_closed_loop_heart_pulmonary_1_1_parameters__inherit_
_graph.pdf Graphic file (type pdf)
<use struct_m_o_d_e_l_1_1_closed_loop_heart_pulmonary_1_1_parameters__inherit__
graph.pdf>
Package pdftex.def Info: struct_m_o_d_e_l_1_1_closed_loop_heart_pulmonary_1_1_p
arameters__inherit__graph.pdf  used on input line 19.
(pdftex.def)             Requested size: 257.0pt x 178.01547pt.
 [90]) (./struct_m_o_d_e_l_1_1_closed_loop_r_c_r_b_c_1_1_parameters.tex <./stru
ct_m_o_d_e_l_1_1_closed_loop_r_c_r_b_c_1_1_parameters__inherit__graph.pdf>
<struct_m_o_d_e_l_1_1_closed_loop_r_c_r_b_c_1_1_parameters__inherit__graph.pdf,
 id=4265, 221.82875pt x 178.6675pt>
File: struct_m_o_d_e_l_1_1_closed_loop_r_c_r_b_c_1_1_parameters__inherit__graph
.pdf Graphic file (type pdf)
<use struct_m_o_d_e_l_1_1_closed_loop_r_c_r_b_c_1_1_parameters__inherit__graph.
pdf>
Package pdftex.def Info: struct_m_o_d_e_l_1_1_closed_loop_r_c_r_b_c_1_1_paramet
ers__inherit__graph.pdf  used on input line 19.
(pdftex.def)             Requested size: 221.0pt x 177.99911pt.

[91] [92]) (./struct_m_o_d_e_l_1_1_flow_reference_b_c_1_1_parameters.tex <./str
uct_m_o_d_e_l_1_1_flow_reference_b_c_1_1_parameters__inherit__graph.pdf>
<struct_m_o_d_e_l_1_1_flow_reference_b_c_1_1_parameters__inherit__graph.pdf, id
=4300, 214.8025pt x 178.6675pt>
File: struct_m_o_d_e_l_1_1_flow_reference_b_c_1_1_parameters__inherit__graph.pd
f Graphic file (type pdf)
<use struct_m_o_d_e_l_1_1_flow_reference_b_c_1_1_parameters__inherit__graph.pdf
>
Package pdftex.def Info: struct_m_o_d_e_l_1_1_flow_reference_b_c_1_1_parameters
__inherit__graph.pdf  used on input line 19.
(pdftex.def)             Requested size: 214.0pt x 178.00185pt.

[93]) (./struct_m_o_d_e_l_1_1_junction_1_1_parameters.tex <./struct_m_o_d_e_l_1
_1_junction_1_1_parameters__inherit__graph.pdf>
<struct_m_o_d_e_l_1_1_junction_1_1_parameters__inherit__graph.pdf, id=4323, 187
.70125pt x 178.6675pt>
File: struct_m_o_d_e_l_1_1_junction_1_1_parameters__inherit__graph.pdf Graphic 
file (type pdf)
<use struct_m_o_d_e_l_1_1_junction_1_1_parameters__inherit__graph.pdf>
Package pdftex.def Info: struct_m_o_d_e_l_1_1_junction_1_1_parameters__inherit_
_graph.pdf  used on input line 19.
(pdftex.def)             Requested size: 187.0pt x 178.01003pt.
 [94])
(./struct_m_o_d_e_l_1_1_open_loop_coronary_b_c_1_1_parameters.tex <./struct_m_o
_d_e_l_1_1_open_loop_coronary_b_c_1_1_parameters__inherit__graph.pdf>
<struct_m_o_d_e_l_1_1_open_loop_coronary_b_c_1_1_parameters__inherit__graph.pdf
, id=4341, 232.87pt x 178.6675pt>
File: struct_m_o_d_e_l_1_1_open_loop_coronary_b_c_1_1_parameters__inherit__grap
h.pdf Graphic file (type pdf)
<use struct_m_o_d_e_l_1_1_open_loop_coronary_b_c_1_1_parameters__inherit__graph
.pdf>
Package pdftex.def Info: struct_m_o_d_e_l_1_1_open_loop_coronary_b_c_1_1_parame
ters__inherit__graph.pdf  used on input line 19.
(pdftex.def)             Requested size: 232.0pt x 178.0073pt.
 [95])
(./struct_m_o_d_e_l_1_1_pressure_reference_b_c_1_1_parameters.tex <./struct_m_o
_d_e_l_1_1_pressure_reference_b_c_1_1_parameters__inherit__graph.pdf>
<struct_m_o_d_e_l_1_1_pressure_reference_b_c_1_1_parameters__inherit__graph.pdf
, id=4371, 219.82124pt x 178.6675pt>
File: struct_m_o_d_e_l_1_1_pressure_reference_b_c_1_1_parameters__inherit__grap
h.pdf Graphic file (type pdf)
<use struct_m_o_d_e_l_1_1_pressure_reference_b_c_1_1_parameters__inherit__graph
.pdf>
Package pdftex.def Info: struct_m_o_d_e_l_1_1_pressure_reference_b_c_1_1_parame
ters__inherit__graph.pdf  used on input line 19.
(pdftex.def)             Requested size: 219.0pt x 178.00456pt.
 [96])
(./struct_m_o_d_e_l_1_1_resistance_b_c_1_1_parameters.tex <./struct_m_o_d_e_l_1
_1_resistance_b_c_1_1_parameters__inherit__graph.pdf>
<struct_m_o_d_e_l_1_1_resistance_b_c_1_1_parameters__inherit__graph.pdf, id=439
6, 198.7425pt x 178.6675pt>
File: struct_m_o_d_e_l_1_1_resistance_b_c_1_1_parameters__inherit__graph.pdf Gr
aphic file (type pdf)
<use struct_m_o_d_e_l_1_1_resistance_b_c_1_1_parameters__inherit__graph.pdf>
Package pdftex.def Info: struct_m_o_d_e_l_1_1_resistance_b_c_1_1_parameters__in
herit__graph.pdf  used on input line 19.
(pdftex.def)             Requested size: 198.0pt x 178.00456pt.
 [97])
(./struct_m_o_d_e_l_1_1_windkessel_b_c_1_1_parameters.tex <./struct_m_o_d_e_l_1
_1_windkessel_b_c_1_1_parameters__inherit__graph.pdf>
<struct_m_o_d_e_l_1_1_windkessel_b_c_1_1_parameters__inherit__graph.pdf, id=442
4, 199.74625pt x 178.6675pt>
File: struct_m_o_d_e_l_1_1_windkessel_b_c_1_1_parameters__inherit__graph.pdf Gr
aphic file (type pdf)
<use struct_m_o_d_e_l_1_1_windkessel_b_c_1_1_parameters__inherit__graph.pdf>
Package pdftex.def Info: struct_m_o_d_e_l_1_1_windkessel_b_c_1_1_parameters__in
herit__graph.pdf  used on input line 19.
(pdftex.def)             Requested size: 199.0pt x 178.01003pt.
 [98])
(./class_m_o_d_e_l_1_1_pressure_reference_b_c.tex [99] <./class_m_o_d_e_l_1_1_p
ressure_reference_b_c__inherit__graph.pdf

pdfTeX warning: pdflatex (file ./class_m_o_d_e_l_1_1_pressure_reference_b_c__in
herit__graph.pdf): PDF inclusion: multiple pdfs with page group included in a s
ingle page
>
<class_m_o_d_e_l_1_1_pressure_reference_b_c__inherit__graph.pdf, id=4459, 219.8
2124pt x 167.62625pt>
File: class_m_o_d_e_l_1_1_pressure_reference_b_c__inherit__graph.pdf Graphic fi
le (type pdf)
<use class_m_o_d_e_l_1_1_pressure_reference_b_c__inherit__graph.pdf>
Package pdftex.def Info: class_m_o_d_e_l_1_1_pressure_reference_b_c__inherit__g
raph.pdf  used on input line 19.
(pdftex.def)             Requested size: 219.0pt x 167.00427pt.
 [100] [101] [102] [103]) (./class_m_o_d_e_l_1_1_resistance_b_c.tex <./class_m_
o_d_e_l_1_1_resistance_b_c__inherit__graph.pdf

pdfTeX warning: pdflatex (file ./class_m_o_d_e_l_1_1_resistance_b_c__inherit__g
raph.pdf): PDF inclusion: multiple pdfs with page group included in a single pa
ge
>
<class_m_o_d_e_l_1_1_resistance_b_c__inherit__graph.pdf, id=4551, 220.825pt x 1
56.585pt>
File: class_m_o_d_e_l_1_1_resistance_b_c__inherit__graph.pdf Graphic file (type
 pdf)
<use class_m_o_d_e_l_1_1_resistance_b_c__inherit__graph.pdf>
Package pdftex.def Info: class_m_o_d_e_l_1_1_resistance_b_c__inherit__graph.pdf
  used on input line 19.
(pdftex.def)             Requested size: 220.0pt x 156.0064pt.
 [104] [105] [106] [107]) (./class_a_l_g_e_b_r_a_1_1_sparse_system.tex
[108] [109] [110] [111] [112]) (./class_a_l_g_e_b_r_a_1_1_state.tex [113]
[114] [115]
Underfull \hbox (badness 10000) detected at line 125
[][][]
 []

) (./class_m_o_d_e_l_1_1_time_dependent_parameter.tex [116] [117] [118]
Underfull \hbox (badness 10000) detected at line 116
[][][]
 []

) (./class_m_o_d_e_l_1_1_windkessel_b_c.tex <./class_m_o_d_e_l_1_1_windkessel_b
_c__inherit__graph.pdf

pdfTeX warning: pdflatex (file ./class_m_o_d_e_l_1_1_windkessel_b_c__inherit__g
raph.pdf): PDF inclusion: multiple pdfs with page group included in a single pa
ge
>
<class_m_o_d_e_l_1_1_windkessel_b_c__inherit__graph.pdf, id=4840, 222.8325pt x 
156.585pt>
File: class_m_o_d_e_l_1_1_windkessel_b_c__inherit__graph.pdf Graphic file (type
 pdf)
<use class_m_o_d_e_l_1_1_windkessel_b_c__inherit__graph.pdf>
Package pdftex.def Info: class_m_o_d_e_l_1_1_windkessel_b_c__inherit__graph.pdf
  used on input line 19.
(pdftex.def)             Requested size: 222.0pt x 156.00162pt.
 [119] [120] [121] [122] [123]) [124]
Chapter 9.
(./densesystem_8hpp.tex <./densesystem_8hpp__incl.pdf

pdfTeX warning: pdflatex (file ./densesystem_8hpp__incl.pdf): PDF inclusion: mu
ltiple pdfs with page group included in a single page
>
<densesystem_8hpp__incl.pdf, id=4940, 1216.545pt x 437.635pt>
File: densesystem_8hpp__incl.pdf Graphic file (type pdf)
<use densesystem_8hpp__incl.pdf>
Package pdftex.def Info: densesystem_8hpp__incl.pdf  used on input line 15.
(pdftex.def)             Requested size: 350.0pt x 125.90256pt.
 <./densesystem_8hpp__dep__incl.pdf

pdfTeX warning: pdflatex (file ./densesystem_8hpp__dep__incl.pdf): PDF inclusio
n: multiple pdfs with page group included in a single page
>
<densesystem_8hpp__dep__incl.pdf, id=4955, 1864.9675pt x 381.425pt>
File: densesystem_8hpp__dep__incl.pdf Graphic file (type pdf)
<use densesystem_8hpp__dep__incl.pdf>
Package pdftex.def Info: densesystem_8hpp__dep__incl.pdf  used on input line 23
.
(pdftex.def)             Requested size: 350.0pt x 71.58102pt.
) (./densesystem_8hpp_source.tex [125

] [126]) (./integrator_8hpp.tex <./integrator_8hpp__incl.pdf

pdfTeX warning: pdflatex (file ./integrator_8hpp__incl.pdf): PDF inclusion: mul
tiple pdfs with page group included in a single page
>
<integrator_8hpp__incl.pdf, id=5023, 1227.58624pt x 437.635pt>
File: integrator_8hpp__incl.pdf Graphic file (type pdf)
<use integrator_8hpp__incl.pdf>
Package pdftex.def Info: integrator_8hpp__incl.pdf  used on input line 16.
(pdftex.def)             Requested size: 350.0pt x 124.774pt.
 [127] <./integrator_8hpp__dep__incl.pdf

pdfTeX warning: pdflatex (file ./integrator_8hpp__dep__incl.pdf): PDF inclusion
: multiple pdfs with page group included in a single page
>
<integrator_8hpp__dep__incl.pdf, id=5043, 190.7125pt x 156.585pt>
File: integrator_8hpp__dep__incl.pdf Graphic file (type pdf)
<use integrator_8hpp__dep__incl.pdf>
Package pdftex.def Info: integrator_8hpp__dep__incl.pdf  used on input line 24.

(pdftex.def)             Requested size: 190.0pt x 156.0064pt.
) (./integrator_8hpp_source.tex [128] [129] [130])
(./algebra_2namespace_8hpp.tex) (./algebra_2namespace_8hpp_source.tex)
(./helpers_2namespace_8hpp.tex) (./helpers_2namespace_8hpp_source.tex)
(./io_2namespace_8hpp.tex [131]) (./io_2namespace_8hpp_source.tex)
(./model_2namespace_8hpp.tex) (./model_2namespace_8hpp_source.tex [132])
(./sparsesystem_8hpp.tex <./sparsesystem_8hpp__incl.pdf

pdfTeX warning: pdflatex (file ./sparsesystem_8hpp__incl.pdf): PDF inclusion: m
ultiple pdfs with page group included in a single page
>
<sparsesystem_8hpp__incl.pdf, id=5154, 1105.12875pt x 437.635pt>
File: sparsesystem_8hpp__incl.pdf Graphic file (type pdf)
<use sparsesystem_8hpp__incl.pdf>
Package pdftex.def Info: sparsesystem_8hpp__incl.pdf  used on input line 17.
(pdftex.def)             Requested size: 350.0pt x 138.59698pt.
 <./sparsesystem_8hpp__dep__incl.pdf

pdfTeX warning: pdflatex (file ./sparsesystem_8hpp__dep__incl.pdf): PDF inclusi
on: multiple pdfs with page group included in a single page
>
<sparsesystem_8hpp__dep__incl.pdf, id=5169, 1864.9675pt x 381.425pt>
File: sparsesystem_8hpp__dep__incl.pdf Graphic file (type pdf)
<use sparsesystem_8hpp__dep__incl.pdf>
Package pdftex.def Info: sparsesystem_8hpp__dep__incl.pdf  used on input line 2
5.
(pdftex.def)             Requested size: 350.0pt x 71.58102pt.
 [133]) (./sparsesystem_8hpp_source.tex [134] [135]) (./state_8hpp.tex <./state
_8hpp__dep__incl.pdf

pdfTeX warning: pdflatex (file ./state_8hpp__dep__incl.pdf): PDF inclusion: mul
tiple pdfs with page group included in a single page
>
<state_8hpp__dep__incl.pdf, id=5242, 438.63875pt x 212.795pt>
File: state_8hpp__dep__incl.pdf Graphic file (type pdf)
<use state_8hpp__dep__incl.pdf>
Package pdftex.def Info: state_8hpp__dep__incl.pdf  used on input line 13.
(pdftex.def)             Requested size: 350.0pt x 169.79787pt.
) (./state_8hpp_source.tex [136] [137]) (./debug_8hpp.tex <./debug_8hpp__incl.p
df

pdfTeX warning: pdflatex (file ./debug_8hpp__incl.pdf): PDF inclusion: multiple
 pdfs with page group included in a single page
>
<debug_8hpp__incl.pdf, id=5293, 175.65625pt x 156.585pt>
File: debug_8hpp__incl.pdf Graphic file (type pdf)
<use debug_8hpp__incl.pdf>
Package pdftex.def Info: debug_8hpp__incl.pdf  used on input line 14.
(pdftex.def)             Requested size: 175.0pt x 156.01117pt.
 <./debug_8hpp__dep__incl.pdf

pdfTeX warning: pdflatex (file ./debug_8hpp__dep__incl.pdf): PDF inclusion: mul
tiple pdfs with page group included in a single page
>
<debug_8hpp__dep__incl.pdf, id=5301, 215.80624pt x 212.795pt>
File: debug_8hpp__dep__incl.pdf Graphic file (type pdf)
<use debug_8hpp__dep__incl.pdf>
Package pdftex.def Info: debug_8hpp__dep__incl.pdf  used on input line 22.
(pdftex.def)             Requested size: 215.0pt x 212.00543pt.
 [138]) (./debug_8hpp_source.tex) (./endswith_8hpp.tex <./endswith_8hpp__incl.p
df>
<endswith_8hpp__incl.pdf, id=5328, 188.705pt x 156.585pt>
File: endswith_8hpp__incl.pdf Graphic file (type pdf)
<use endswith_8hpp__incl.pdf>
Package pdftex.def Info: endswith_8hpp__incl.pdf  used on input line 14.
(pdftex.def)             Requested size: 188.0pt x 155.99922pt.
 <./endswith_8hpp__dep__incl.pdf

pdfTeX warning: pdflatex (file ./endswith_8hpp__dep__incl.pdf): PDF inclusion: 
multiple pdfs with page group included in a single page
>
<endswith_8hpp__dep__incl.pdf, id=5336, 188.705pt x 156.585pt>
File: endswith_8hpp__dep__incl.pdf Graphic file (type pdf)
<use endswith_8hpp__dep__incl.pdf>
Package pdftex.def Info: endswith_8hpp__dep__incl.pdf  used on input line 22.
(pdftex.def)             Requested size: 188.0pt x 155.99922pt.
 [139]) (./endswith_8hpp_source.tex) (./startswith_8hpp.tex [140] <./startswith
_8hpp__incl.pdf>
<startswith_8hpp__incl.pdf, id=5369, 192.72pt x 156.585pt>
File: startswith_8hpp__incl.pdf Graphic file (type pdf)
<use startswith_8hpp__incl.pdf>
Package pdftex.def Info: startswith_8hpp__incl.pdf  used on input line 14.
(pdftex.def)             Requested size: 192.0pt x 155.99922pt.
 <./startswith_8hpp__dep__incl.pdf

pdfTeX warning: pdflatex (file ./startswith_8hpp__dep__incl.pdf): PDF inclusion
: multiple pdfs with page group included in a single page
>
<startswith_8hpp__dep__incl.pdf, id=5377, 388.45125pt x 212.795pt>
File: startswith_8hpp__dep__incl.pdf Graphic file (type pdf)
<use startswith_8hpp__dep__incl.pdf>
Package pdftex.def Info: startswith_8hpp__dep__incl.pdf  used on input line 22.

(pdftex.def)             Requested size: 350.0pt x 191.73451pt.
) (./startswith_8hpp_source.tex [141]) (./configreader_8hpp.tex <./configreader
_8hpp__incl.pdf>
<configreader_8hpp__incl.pdf, id=5409, 1433.355pt x 437.635pt>
File: configreader_8hpp__incl.pdf Graphic file (type pdf)
<use configreader_8hpp__incl.pdf>
Package pdftex.def Info: configreader_8hpp__incl.pdf  used on input line 20.
(pdftex.def)             Requested size: 350.0pt x 106.85757pt.
 <./configreader_8hpp__dep__incl.pdf

pdfTeX warning: pdflatex (file ./configreader_8hpp__dep__incl.pdf): PDF inclusi
on: multiple pdfs with page group included in a single page
>
<configreader_8hpp__dep__incl.pdf, id=5424, 178.6675pt x 156.585pt>
File: configreader_8hpp__dep__incl.pdf Graphic file (type pdf)
<use configreader_8hpp__dep__incl.pdf>
Package pdftex.def Info: configreader_8hpp__dep__incl.pdf  used on input line 2
8.
(pdftex.def)             Requested size: 178.0pt x 156.00879pt.
 [142]) (./configreader_8hpp_source.tex [143] [144] [145] [146] [147] [148]
[149]) (./csvwriter_8hpp.tex <./csvwriter_8hpp__incl.pdf

pdfTeX warning: pdflatex (file ./csvwriter_8hpp__incl.pdf): PDF inclusion: mult
iple pdfs with page group included in a single page
>
<csvwriter_8hpp__incl.pdf, id=5552, 1489.565pt x 437.635pt>
File: csvwriter_8hpp__incl.pdf Graphic file (type pdf)
<use csvwriter_8hpp__incl.pdf>
Package pdftex.def Info: csvwriter_8hpp__incl.pdf  used on input line 19.
(pdftex.def)             Requested size: 350.0pt x 102.83087pt.
 [150] <./csvwriter_8hpp__dep__incl.pdf

pdfTeX warning: pdflatex (file ./csvwriter_8hpp__dep__incl.pdf): PDF inclusion:
 multiple pdfs with page group included in a single page
>
<csvwriter_8hpp__dep__incl.pdf, id=5571, 165.61874pt x 156.585pt>
File: csvwriter_8hpp__dep__incl.pdf Graphic file (type pdf)
<use csvwriter_8hpp__dep__incl.pdf>
Package pdftex.def Info: csvwriter_8hpp__dep__incl.pdf  used on input line 27.
(pdftex.def)             Requested size: 165.0pt x 156.0064pt.

Underfull \hbox (badness 1102) in paragraph at lines 38--39
\T1/phv/m/n/10 std[]::string [] (std[]::vector$\OML/cmm/m/it/10 <$ \T1/phv/m/n/
10 T $\OML/cmm/m/it/10 >$ \T1/phv/m/n/10 &times, std[]::vector$\OML/cmm/m/it/10
 <$ []$<$ \T1/phv/m/n/10 T $\OML/cmm/m/it/10 >$ $>$ \T1/phv/m/n/10 &states,
 []

) (./csvwriter_8hpp_source.tex [151] [152]) (./jsonwriter_8hpp.tex <./jsonwrite
r_8hpp__incl.pdf

pdfTeX warning: pdflatex (file ./jsonwriter_8hpp__incl.pdf): PDF inclusion: mul
tiple pdfs with page group included in a single page
>
<jsonwriter_8hpp__incl.pdf, id=5608, 1470.49374pt x 437.635pt>
File: jsonwriter_8hpp__incl.pdf Graphic file (type pdf)
<use jsonwriter_8hpp__incl.pdf>
Package pdftex.def Info: jsonwriter_8hpp__incl.pdf  used on input line 18.
(pdftex.def)             Requested size: 350.0pt x 104.15974pt.
 <./jsonwriter_8hpp__dep__incl.pdf

pdfTeX warning: pdflatex (file ./jsonwriter_8hpp__dep__incl.pdf): PDF inclusion
: multiple pdfs with page group included in a single page
>
<jsonwriter_8hpp__dep__incl.pdf, id=5623, 167.62625pt x 156.585pt>
File: jsonwriter_8hpp__dep__incl.pdf Graphic file (type pdf)
<use jsonwriter_8hpp__dep__incl.pdf>
Package pdftex.def Info: jsonwriter_8hpp__dep__incl.pdf  used on input line 26.

(pdftex.def)             Requested size: 167.0pt x 155.99922pt.

Underfull \hbox (badness 853) in paragraph at lines 37--38
\T1/phv/m/n/10 std[]::string [] (std[]::vector$\OML/cmm/m/it/10 <$ \T1/phv/m/n/
10 T $\OML/cmm/m/it/10 >$ \T1/phv/m/n/10 &times, std[]::vector$\OML/cmm/m/it/10
 <$ []$<$ \T1/phv/m/n/10 T $\OML/cmm/m/it/10 >$ $>$ \T1/phv/m/n/10 &states,
 []

[153]) (./jsonwriter_8hpp_source.tex [154]) (./main_8cpp.tex <./main_8cpp__incl
.pdf

pdfTeX warning: pdflatex (file ./main_8cpp__incl.pdf): PDF inclusion: multiple 
pdfs with page group included in a single page
>
<main_8cpp__incl.pdf, id=5658, 1836.8625pt x 493.845pt>
File: main_8cpp__incl.pdf Graphic file (type pdf)
<use main_8cpp__incl.pdf>
Package pdftex.def Info: main_8cpp__incl.pdf  used on input line 23.
(pdftex.def)             Requested size: 350.0pt x 94.09526pt.
 [155]
Underfull \hbox (badness 10000) detected at line 76
[][][]
 []

) (./main_8hpp.tex) (./main_8hpp_source.tex [156] [157] [158])
(./block_8hpp.tex <./block_8hpp__incl.pdf

pdfTeX warning: pdflatex (file ./block_8hpp__incl.pdf): PDF inclusion: multiple
 pdfs with page group included in a single page
>
<block_8hpp__incl.pdf, id=5709, 1335.99126pt x 437.635pt>
File: block_8hpp__incl.pdf Graphic file (type pdf)
<use block_8hpp__incl.pdf>
Package pdftex.def Info: block_8hpp__incl.pdf  used on input line 19.
(pdftex.def)             Requested size: 350.0pt x 114.65051pt.
 <./block_8hpp__dep__incl.pdf

pdfTeX warning: pdflatex (file ./block_8hpp__dep__incl.pdf): PDF inclusion: mul
tiple pdfs with page group included in a single page
>
<block_8hpp__dep__incl.pdf, id=5724, 1773.62625pt x 325.215pt>
File: block_8hpp__dep__incl.pdf Graphic file (type pdf)
<use block_8hpp__dep__incl.pdf>
Package pdftex.def Info: block_8hpp__dep__incl.pdf  used on input line 27.
(pdftex.def)             Requested size: 350.0pt x 64.17343pt.
) (./block_8hpp_source.tex [159] [160] [161] [162]) (./bloodvessel_8hpp.tex <./
bloodvessel_8hpp__incl.pdf

pdfTeX warning: pdflatex (file ./bloodvessel_8hpp__incl.pdf): PDF inclusion: mu
ltiple pdfs with page group included in a single page
>
<bloodvessel_8hpp__incl.pdf, id=5826, 1235.61626pt x 493.845pt>
File: bloodvessel_8hpp__incl.pdf Graphic file (type pdf)
<use bloodvessel_8hpp__incl.pdf>
Package pdftex.def Info: bloodvessel_8hpp__incl.pdf  used on input line 17.
(pdftex.def)             Requested size: 350.0pt x 139.88823pt.
 <./bloodvessel_8hpp__dep__incl.pdf

pdfTeX warning: pdflatex (file ./bloodvessel_8hpp__dep__incl.pdf): PDF inclusio
n: multiple pdfs with page group included in a single page
>
<bloodvessel_8hpp__dep__incl.pdf, id=5841, 1578.89874pt x 325.215pt>
File: bloodvessel_8hpp__dep__incl.pdf Graphic file (type pdf)
<use bloodvessel_8hpp__dep__incl.pdf>
Package pdftex.def Info: bloodvessel_8hpp__dep__incl.pdf  used on input line 25
.
(pdftex.def)             Requested size: 350.0pt x 72.08841pt.
 [163]) (./bloodvessel_8hpp_source.tex [164] [165] [166])
(./closedloopcoronarybc_8hpp_source.tex [167] [168] [169])
(./closedloopheartpulmonary_8hpp.tex <./closedloopheartpulmonary_8hpp__incl.pdf


pdfTeX warning: pdflatex (file ./closedloopheartpulmonary_8hpp__incl.pdf): PDF 
inclusion: multiple pdfs with page group included in a single page
>
<closedloopheartpulmonary_8hpp__incl.pdf, id=6047, 1292.83pt x 493.845pt>
File: closedloopheartpulmonary_8hpp__incl.pdf Graphic file (type pdf)
<use closedloopheartpulmonary_8hpp__incl.pdf>
Package pdftex.def Info: closedloopheartpulmonary_8hpp__incl.pdf  used on input
 line 17.
(pdftex.def)             Requested size: 350.0pt x 133.69409pt.
 [170]) (./closedloopheartpulmonary_8hpp_source.tex [171] [172] [173] [174]
[175] [176]) (./closedloop_r_c_rbc_8hpp_source.tex [177] [178] [179])
(./dofhandler_8hpp.tex <./dofhandler_8hpp__incl.pdf

pdfTeX warning: pdflatex (file ./dofhandler_8hpp__incl.pdf): PDF inclusion: mul
tiple pdfs with page group included in a single page
>
<dofhandler_8hpp__incl.pdf, id=6271, 189.70876pt x 156.585pt>
File: dofhandler_8hpp__incl.pdf Graphic file (type pdf)
<use dofhandler_8hpp__incl.pdf>
Package pdftex.def Info: dofhandler_8hpp__incl.pdf  used on input line 15.
(pdftex.def)             Requested size: 189.0pt x 156.004pt.
 <./dofhandler_8hpp__dep__incl.pdf

pdfTeX warning: pdflatex (file ./dofhandler_8hpp__dep__incl.pdf): PDF inclusion
: multiple pdfs with page group included in a single page
>
<dofhandler_8hpp__dep__incl.pdf, id=6279, 1836.8625pt x 437.635pt>
File: dofhandler_8hpp__dep__incl.pdf Graphic file (type pdf)
<use dofhandler_8hpp__dep__incl.pdf>
Package pdftex.def Info: dofhandler_8hpp__dep__incl.pdf  used on input line 23.

(pdftex.def)             Requested size: 350.0pt x 83.38522pt.
 [180]) (./dofhandler_8hpp_source.tex [181]) (./flowreferencebc_8hpp.tex <./flo
wreferencebc_8hpp__incl.pdf>
<flowreferencebc_8hpp__incl.pdf, id=6329, 1112.155pt x 493.845pt>
File: flowreferencebc_8hpp__incl.pdf Graphic file (type pdf)
<use flowreferencebc_8hpp__incl.pdf>
Package pdftex.def Info: flowreferencebc_8hpp__incl.pdf  used on input line 17.

(pdftex.def)             Requested size: 350.0pt x 155.41881pt.
 <./flowreferencebc_8hpp__dep__incl.pdf

pdfTeX warning: pdflatex (file ./flowreferencebc_8hpp__dep__incl.pdf): PDF incl
usion: multiple pdfs with page group included in a single page
>
<flowreferencebc_8hpp__dep__incl.pdf, id=6344, 1551.7975pt x 325.215pt>
File: flowreferencebc_8hpp__dep__incl.pdf Graphic file (type pdf)
<use flowreferencebc_8hpp__dep__incl.pdf>
Package pdftex.def Info: flowreferencebc_8hpp__dep__incl.pdf  used on input lin
e 25.
(pdftex.def)             Requested size: 350.0pt x 73.34886pt.
 [182]) (./flowreferencebc_8hpp_source.tex [183] [184]) (./junction_8hpp.tex <.
/junction_8hpp__incl.pdf

pdfTeX warning: pdflatex (file ./junction_8hpp__incl.pdf): PDF inclusion: multi
ple pdfs with page group included in a single page
>
<junction_8hpp__incl.pdf, id=6434, 1161.33875pt x 493.845pt>
File: junction_8hpp__incl.pdf Graphic file (type pdf)
<use junction_8hpp__incl.pdf>
Package pdftex.def Info: junction_8hpp__incl.pdf  used on input line 16.
(pdftex.def)             Requested size: 350.0pt x 148.83282pt.
 [185] <./junction_8hpp__dep__incl.pdf

pdfTeX warning: pdflatex (file ./junction_8hpp__dep__incl.pdf): PDF inclusion: 
multiple pdfs with page group included in a single page
>
<junction_8hpp__dep__incl.pdf, id=6454, 1550.79375pt x 325.215pt>
File: junction_8hpp__dep__incl.pdf Graphic file (type pdf)
<use junction_8hpp__dep__incl.pdf>
Package pdftex.def Info: junction_8hpp__dep__incl.pdf  used on input line 24.
(pdftex.def)             Requested size: 350.0pt x 73.39352pt.
) (./junction_8hpp_source.tex [186] [187] [188]) (./model_8hpp.tex <./model_8hp
p__incl.pdf

pdfTeX warning: pdflatex (file ./model_8hpp__incl.pdf): PDF inclusion: multiple
 pdfs with page group included in a single page
>
<model_8hpp__incl.pdf, id=6532, 1186.4325pt x 381.425pt>
File: model_8hpp__incl.pdf Graphic file (type pdf)
<use model_8hpp__incl.pdf>
Package pdftex.def Info: model_8hpp__incl.pdf  used on input line 27.
(pdftex.def)             Requested size: 350.0pt x 112.5194pt.
 <./model_8hpp__dep__incl.pdf

pdfTeX warning: pdflatex (file ./model_8hpp__dep__incl.pdf): PDF inclusion: mul
tiple pdfs with page group included in a single page
>
<model_8hpp__dep__incl.pdf, id=6547, 1740.5025pt x 269.005pt>
File: model_8hpp__dep__incl.pdf Graphic file (type pdf)
<use model_8hpp__dep__incl.pdf>
Package pdftex.def Info: model_8hpp__dep__incl.pdf  used on input line 35.
(pdftex.def)             Requested size: 350.0pt x 54.09148pt.
 [189]) (./model_8hpp_source.tex [190] [191]) (./node_8hpp.tex [192] <./node_8h
pp__incl.pdf

pdfTeX warning: pdflatex (file ./node_8hpp__incl.pdf): PDF inclusion: multiple 
pdfs with page group included in a single page
>
<node_8hpp__incl.pdf, id=6662, 205.76875pt x 212.795pt>
File: node_8hpp__incl.pdf Graphic file (type pdf)
<use node_8hpp__incl.pdf>
Package pdftex.def Info: node_8hpp__incl.pdf  used on input line 15.
(pdftex.def)             Requested size: 205.0pt x 212.0022pt.
 <./node_8hpp__dep__incl.pdf

pdfTeX warning: pdflatex (file ./node_8hpp__dep__incl.pdf): PDF inclusion: mult
iple pdfs with page group included in a single page
>
<node_8hpp__dep__incl.pdf, id=6670, 1745.52126pt x 381.425pt>
File: node_8hpp__dep__incl.pdf Graphic file (type pdf)
<use node_8hpp__dep__incl.pdf>
Package pdftex.def Info: node_8hpp__dep__incl.pdf  used on input line 23.
(pdftex.def)             Requested size: 350.0pt x 76.47571pt.
) (./node_8hpp_source.tex [193]) (./openloopcoronarybc_8hpp.tex <./openloopcoro
narybc_8hpp__incl.pdf>
<openloopcoronarybc_8hpp__incl.pdf, id=6724, 1082.0425pt x 493.845pt>
File: openloopcoronarybc_8hpp__incl.pdf Graphic file (type pdf)
<use openloopcoronarybc_8hpp__incl.pdf>
Package pdftex.def Info: openloopcoronarybc_8hpp__incl.pdf  used on input line 
17.
(pdftex.def)             Requested size: 350.0pt x 159.73663pt.
 [194] <./openloopcoronarybc_8hpp__dep__incl.pdf

pdfTeX warning: pdflatex (file ./openloopcoronarybc_8hpp__dep__incl.pdf): PDF i
nclusion: multiple pdfs with page group included in a single page
>
<openloopcoronarybc_8hpp__dep__incl.pdf, id=6744, 1551.7975pt x 325.215pt>
File: openloopcoronarybc_8hpp__dep__incl.pdf Graphic file (type pdf)
<use openloopcoronarybc_8hpp__dep__incl.pdf>
Package pdftex.def Info: openloopcoronarybc_8hpp__dep__incl.pdf  used on input 
line 25.
(pdftex.def)             Requested size: 350.0pt x 73.34886pt.


Package natbib Warning: Citation `kim_coronary' on page 195 undefined on input 
line 32.

) (./openloopcoronarybc_8hpp_source.tex [195] [196] [197] [198])
(./pressurereferencebc_8hpp.tex <./pressurereferencebc_8hpp__incl.pdf

pdfTeX warning: pdflatex (file ./pressurereferencebc_8hpp__incl.pdf): PDF inclu
sion: multiple pdfs with page group included in a single page
>
<pressurereferencebc_8hpp__incl.pdf, id=6872, 1080.035pt x 493.845pt>
File: pressurereferencebc_8hpp__incl.pdf Graphic file (type pdf)
<use pressurereferencebc_8hpp__incl.pdf>
Package pdftex.def Info: pressurereferencebc_8hpp__incl.pdf  used on input line
 17.
(pdftex.def)             Requested size: 350.0pt x 160.03052pt.
 [199] <./pressurereferencebc_8hpp__dep__incl.pdf

pdfTeX warning: pdflatex (file ./pressurereferencebc_8hpp__dep__incl.pdf): PDF 
inclusion: multiple pdfs with page group included in a single page
>
<pressurereferencebc_8hpp__dep__incl.pdf, id=6891, 1550.79375pt x 325.215pt>
File: pressurereferencebc_8hpp__dep__incl.pdf Graphic file (type pdf)
<use pressurereferencebc_8hpp__dep__incl.pdf>
Package pdftex.def Info: pressurereferencebc_8hpp__dep__incl.pdf  used on input
 line 25.
(pdftex.def)             Requested size: 350.0pt x 73.39352pt.
) (./pressurereferencebc_8hpp_source.tex [200] [201] [202])
(./resistancebc_8hpp.tex <./resistancebc_8hpp__incl.pdf

pdfTeX warning: pdflatex (file ./resistancebc_8hpp__incl.pdf): PDF inclusion: m
ultiple pdfs with page group included in a single page
>
<resistancebc_8hpp__incl.pdf, id=6980, 1107.13625pt x 493.845pt>
File: resistancebc_8hpp__incl.pdf Graphic file (type pdf)
<use resistancebc_8hpp__incl.pdf>
Package pdftex.def Info: resistancebc_8hpp__incl.pdf  used on input line 17.
(pdftex.def)             Requested size: 350.0pt x 156.11961pt.
 <./resistancebc_8hpp__dep__incl.pdf

pdfTeX warning: pdflatex (file ./resistancebc_8hpp__dep__incl.pdf): PDF inclusi
on: multiple pdfs with page group included in a single page
>
<resistancebc_8hpp__dep__incl.pdf, id=6995, 1569.865pt x 325.215pt>
File: resistancebc_8hpp__dep__incl.pdf Graphic file (type pdf)
<use resistancebc_8hpp__dep__incl.pdf>
Package pdftex.def Info: resistancebc_8hpp__dep__incl.pdf  used on input line 2
5.
(pdftex.def)             Requested size: 350.0pt x 72.50525pt.
 [203]) (./resistancebc_8hpp_source.tex [204] [205])
(./timedependentparameter_8hpp.tex <./timedependentparameter_8hpp__incl.pdf

pdfTeX warning: pdflatex (file ./timedependentparameter_8hpp__incl.pdf): PDF in
clusion: multiple pdfs with page group included in a single page
>
<timedependentparameter_8hpp__incl.pdf, id=7092, 333.245pt x 212.795pt>
File: timedependentparameter_8hpp__incl.pdf Graphic file (type pdf)
<use timedependentparameter_8hpp__incl.pdf>
Package pdftex.def Info: timedependentparameter_8hpp__incl.pdf  used on input l
ine 17.
(pdftex.def)             Requested size: 332.0pt x 212.01518pt.
 [206] <./timedependentparameter_8hpp__dep__incl.pdf

pdfTeX warning: pdflatex (file ./timedependentparameter_8hpp__dep__incl.pdf): P
DF inclusion: multiple pdfs with page group included in a single page
>
<timedependentparameter_8hpp__dep__incl.pdf, id=7104, 1724.4425pt x 381.425pt>
File: timedependentparameter_8hpp__dep__incl.pdf Graphic file (type pdf)
<use timedependentparameter_8hpp__dep__incl.pdf>
Package pdftex.def Info: timedependentparameter_8hpp__dep__incl.pdf  used on in
put line 25.
(pdftex.def)             Requested size: 350.0pt x 77.41273pt.
) (./timedependentparameter_8hpp_source.tex [207] [208])
(./windkesselbc_8hpp.tex <./windkesselbc_8hpp__incl.pdf

pdfTeX warning: pdflatex (file ./windkesselbc_8hpp__incl.pdf): PDF inclusion: m
ultiple pdfs with page group included in a single page
>
<windkesselbc_8hpp__incl.pdf, id=7158, 1170.3725pt x 493.845pt>
File: windkesselbc_8hpp__incl.pdf Graphic file (type pdf)
<use windkesselbc_8hpp__incl.pdf>
Package pdftex.def Info: windkesselbc_8hpp__incl.pdf  used on input line 16.
(pdftex.def)             Requested size: 350.0pt x 147.68744pt.
 <./windkesselbc_8hpp__dep__incl.pdf

pdfTeX warning: pdflatex (file ./windkesselbc_8hpp__dep__incl.pdf): PDF inclusi
on: multiple pdfs with page group included in a single page
>
<windkesselbc_8hpp__dep__incl.pdf, id=7173, 1565.85pt x 325.215pt>
File: windkesselbc_8hpp__dep__incl.pdf Graphic file (type pdf)
<use windkesselbc_8hpp__dep__incl.pdf>
Package pdftex.def Info: windkesselbc_8hpp__dep__incl.pdf  used on input line 2
4.
(pdftex.def)             Requested size: 350.0pt x 72.68886pt.
 [209]) (./windkesselbc_8hpp_source.tex [210] [211] [212]) [213] (./refman.bbl
No file refman.brf.
\tf@brf=\write8
\openout8 = `refman.brf'.

[214

]

! LaTeX Error: Unicode character  (U+03B1)
               not set up for use with LaTeX.

See the LaTeX manual or LaTeX Companion for explanation.
Type  H <return>  for immediate help.
 ...                                              
                                                  
l.9 
    
? 
! Emergency stop.
 ...                                              
                                                  
l.9 
    
You may provide a definition with
\DeclareUnicodeCharacter 

 
Here is how much of TeX's memory you used:
 46906 strings out of 478238
 1088094 string characters out of 5850421
 1616602 words of memory out of 5000000
 62871 multiletter control sequences out of 15000+600000
 538262 words of font info for 117 fonts, out of 8000000 for 9000
 1141 hyphenation exceptions out of 8191
 99i,16n,117p,1094b,879s stack positions out of 10000i,1000n,20000p,200000b,200000s
!  ==> Fatal error occurred, no output PDF file produced!
